<?xml version="1.0" encoding="utf-8"?>
<TestRun id="27e3a1ce-b169-404f-a02e-86d36dd0856f" name="@Charless-MacBook-Pro 2025-08-23 00:26:36" xmlns="http://microsoft.com/schemas/VisualStudio/TeamTest/2010">
  <Times creation="2025-08-23T00:26:36.1264080-04:00" queuing="2025-08-23T00:26:36.1264080-04:00" start="2025-08-23T00:26:35.7062030-04:00" finish="2025-08-23T00:26:36.1612480-04:00" />
  <TestSettings name="default" id="8c570a9f-0f90-4acc-b2f0-37b7cd0d124a">
    <Deployment runDeploymentRoot="_Charless-MacBook-Pro_2025-08-23_00_26_36" />
  </TestSettings>
  <Results>
    <UnitTestResult executionId="13a3bd0b-aaaf-4e75-bd58-f897eb9e7f3f" testId="091ee3d7-c6d7-f7e9-9296-437f6ac899f6" testName="AIEngineTests.Tests.ParsingTests.Should_Parse_Budget_Ranges(budgetPhrase: &quot;between 15 and 30&quot;, expectedMin: 15, expectedMax: 30)" computerName="Charless-MacBook-Pro" duration="00:00:00.0014761" startTime="2025-08-23T00:26:36.1107910-04:00" endTime="2025-08-23T00:26:36.1107910-04:00" testType="13cdc9d9-ddb5-4fa4-a97d-d965ccfc6d4b" outcome="Failed" testListId="8c84fa94-04c1-424b-9868-57a2d4851a1d" relativeResultsDirectory="13a3bd0b-aaaf-4e75-bd58-f897eb9e7f3f">
      <Output>
        <ErrorInfo>
          <Message>System.Net.Http.HttpRequestException : Connection refused (localhost:8080)
---- System.Net.Sockets.SocketException : Connection refused</Message>
          <StackTrace>   at System.Net.Http.HttpConnectionPool.ConnectToTcpHostAsync(String host, Int32 port, HttpRequestMessage initialRequest, Boolean async, CancellationToken cancellationToken)
   at System.Net.Http.HttpConnectionPool.ConnectAsync(HttpRequestMessage request, Boolean async, CancellationToken cancellationToken)
   at System.Net.Http.HttpConnectionPool.CreateHttp11ConnectionAsync(HttpRequestMessage request, Boolean async, CancellationToken cancellationToken)
   at System.Net.Http.HttpConnectionPool.InjectNewHttp11ConnectionAsync(QueueItem queueItem)
   at System.Threading.Tasks.TaskCompletionSourceWithCancellation`1.WaitWithCancellationAsync(CancellationToken cancellationToken)
   at System.Net.Http.HttpConnectionPool.SendWithVersionDetectionAndRetryAsync(HttpRequestMessage request, Boolean async, Boolean doRequestAuth, CancellationToken cancellationToken)
   at System.Net.Http.RedirectHandler.SendAsync(HttpRequestMessage request, Boolean async, CancellationToken cancellationToken)
   at System.Net.Http.HttpClient.&lt;SendAsync&gt;g__Core|83_0(HttpRequestMessage request, HttpCompletionOption completionOption, CancellationTokenSource cts, Boolean disposeCts, CancellationTokenSource pendingRequestsCts, CancellationToken originalCancellationToken)
   at AIEngineTests.Helpers.AIEngineApiClient.VerifyAgeAsync(AgeVerificationRequest request) in /Users/charrcy/projects/WeedGo/microservices/ai-engine-service/tests/WeedGo.AIEngine.Tests/AIEngineTests/AIEngineTests/Helpers/AIEngineApiClient.cs:line 44
   at AIEngineTests.Tests.ParsingTests.VerifyUser(String customerId) in /Users/charrcy/projects/WeedGo/microservices/ai-engine-service/tests/WeedGo.AIEngine.Tests/AIEngineTests/AIEngineTests/Tests/ParsingTests.cs:line 185
   at AIEngineTests.Tests.ParsingTests.Should_Parse_Budget_Ranges(String budgetPhrase, Decimal expectedMin, Decimal expectedMax) in /Users/charrcy/projects/WeedGo/microservices/ai-engine-service/tests/WeedGo.AIEngine.Tests/AIEngineTests/AIEngineTests/Tests/ParsingTests.cs:line 57
--- End of stack trace from previous location ---
----- Inner Stack Trace -----
   at System.Net.Sockets.Socket.AwaitableSocketAsyncEventArgs.ThrowException(SocketError error, CancellationToken cancellationToken)
   at System.Net.Sockets.Socket.AwaitableSocketAsyncEventArgs.System.Threading.Tasks.Sources.IValueTaskSource.GetResult(Int16 token)
   at System.Net.Sockets.Socket.&lt;ConnectAsync&gt;g__WaitForConnectWithCancellation|285_0(AwaitableSocketAsyncEventArgs saea, ValueTask connectTask, CancellationToken cancellationToken)
   at System.Net.Http.HttpConnectionPool.ConnectToTcpHostAsync(String host, Int32 port, HttpRequestMessage initialRequest, Boolean async, CancellationToken cancellationToken)</StackTrace>
        </ErrorInfo>
      </Output>
    </UnitTestResult>
    <UnitTestResult executionId="9ae9b019-cfb5-4bd3-b837-294d9edb80c9" testId="85d394b1-2011-1553-19ea-3e32de693a1a" testName="AIEngineTests.Tests.ConversationFlowTests.Should_Not_Get_Stuck_In_Qualification_Loop" computerName="Charless-MacBook-Pro" duration="00:00:00.0877102" startTime="2025-08-23T00:26:36.0930870-04:00" endTime="2025-08-23T00:26:36.0930870-04:00" testType="13cdc9d9-ddb5-4fa4-a97d-d965ccfc6d4b" outcome="Failed" testListId="8c84fa94-04c1-424b-9868-57a2d4851a1d" relativeResultsDirectory="9ae9b019-cfb5-4bd3-b837-294d9edb80c9">
      <Output>
        <ErrorInfo>
          <Message>System.Net.Http.HttpRequestException : An error occurred while sending the request.
---- System.Net.Http.HttpIOException : The response ended prematurely. (ResponseEnded)</Message>
          <StackTrace>   at System.Net.Http.HttpConnection.SendAsync(HttpRequestMessage request, Boolean async, CancellationToken cancellationToken)
   at System.Net.Http.HttpConnectionPool.SendWithVersionDetectionAndRetryAsync(HttpRequestMessage request, Boolean async, Boolean doRequestAuth, CancellationToken cancellationToken)
   at System.Net.Http.RedirectHandler.SendAsync(HttpRequestMessage request, Boolean async, CancellationToken cancellationToken)
   at System.Net.Http.HttpClient.&lt;SendAsync&gt;g__Core|83_0(HttpRequestMessage request, HttpCompletionOption completionOption, CancellationTokenSource cts, Boolean disposeCts, CancellationTokenSource pendingRequestsCts, CancellationToken originalCancellationToken)
   at AIEngineTests.Helpers.AIEngineApiClient.SendChatMessageAsync(ChatRequest request) in /Users/charrcy/projects/WeedGo/microservices/ai-engine-service/tests/WeedGo.AIEngine.Tests/AIEngineTests/AIEngineTests/Helpers/AIEngineApiClient.cs:line 27
   at AIEngineTests.Tests.ConversationFlowTests.Should_Not_Get_Stuck_In_Qualification_Loop() in /Users/charrcy/projects/WeedGo/microservices/ai-engine-service/tests/WeedGo.AIEngine.Tests/AIEngineTests/AIEngineTests/Tests/ConversationFlowTests.cs:line 46
--- End of stack trace from previous location ---
----- Inner Stack Trace -----
   at System.Net.Http.HttpConnection.SendAsync(HttpRequestMessage request, Boolean async, CancellationToken cancellationToken)</StackTrace>
        </ErrorInfo>
      </Output>
    </UnitTestResult>
    <UnitTestResult executionId="4179650d-e714-45a9-8218-bd785127a2d0" testId="3826d562-1a91-cc77-e34b-f8d5c904d1fd" testName="AIEngineTests.Tests.ParsingTests.Should_Parse_Product_Types(productType: &quot;joints&quot;, expectedKeywords: [&quot;joint&quot;, &quot;pre-roll&quot;])" computerName="Charless-MacBook-Pro" duration="00:00:00.0009317" startTime="2025-08-23T00:26:36.1190390-04:00" endTime="2025-08-23T00:26:36.1190390-04:00" testType="13cdc9d9-ddb5-4fa4-a97d-d965ccfc6d4b" outcome="Failed" testListId="8c84fa94-04c1-424b-9868-57a2d4851a1d" relativeResultsDirectory="4179650d-e714-45a9-8218-bd785127a2d0">
      <Output>
        <ErrorInfo>
          <Message>System.Net.Http.HttpRequestException : Connection refused (localhost:8080)
---- System.Net.Sockets.SocketException : Connection refused</Message>
          <StackTrace>   at System.Net.Http.HttpConnectionPool.ConnectToTcpHostAsync(String host, Int32 port, HttpRequestMessage initialRequest, Boolean async, CancellationToken cancellationToken)
   at System.Net.Http.HttpConnectionPool.ConnectAsync(HttpRequestMessage request, Boolean async, CancellationToken cancellationToken)
   at System.Net.Http.HttpConnectionPool.CreateHttp11ConnectionAsync(HttpRequestMessage request, Boolean async, CancellationToken cancellationToken)
   at System.Net.Http.HttpConnectionPool.InjectNewHttp11ConnectionAsync(QueueItem queueItem)
   at System.Threading.Tasks.TaskCompletionSourceWithCancellation`1.WaitWithCancellationAsync(CancellationToken cancellationToken)
   at System.Net.Http.HttpConnectionPool.SendWithVersionDetectionAndRetryAsync(HttpRequestMessage request, Boolean async, Boolean doRequestAuth, CancellationToken cancellationToken)
   at System.Net.Http.RedirectHandler.SendAsync(HttpRequestMessage request, Boolean async, CancellationToken cancellationToken)
   at System.Net.Http.HttpClient.&lt;SendAsync&gt;g__Core|83_0(HttpRequestMessage request, HttpCompletionOption completionOption, CancellationTokenSource cts, Boolean disposeCts, CancellationTokenSource pendingRequestsCts, CancellationToken originalCancellationToken)
   at AIEngineTests.Helpers.AIEngineApiClient.VerifyAgeAsync(AgeVerificationRequest request) in /Users/charrcy/projects/WeedGo/microservices/ai-engine-service/tests/WeedGo.AIEngine.Tests/AIEngineTests/AIEngineTests/Helpers/AIEngineApiClient.cs:line 44
   at AIEngineTests.Tests.ParsingTests.VerifyUser(String customerId) in /Users/charrcy/projects/WeedGo/microservices/ai-engine-service/tests/WeedGo.AIEngine.Tests/AIEngineTests/AIEngineTests/Tests/ParsingTests.cs:line 185
   at AIEngineTests.Tests.ParsingTests.Should_Parse_Product_Types(String productType, String[] expectedKeywords) in /Users/charrcy/projects/WeedGo/microservices/ai-engine-service/tests/WeedGo.AIEngine.Tests/AIEngineTests/AIEngineTests/Tests/ParsingTests.cs:line 123
--- End of stack trace from previous location ---
----- Inner Stack Trace -----
   at System.Net.Sockets.Socket.AwaitableSocketAsyncEventArgs.ThrowException(SocketError error, CancellationToken cancellationToken)
   at System.Net.Sockets.Socket.AwaitableSocketAsyncEventArgs.System.Threading.Tasks.Sources.IValueTaskSource.GetResult(Int16 token)
   at System.Net.Sockets.Socket.&lt;ConnectAsync&gt;g__WaitForConnectWithCancellation|285_0(AwaitableSocketAsyncEventArgs saea, ValueTask connectTask, CancellationToken cancellationToken)
   at System.Net.Http.HttpConnectionPool.ConnectToTcpHostAsync(String host, Int32 port, HttpRequestMessage initialRequest, Boolean async, CancellationToken cancellationToken)</StackTrace>
        </ErrorInfo>
      </Output>
    </UnitTestResult>
    <UnitTestResult executionId="6a90df60-d272-4fe0-aeac-65790ec92f44" testId="c593d7c5-1d6c-41ea-9870-2e5fb6a4f0f4" testName="AIEngineTests.Tests.ParsingTests.Should_Parse_Single_Budget_Values(budgetPhrase: &quot;less than 20 dollars&quot;, expectedMax: 20)" computerName="Charless-MacBook-Pro" duration="00:00:00.0007670" startTime="2025-08-23T00:26:36.1271810-04:00" endTime="2025-08-23T00:26:36.1271810-04:00" testType="13cdc9d9-ddb5-4fa4-a97d-d965ccfc6d4b" outcome="Failed" testListId="8c84fa94-04c1-424b-9868-57a2d4851a1d" relativeResultsDirectory="6a90df60-d272-4fe0-aeac-65790ec92f44">
      <Output>
        <ErrorInfo>
          <Message>System.Net.Http.HttpRequestException : Connection refused (localhost:8080)
---- System.Net.Sockets.SocketException : Connection refused</Message>
          <StackTrace>   at System.Net.Http.HttpConnectionPool.ConnectToTcpHostAsync(String host, Int32 port, HttpRequestMessage initialRequest, Boolean async, CancellationToken cancellationToken)
   at System.Net.Http.HttpConnectionPool.ConnectAsync(HttpRequestMessage request, Boolean async, CancellationToken cancellationToken)
   at System.Net.Http.HttpConnectionPool.CreateHttp11ConnectionAsync(HttpRequestMessage request, Boolean async, CancellationToken cancellationToken)
   at System.Net.Http.HttpConnectionPool.InjectNewHttp11ConnectionAsync(QueueItem queueItem)
   at System.Threading.Tasks.TaskCompletionSourceWithCancellation`1.WaitWithCancellationAsync(CancellationToken cancellationToken)
   at System.Net.Http.HttpConnectionPool.SendWithVersionDetectionAndRetryAsync(HttpRequestMessage request, Boolean async, Boolean doRequestAuth, CancellationToken cancellationToken)
   at System.Net.Http.RedirectHandler.SendAsync(HttpRequestMessage request, Boolean async, CancellationToken cancellationToken)
   at System.Net.Http.HttpClient.&lt;SendAsync&gt;g__Core|83_0(HttpRequestMessage request, HttpCompletionOption completionOption, CancellationTokenSource cts, Boolean disposeCts, CancellationTokenSource pendingRequestsCts, CancellationToken originalCancellationToken)
   at AIEngineTests.Helpers.AIEngineApiClient.VerifyAgeAsync(AgeVerificationRequest request) in /Users/charrcy/projects/WeedGo/microservices/ai-engine-service/tests/WeedGo.AIEngine.Tests/AIEngineTests/AIEngineTests/Helpers/AIEngineApiClient.cs:line 44
   at AIEngineTests.Tests.ParsingTests.VerifyUser(String customerId) in /Users/charrcy/projects/WeedGo/microservices/ai-engine-service/tests/WeedGo.AIEngine.Tests/AIEngineTests/AIEngineTests/Tests/ParsingTests.cs:line 185
   at AIEngineTests.Tests.ParsingTests.Should_Parse_Single_Budget_Values(String budgetPhrase, Decimal expectedMax) in /Users/charrcy/projects/WeedGo/microservices/ai-engine-service/tests/WeedGo.AIEngine.Tests/AIEngineTests/AIEngineTests/Tests/ParsingTests.cs:line 27
--- End of stack trace from previous location ---
----- Inner Stack Trace -----
   at System.Net.Sockets.Socket.AwaitableSocketAsyncEventArgs.ThrowException(SocketError error, CancellationToken cancellationToken)
   at System.Net.Sockets.Socket.AwaitableSocketAsyncEventArgs.System.Threading.Tasks.Sources.IValueTaskSource.GetResult(Int16 token)
   at System.Net.Sockets.Socket.&lt;ConnectAsync&gt;g__WaitForConnectWithCancellation|285_0(AwaitableSocketAsyncEventArgs saea, ValueTask connectTask, CancellationToken cancellationToken)
   at System.Net.Http.HttpConnectionPool.ConnectToTcpHostAsync(String host, Int32 port, HttpRequestMessage initialRequest, Boolean async, CancellationToken cancellationToken)</StackTrace>
        </ErrorInfo>
      </Output>
    </UnitTestResult>
    <UnitTestResult executionId="d9791e08-467a-45bd-a707-077c0d283720" testId="153416d4-f48b-ce53-2885-535dffd390d5" testName="AIEngineTests.Tests.ParsingTests.Should_Parse_Strain_Types(strainPhrase: &quot;sativa&quot;, expectedStrain: &quot;sativa&quot;)" computerName="Charless-MacBook-Pro" duration="00:00:00.0018087" startTime="2025-08-23T00:26:36.1207620-04:00" endTime="2025-08-23T00:26:36.1207620-04:00" testType="13cdc9d9-ddb5-4fa4-a97d-d965ccfc6d4b" outcome="Failed" testListId="8c84fa94-04c1-424b-9868-57a2d4851a1d" relativeResultsDirectory="d9791e08-467a-45bd-a707-077c0d283720">
      <Output>
        <ErrorInfo>
          <Message>System.Net.Http.HttpRequestException : Connection refused (localhost:8080)
---- System.Net.Sockets.SocketException : Connection refused</Message>
          <StackTrace>   at System.Net.Http.HttpConnectionPool.ConnectToTcpHostAsync(String host, Int32 port, HttpRequestMessage initialRequest, Boolean async, CancellationToken cancellationToken)
   at System.Net.Http.HttpConnectionPool.ConnectAsync(HttpRequestMessage request, Boolean async, CancellationToken cancellationToken)
   at System.Net.Http.HttpConnectionPool.CreateHttp11ConnectionAsync(HttpRequestMessage request, Boolean async, CancellationToken cancellationToken)
   at System.Net.Http.HttpConnectionPool.InjectNewHttp11ConnectionAsync(QueueItem queueItem)
   at System.Threading.Tasks.TaskCompletionSourceWithCancellation`1.WaitWithCancellationAsync(CancellationToken cancellationToken)
   at System.Net.Http.HttpConnectionPool.SendWithVersionDetectionAndRetryAsync(HttpRequestMessage request, Boolean async, Boolean doRequestAuth, CancellationToken cancellationToken)
   at System.Net.Http.RedirectHandler.SendAsync(HttpRequestMessage request, Boolean async, CancellationToken cancellationToken)
   at System.Net.Http.HttpClient.&lt;SendAsync&gt;g__Core|83_0(HttpRequestMessage request, HttpCompletionOption completionOption, CancellationTokenSource cts, Boolean disposeCts, CancellationTokenSource pendingRequestsCts, CancellationToken originalCancellationToken)
   at AIEngineTests.Helpers.AIEngineApiClient.VerifyAgeAsync(AgeVerificationRequest request) in /Users/charrcy/projects/WeedGo/microservices/ai-engine-service/tests/WeedGo.AIEngine.Tests/AIEngineTests/AIEngineTests/Helpers/AIEngineApiClient.cs:line 44
   at AIEngineTests.Tests.ParsingTests.VerifyUser(String customerId) in /Users/charrcy/projects/WeedGo/microservices/ai-engine-service/tests/WeedGo.AIEngine.Tests/AIEngineTests/AIEngineTests/Tests/ParsingTests.cs:line 185
   at AIEngineTests.Tests.ParsingTests.Should_Parse_Strain_Types(String strainPhrase, String expectedStrain) in /Users/charrcy/projects/WeedGo/microservices/ai-engine-service/tests/WeedGo.AIEngine.Tests/AIEngineTests/AIEngineTests/Tests/ParsingTests.cs:line 90
--- End of stack trace from previous location ---
----- Inner Stack Trace -----
   at System.Net.Sockets.Socket.AwaitableSocketAsyncEventArgs.ThrowException(SocketError error, CancellationToken cancellationToken)
   at System.Net.Sockets.Socket.AwaitableSocketAsyncEventArgs.System.Threading.Tasks.Sources.IValueTaskSource.GetResult(Int16 token)
   at System.Net.Sockets.Socket.&lt;ConnectAsync&gt;g__WaitForConnectWithCancellation|285_0(AwaitableSocketAsyncEventArgs saea, ValueTask connectTask, CancellationToken cancellationToken)
   at System.Net.Http.HttpConnectionPool.ConnectToTcpHostAsync(String host, Int32 port, HttpRequestMessage initialRequest, Boolean async, CancellationToken cancellationToken)</StackTrace>
        </ErrorInfo>
      </Output>
    </UnitTestResult>
    <UnitTestResult executionId="8449fa10-613a-44c1-95a6-db4500f2c7b1" testId="5d90ad39-3a58-4e30-b1c2-4fb5e627aa74" testName="AIEngineTests.Tests.ConversationFlowTests.Should_Progress_Through_Stages_Naturally" computerName="Charless-MacBook-Pro" duration="00:00:00.0021640" startTime="2025-08-23T00:26:36.1094730-04:00" endTime="2025-08-23T00:26:36.1094730-04:00" testType="13cdc9d9-ddb5-4fa4-a97d-d965ccfc6d4b" outcome="Failed" testListId="8c84fa94-04c1-424b-9868-57a2d4851a1d" relativeResultsDirectory="8449fa10-613a-44c1-95a6-db4500f2c7b1">
      <Output>
        <ErrorInfo>
          <Message>System.Net.Http.HttpRequestException : Connection refused (localhost:8080)
---- System.Net.Sockets.SocketException : Connection refused</Message>
          <StackTrace>   at System.Net.Http.HttpConnectionPool.ConnectToTcpHostAsync(String host, Int32 port, HttpRequestMessage initialRequest, Boolean async, CancellationToken cancellationToken)
   at System.Net.Http.HttpConnectionPool.ConnectAsync(HttpRequestMessage request, Boolean async, CancellationToken cancellationToken)
   at System.Net.Http.HttpConnectionPool.CreateHttp11ConnectionAsync(HttpRequestMessage request, Boolean async, CancellationToken cancellationToken)
   at System.Net.Http.HttpConnectionPool.InjectNewHttp11ConnectionAsync(QueueItem queueItem)
   at System.Threading.Tasks.TaskCompletionSourceWithCancellation`1.WaitWithCancellationAsync(CancellationToken cancellationToken)
   at System.Net.Http.HttpConnectionPool.SendWithVersionDetectionAndRetryAsync(HttpRequestMessage request, Boolean async, Boolean doRequestAuth, CancellationToken cancellationToken)
   at System.Net.Http.RedirectHandler.SendAsync(HttpRequestMessage request, Boolean async, CancellationToken cancellationToken)
   at System.Net.Http.HttpClient.&lt;SendAsync&gt;g__Core|83_0(HttpRequestMessage request, HttpCompletionOption completionOption, CancellationTokenSource cts, Boolean disposeCts, CancellationTokenSource pendingRequestsCts, CancellationToken originalCancellationToken)
   at AIEngineTests.Helpers.AIEngineApiClient.VerifyAgeAsync(AgeVerificationRequest request) in /Users/charrcy/projects/WeedGo/microservices/ai-engine-service/tests/WeedGo.AIEngine.Tests/AIEngineTests/AIEngineTests/Helpers/AIEngineApiClient.cs:line 44
   at AIEngineTests.Tests.ConversationFlowTests.VerifyUser(String customerId) in /Users/charrcy/projects/WeedGo/microservices/ai-engine-service/tests/WeedGo.AIEngine.Tests/AIEngineTests/AIEngineTests/Tests/ConversationFlowTests.cs:line 173
   at AIEngineTests.Tests.ConversationFlowTests.Should_Progress_Through_Stages_Naturally() in /Users/charrcy/projects/WeedGo/microservices/ai-engine-service/tests/WeedGo.AIEngine.Tests/AIEngineTests/AIEngineTests/Tests/ConversationFlowTests.cs:line 65
--- End of stack trace from previous location ---
----- Inner Stack Trace -----
   at System.Net.Sockets.Socket.AwaitableSocketAsyncEventArgs.ThrowException(SocketError error, CancellationToken cancellationToken)
   at System.Net.Sockets.Socket.AwaitableSocketAsyncEventArgs.System.Threading.Tasks.Sources.IValueTaskSource.GetResult(Int16 token)
   at System.Net.Sockets.Socket.&lt;ConnectAsync&gt;g__WaitForConnectWithCancellation|285_0(AwaitableSocketAsyncEventArgs saea, ValueTask connectTask, CancellationToken cancellationToken)
   at System.Net.Http.HttpConnectionPool.ConnectToTcpHostAsync(String host, Int32 port, HttpRequestMessage initialRequest, Boolean async, CancellationToken cancellationToken)</StackTrace>
        </ErrorInfo>
      </Output>
    </UnitTestResult>
    <UnitTestResult executionId="14e5d4dc-20ee-40bd-9619-eddd0f8ff2b7" testId="4a3c5c6e-4b48-ce7b-be08-5fcc092be542" testName="AIEngineTests.Tests.DirectProductRequestTests.Should_Handle_Multiple_Criteria" computerName="Charless-MacBook-Pro" duration="00:00:00.0014891" startTime="2025-08-23T00:26:36.1153260-04:00" endTime="2025-08-23T00:26:36.1153260-04:00" testType="13cdc9d9-ddb5-4fa4-a97d-d965ccfc6d4b" outcome="Failed" testListId="8c84fa94-04c1-424b-9868-57a2d4851a1d" relativeResultsDirectory="14e5d4dc-20ee-40bd-9619-eddd0f8ff2b7">
      <Output>
        <ErrorInfo>
          <Message>System.Net.Http.HttpRequestException : Connection refused (localhost:8080)
---- System.Net.Sockets.SocketException : Connection refused</Message>
          <StackTrace>   at System.Net.Http.HttpConnectionPool.ConnectToTcpHostAsync(String host, Int32 port, HttpRequestMessage initialRequest, Boolean async, CancellationToken cancellationToken)
   at System.Net.Http.HttpConnectionPool.ConnectAsync(HttpRequestMessage request, Boolean async, CancellationToken cancellationToken)
   at System.Net.Http.HttpConnectionPool.CreateHttp11ConnectionAsync(HttpRequestMessage request, Boolean async, CancellationToken cancellationToken)
   at System.Net.Http.HttpConnectionPool.InjectNewHttp11ConnectionAsync(QueueItem queueItem)
   at System.Threading.Tasks.TaskCompletionSourceWithCancellation`1.WaitWithCancellationAsync(CancellationToken cancellationToken)
   at System.Net.Http.HttpConnectionPool.SendWithVersionDetectionAndRetryAsync(HttpRequestMessage request, Boolean async, Boolean doRequestAuth, CancellationToken cancellationToken)
   at System.Net.Http.RedirectHandler.SendAsync(HttpRequestMessage request, Boolean async, CancellationToken cancellationToken)
   at System.Net.Http.HttpClient.&lt;SendAsync&gt;g__Core|83_0(HttpRequestMessage request, HttpCompletionOption completionOption, CancellationTokenSource cts, Boolean disposeCts, CancellationTokenSource pendingRequestsCts, CancellationToken originalCancellationToken)
   at AIEngineTests.Helpers.AIEngineApiClient.VerifyAgeAsync(AgeVerificationRequest request) in /Users/charrcy/projects/WeedGo/microservices/ai-engine-service/tests/WeedGo.AIEngine.Tests/AIEngineTests/AIEngineTests/Helpers/AIEngineApiClient.cs:line 44
   at AIEngineTests.Tests.DirectProductRequestTests.VerifyTestUser(String customerId) in /Users/charrcy/projects/WeedGo/microservices/ai-engine-service/tests/WeedGo.AIEngine.Tests/AIEngineTests/AIEngineTests/Tests/DirectProductRequestTests.cs:line 133
   at AIEngineTests.Tests.DirectProductRequestTests.Should_Handle_Multiple_Criteria() in /Users/charrcy/projects/WeedGo/microservices/ai-engine-service/tests/WeedGo.AIEngine.Tests/AIEngineTests/AIEngineTests/Tests/DirectProductRequestTests.cs:line 109
--- End of stack trace from previous location ---
----- Inner Stack Trace -----
   at System.Net.Sockets.Socket.AwaitableSocketAsyncEventArgs.ThrowException(SocketError error, CancellationToken cancellationToken)
   at System.Net.Sockets.Socket.AwaitableSocketAsyncEventArgs.System.Threading.Tasks.Sources.IValueTaskSource.GetResult(Int16 token)
   at System.Net.Sockets.Socket.&lt;ConnectAsync&gt;g__WaitForConnectWithCancellation|285_0(AwaitableSocketAsyncEventArgs saea, ValueTask connectTask, CancellationToken cancellationToken)
   at System.Net.Http.HttpConnectionPool.ConnectToTcpHostAsync(String host, Int32 port, HttpRequestMessage initialRequest, Boolean async, CancellationToken cancellationToken)</StackTrace>
        </ErrorInfo>
      </Output>
    </UnitTestResult>
    <UnitTestResult executionId="abd8aa4d-741c-4db5-8ff4-f2f9a2f7188d" testId="bfb71306-9bee-6c5b-eba3-923430923e27" testName="AIEngineTests.Tests.ParsingTests.Should_Parse_Budget_Ranges(budgetPhrase: &quot;$10 to $20&quot;, expectedMin: 10, expectedMax: 20)" computerName="Charless-MacBook-Pro" duration="00:00:00.0020127" startTime="2025-08-23T00:26:36.1099100-04:00" endTime="2025-08-23T00:26:36.1099100-04:00" testType="13cdc9d9-ddb5-4fa4-a97d-d965ccfc6d4b" outcome="Failed" testListId="8c84fa94-04c1-424b-9868-57a2d4851a1d" relativeResultsDirectory="abd8aa4d-741c-4db5-8ff4-f2f9a2f7188d">
      <Output>
        <ErrorInfo>
          <Message>System.Net.Http.HttpRequestException : Connection refused (localhost:8080)
---- System.Net.Sockets.SocketException : Connection refused</Message>
          <StackTrace>   at System.Net.Http.HttpConnectionPool.ConnectToTcpHostAsync(String host, Int32 port, HttpRequestMessage initialRequest, Boolean async, CancellationToken cancellationToken)
   at System.Net.Http.HttpConnectionPool.ConnectAsync(HttpRequestMessage request, Boolean async, CancellationToken cancellationToken)
   at System.Net.Http.HttpConnectionPool.CreateHttp11ConnectionAsync(HttpRequestMessage request, Boolean async, CancellationToken cancellationToken)
   at System.Net.Http.HttpConnectionPool.InjectNewHttp11ConnectionAsync(QueueItem queueItem)
   at System.Threading.Tasks.TaskCompletionSourceWithCancellation`1.WaitWithCancellationAsync(CancellationToken cancellationToken)
   at System.Net.Http.HttpConnectionPool.SendWithVersionDetectionAndRetryAsync(HttpRequestMessage request, Boolean async, Boolean doRequestAuth, CancellationToken cancellationToken)
   at System.Net.Http.RedirectHandler.SendAsync(HttpRequestMessage request, Boolean async, CancellationToken cancellationToken)
   at System.Net.Http.HttpClient.&lt;SendAsync&gt;g__Core|83_0(HttpRequestMessage request, HttpCompletionOption completionOption, CancellationTokenSource cts, Boolean disposeCts, CancellationTokenSource pendingRequestsCts, CancellationToken originalCancellationToken)
   at AIEngineTests.Helpers.AIEngineApiClient.VerifyAgeAsync(AgeVerificationRequest request) in /Users/charrcy/projects/WeedGo/microservices/ai-engine-service/tests/WeedGo.AIEngine.Tests/AIEngineTests/AIEngineTests/Helpers/AIEngineApiClient.cs:line 44
   at AIEngineTests.Tests.ParsingTests.VerifyUser(String customerId) in /Users/charrcy/projects/WeedGo/microservices/ai-engine-service/tests/WeedGo.AIEngine.Tests/AIEngineTests/AIEngineTests/Tests/ParsingTests.cs:line 185
   at AIEngineTests.Tests.ParsingTests.Should_Parse_Budget_Ranges(String budgetPhrase, Decimal expectedMin, Decimal expectedMax) in /Users/charrcy/projects/WeedGo/microservices/ai-engine-service/tests/WeedGo.AIEngine.Tests/AIEngineTests/AIEngineTests/Tests/ParsingTests.cs:line 57
--- End of stack trace from previous location ---
----- Inner Stack Trace -----
   at System.Net.Sockets.Socket.AwaitableSocketAsyncEventArgs.ThrowException(SocketError error, CancellationToken cancellationToken)
   at System.Net.Sockets.Socket.AwaitableSocketAsyncEventArgs.System.Threading.Tasks.Sources.IValueTaskSource.GetResult(Int16 token)
   at System.Net.Sockets.Socket.&lt;ConnectAsync&gt;g__WaitForConnectWithCancellation|285_0(AwaitableSocketAsyncEventArgs saea, ValueTask connectTask, CancellationToken cancellationToken)
   at System.Net.Http.HttpConnectionPool.ConnectToTcpHostAsync(String host, Int32 port, HttpRequestMessage initialRequest, Boolean async, CancellationToken cancellationToken)</StackTrace>
        </ErrorInfo>
      </Output>
    </UnitTestResult>
    <UnitTestResult executionId="ebcb5128-251d-4698-b75c-de93b6190f7f" testId="d7e14c48-21e1-3d79-3151-205917e21840" testName="AIEngineTests.Tests.ParsingTests.Should_Parse_Product_Types(productType: &quot;joint&quot;, expectedKeywords: [&quot;joint&quot;, &quot;pre-roll&quot;])" computerName="Charless-MacBook-Pro" duration="00:00:00.0016112" startTime="2025-08-23T00:26:36.1156430-04:00" endTime="2025-08-23T00:26:36.1156430-04:00" testType="13cdc9d9-ddb5-4fa4-a97d-d965ccfc6d4b" outcome="Failed" testListId="8c84fa94-04c1-424b-9868-57a2d4851a1d" relativeResultsDirectory="ebcb5128-251d-4698-b75c-de93b6190f7f">
      <Output>
        <ErrorInfo>
          <Message>System.Net.Http.HttpRequestException : Connection refused (localhost:8080)
---- System.Net.Sockets.SocketException : Connection refused</Message>
          <StackTrace>   at System.Net.Http.HttpConnectionPool.ConnectToTcpHostAsync(String host, Int32 port, HttpRequestMessage initialRequest, Boolean async, CancellationToken cancellationToken)
   at System.Net.Http.HttpConnectionPool.ConnectAsync(HttpRequestMessage request, Boolean async, CancellationToken cancellationToken)
   at System.Net.Http.HttpConnectionPool.CreateHttp11ConnectionAsync(HttpRequestMessage request, Boolean async, CancellationToken cancellationToken)
   at System.Net.Http.HttpConnectionPool.InjectNewHttp11ConnectionAsync(QueueItem queueItem)
   at System.Threading.Tasks.TaskCompletionSourceWithCancellation`1.WaitWithCancellationAsync(CancellationToken cancellationToken)
   at System.Net.Http.HttpConnectionPool.SendWithVersionDetectionAndRetryAsync(HttpRequestMessage request, Boolean async, Boolean doRequestAuth, CancellationToken cancellationToken)
   at System.Net.Http.RedirectHandler.SendAsync(HttpRequestMessage request, Boolean async, CancellationToken cancellationToken)
   at System.Net.Http.HttpClient.&lt;SendAsync&gt;g__Core|83_0(HttpRequestMessage request, HttpCompletionOption completionOption, CancellationTokenSource cts, Boolean disposeCts, CancellationTokenSource pendingRequestsCts, CancellationToken originalCancellationToken)
   at AIEngineTests.Helpers.AIEngineApiClient.VerifyAgeAsync(AgeVerificationRequest request) in /Users/charrcy/projects/WeedGo/microservices/ai-engine-service/tests/WeedGo.AIEngine.Tests/AIEngineTests/AIEngineTests/Helpers/AIEngineApiClient.cs:line 44
   at AIEngineTests.Tests.ParsingTests.VerifyUser(String customerId) in /Users/charrcy/projects/WeedGo/microservices/ai-engine-service/tests/WeedGo.AIEngine.Tests/AIEngineTests/AIEngineTests/Tests/ParsingTests.cs:line 185
   at AIEngineTests.Tests.ParsingTests.Should_Parse_Product_Types(String productType, String[] expectedKeywords) in /Users/charrcy/projects/WeedGo/microservices/ai-engine-service/tests/WeedGo.AIEngine.Tests/AIEngineTests/AIEngineTests/Tests/ParsingTests.cs:line 123
--- End of stack trace from previous location ---
----- Inner Stack Trace -----
   at System.Net.Sockets.Socket.AwaitableSocketAsyncEventArgs.ThrowException(SocketError error, CancellationToken cancellationToken)
   at System.Net.Sockets.Socket.AwaitableSocketAsyncEventArgs.System.Threading.Tasks.Sources.IValueTaskSource.GetResult(Int16 token)
   at System.Net.Sockets.Socket.&lt;ConnectAsync&gt;g__WaitForConnectWithCancellation|285_0(AwaitableSocketAsyncEventArgs saea, ValueTask connectTask, CancellationToken cancellationToken)
   at System.Net.Http.HttpConnectionPool.ConnectToTcpHostAsync(String host, Int32 port, HttpRequestMessage initialRequest, Boolean async, CancellationToken cancellationToken)</StackTrace>
        </ErrorInfo>
      </Output>
    </UnitTestResult>
    <UnitTestResult executionId="63641ff4-d0ce-4a23-83d8-ac2349248be2" testId="b86622d0-70fe-eb7d-efba-35bf46853b80" testName="AIEngineTests.Tests.AgeVerificationTests.Should_Allow_Guest_Users_Limited_Access" computerName="Charless-MacBook-Pro" duration="00:00:00.0022134" startTime="2025-08-23T00:26:36.0942220-04:00" endTime="2025-08-23T00:26:36.0942220-04:00" testType="13cdc9d9-ddb5-4fa4-a97d-d965ccfc6d4b" outcome="Failed" testListId="8c84fa94-04c1-424b-9868-57a2d4851a1d" relativeResultsDirectory="63641ff4-d0ce-4a23-83d8-ac2349248be2">
      <Output>
        <ErrorInfo>
          <Message>System.Net.Http.HttpRequestException : Connection refused (localhost:8080)
---- System.Net.Sockets.SocketException : Connection refused</Message>
          <StackTrace>   at System.Net.Http.HttpConnectionPool.ConnectToTcpHostAsync(String host, Int32 port, HttpRequestMessage initialRequest, Boolean async, CancellationToken cancellationToken)
   at System.Net.Http.HttpConnectionPool.ConnectAsync(HttpRequestMessage request, Boolean async, CancellationToken cancellationToken)
   at System.Net.Http.HttpConnectionPool.CreateHttp11ConnectionAsync(HttpRequestMessage request, Boolean async, CancellationToken cancellationToken)
   at System.Net.Http.HttpConnectionPool.InjectNewHttp11ConnectionAsync(QueueItem queueItem)
   at System.Threading.Tasks.TaskCompletionSourceWithCancellation`1.WaitWithCancellationAsync(CancellationToken cancellationToken)
   at System.Net.Http.HttpConnectionPool.SendWithVersionDetectionAndRetryAsync(HttpRequestMessage request, Boolean async, Boolean doRequestAuth, CancellationToken cancellationToken)
   at System.Net.Http.RedirectHandler.SendAsync(HttpRequestMessage request, Boolean async, CancellationToken cancellationToken)
   at System.Net.Http.HttpClient.&lt;SendAsync&gt;g__Core|83_0(HttpRequestMessage request, HttpCompletionOption completionOption, CancellationTokenSource cts, Boolean disposeCts, CancellationTokenSource pendingRequestsCts, CancellationToken originalCancellationToken)
   at AIEngineTests.Helpers.AIEngineApiClient.SendChatMessageAsync(ChatRequest request) in /Users/charrcy/projects/WeedGo/microservices/ai-engine-service/tests/WeedGo.AIEngine.Tests/AIEngineTests/AIEngineTests/Helpers/AIEngineApiClient.cs:line 27
   at AIEngineTests.Tests.AgeVerificationTests.Should_Allow_Guest_Users_Limited_Access() in /Users/charrcy/projects/WeedGo/microservices/ai-engine-service/tests/WeedGo.AIEngine.Tests/AIEngineTests/AIEngineTests/Tests/AgeVerificationTests.cs:line 133
--- End of stack trace from previous location ---
----- Inner Stack Trace -----
   at System.Net.Sockets.Socket.AwaitableSocketAsyncEventArgs.ThrowException(SocketError error, CancellationToken cancellationToken)
   at System.Net.Sockets.Socket.AwaitableSocketAsyncEventArgs.System.Threading.Tasks.Sources.IValueTaskSource.GetResult(Int16 token)
   at System.Net.Sockets.Socket.&lt;ConnectAsync&gt;g__WaitForConnectWithCancellation|285_0(AwaitableSocketAsyncEventArgs saea, ValueTask connectTask, CancellationToken cancellationToken)
   at System.Net.Http.HttpConnectionPool.ConnectToTcpHostAsync(String host, Int32 port, HttpRequestMessage initialRequest, Boolean async, CancellationToken cancellationToken)</StackTrace>
        </ErrorInfo>
      </Output>
    </UnitTestResult>
    <UnitTestResult executionId="1fd92452-7759-4bfb-bd47-a040fb135ded" testId="d429b5f5-83d1-fdb9-5ebd-8e53d41f5601" testName="AIEngineTests.Tests.ParsingTests.Should_Parse_Product_Types(productType: &quot;pre-roll&quot;, expectedKeywords: [&quot;pre-roll&quot;, &quot;joint&quot;])" computerName="Charless-MacBook-Pro" duration="00:00:00.0009011" startTime="2025-08-23T00:26:36.1200800-04:00" endTime="2025-08-23T00:26:36.1200800-04:00" testType="13cdc9d9-ddb5-4fa4-a97d-d965ccfc6d4b" outcome="Failed" testListId="8c84fa94-04c1-424b-9868-57a2d4851a1d" relativeResultsDirectory="1fd92452-7759-4bfb-bd47-a040fb135ded">
      <Output>
        <ErrorInfo>
          <Message>System.Net.Http.HttpRequestException : Connection refused (localhost:8080)
---- System.Net.Sockets.SocketException : Connection refused</Message>
          <StackTrace>   at System.Net.Http.HttpConnectionPool.ConnectToTcpHostAsync(String host, Int32 port, HttpRequestMessage initialRequest, Boolean async, CancellationToken cancellationToken)
   at System.Net.Http.HttpConnectionPool.ConnectAsync(HttpRequestMessage request, Boolean async, CancellationToken cancellationToken)
   at System.Net.Http.HttpConnectionPool.CreateHttp11ConnectionAsync(HttpRequestMessage request, Boolean async, CancellationToken cancellationToken)
   at System.Net.Http.HttpConnectionPool.InjectNewHttp11ConnectionAsync(QueueItem queueItem)
   at System.Threading.Tasks.TaskCompletionSourceWithCancellation`1.WaitWithCancellationAsync(CancellationToken cancellationToken)
   at System.Net.Http.HttpConnectionPool.SendWithVersionDetectionAndRetryAsync(HttpRequestMessage request, Boolean async, Boolean doRequestAuth, CancellationToken cancellationToken)
   at System.Net.Http.RedirectHandler.SendAsync(HttpRequestMessage request, Boolean async, CancellationToken cancellationToken)
   at System.Net.Http.HttpClient.&lt;SendAsync&gt;g__Core|83_0(HttpRequestMessage request, HttpCompletionOption completionOption, CancellationTokenSource cts, Boolean disposeCts, CancellationTokenSource pendingRequestsCts, CancellationToken originalCancellationToken)
   at AIEngineTests.Helpers.AIEngineApiClient.VerifyAgeAsync(AgeVerificationRequest request) in /Users/charrcy/projects/WeedGo/microservices/ai-engine-service/tests/WeedGo.AIEngine.Tests/AIEngineTests/AIEngineTests/Helpers/AIEngineApiClient.cs:line 44
   at AIEngineTests.Tests.ParsingTests.VerifyUser(String customerId) in /Users/charrcy/projects/WeedGo/microservices/ai-engine-service/tests/WeedGo.AIEngine.Tests/AIEngineTests/AIEngineTests/Tests/ParsingTests.cs:line 185
   at AIEngineTests.Tests.ParsingTests.Should_Parse_Product_Types(String productType, String[] expectedKeywords) in /Users/charrcy/projects/WeedGo/microservices/ai-engine-service/tests/WeedGo.AIEngine.Tests/AIEngineTests/AIEngineTests/Tests/ParsingTests.cs:line 123
--- End of stack trace from previous location ---
----- Inner Stack Trace -----
   at System.Net.Sockets.Socket.AwaitableSocketAsyncEventArgs.ThrowException(SocketError error, CancellationToken cancellationToken)
   at System.Net.Sockets.Socket.AwaitableSocketAsyncEventArgs.System.Threading.Tasks.Sources.IValueTaskSource.GetResult(Int16 token)
   at System.Net.Sockets.Socket.&lt;ConnectAsync&gt;g__WaitForConnectWithCancellation|285_0(AwaitableSocketAsyncEventArgs saea, ValueTask connectTask, CancellationToken cancellationToken)
   at System.Net.Http.HttpConnectionPool.ConnectToTcpHostAsync(String host, Int32 port, HttpRequestMessage initialRequest, Boolean async, CancellationToken cancellationToken)</StackTrace>
        </ErrorInfo>
      </Output>
    </UnitTestResult>
    <UnitTestResult executionId="dc8759d0-eddb-48af-8197-4d9aeb03183a" testId="5c8603c1-7761-5673-2bf9-5d573194cfba" testName="AIEngineTests.Tests.ParsingTests.Should_Parse_Product_Types(productType: &quot;flower&quot;, expectedKeywords: [&quot;flower&quot;, &quot;bud&quot;])" computerName="Charless-MacBook-Pro" duration="00:00:00.0008617" startTime="2025-08-23T00:26:36.1196580-04:00" endTime="2025-08-23T00:26:36.1196580-04:00" testType="13cdc9d9-ddb5-4fa4-a97d-d965ccfc6d4b" outcome="Failed" testListId="8c84fa94-04c1-424b-9868-57a2d4851a1d" relativeResultsDirectory="dc8759d0-eddb-48af-8197-4d9aeb03183a">
      <Output>
        <ErrorInfo>
          <Message>System.Net.Http.HttpRequestException : Connection refused (localhost:8080)
---- System.Net.Sockets.SocketException : Connection refused</Message>
          <StackTrace>   at System.Net.Http.HttpConnectionPool.ConnectToTcpHostAsync(String host, Int32 port, HttpRequestMessage initialRequest, Boolean async, CancellationToken cancellationToken)
   at System.Net.Http.HttpConnectionPool.ConnectAsync(HttpRequestMessage request, Boolean async, CancellationToken cancellationToken)
   at System.Net.Http.HttpConnectionPool.CreateHttp11ConnectionAsync(HttpRequestMessage request, Boolean async, CancellationToken cancellationToken)
   at System.Net.Http.HttpConnectionPool.InjectNewHttp11ConnectionAsync(QueueItem queueItem)
   at System.Threading.Tasks.TaskCompletionSourceWithCancellation`1.WaitWithCancellationAsync(CancellationToken cancellationToken)
   at System.Net.Http.HttpConnectionPool.SendWithVersionDetectionAndRetryAsync(HttpRequestMessage request, Boolean async, Boolean doRequestAuth, CancellationToken cancellationToken)
   at System.Net.Http.RedirectHandler.SendAsync(HttpRequestMessage request, Boolean async, CancellationToken cancellationToken)
   at System.Net.Http.HttpClient.&lt;SendAsync&gt;g__Core|83_0(HttpRequestMessage request, HttpCompletionOption completionOption, CancellationTokenSource cts, Boolean disposeCts, CancellationTokenSource pendingRequestsCts, CancellationToken originalCancellationToken)
   at AIEngineTests.Helpers.AIEngineApiClient.VerifyAgeAsync(AgeVerificationRequest request) in /Users/charrcy/projects/WeedGo/microservices/ai-engine-service/tests/WeedGo.AIEngine.Tests/AIEngineTests/AIEngineTests/Helpers/AIEngineApiClient.cs:line 44
   at AIEngineTests.Tests.ParsingTests.VerifyUser(String customerId) in /Users/charrcy/projects/WeedGo/microservices/ai-engine-service/tests/WeedGo.AIEngine.Tests/AIEngineTests/AIEngineTests/Tests/ParsingTests.cs:line 185
   at AIEngineTests.Tests.ParsingTests.Should_Parse_Product_Types(String productType, String[] expectedKeywords) in /Users/charrcy/projects/WeedGo/microservices/ai-engine-service/tests/WeedGo.AIEngine.Tests/AIEngineTests/AIEngineTests/Tests/ParsingTests.cs:line 123
--- End of stack trace from previous location ---
----- Inner Stack Trace -----
   at System.Net.Sockets.Socket.AwaitableSocketAsyncEventArgs.ThrowException(SocketError error, CancellationToken cancellationToken)
   at System.Net.Sockets.Socket.AwaitableSocketAsyncEventArgs.System.Threading.Tasks.Sources.IValueTaskSource.GetResult(Int16 token)
   at System.Net.Sockets.Socket.&lt;ConnectAsync&gt;g__WaitForConnectWithCancellation|285_0(AwaitableSocketAsyncEventArgs saea, ValueTask connectTask, CancellationToken cancellationToken)
   at System.Net.Http.HttpConnectionPool.ConnectToTcpHostAsync(String host, Int32 port, HttpRequestMessage initialRequest, Boolean async, CancellationToken cancellationToken)</StackTrace>
        </ErrorInfo>
      </Output>
    </UnitTestResult>
    <UnitTestResult executionId="19ec6526-9ed0-474e-99c6-1ce298930be7" testId="3f745290-1a17-45c3-0baf-6a391d4d2ebc" testName="AIEngineTests.Tests.ParsingTests.Should_Parse_Single_Budget_Values(budgetPhrase: &quot;products under 30&quot;, expectedMax: 30)" computerName="Charless-MacBook-Pro" duration="00:00:00.0008037" startTime="2025-08-23T00:26:36.1282990-04:00" endTime="2025-08-23T00:26:36.1282990-04:00" testType="13cdc9d9-ddb5-4fa4-a97d-d965ccfc6d4b" outcome="Failed" testListId="8c84fa94-04c1-424b-9868-57a2d4851a1d" relativeResultsDirectory="19ec6526-9ed0-474e-99c6-1ce298930be7">
      <Output>
        <ErrorInfo>
          <Message>System.Net.Http.HttpRequestException : Connection refused (localhost:8080)
---- System.Net.Sockets.SocketException : Connection refused</Message>
          <StackTrace>   at System.Net.Http.HttpConnectionPool.ConnectToTcpHostAsync(String host, Int32 port, HttpRequestMessage initialRequest, Boolean async, CancellationToken cancellationToken)
   at System.Net.Http.HttpConnectionPool.ConnectAsync(HttpRequestMessage request, Boolean async, CancellationToken cancellationToken)
   at System.Net.Http.HttpConnectionPool.CreateHttp11ConnectionAsync(HttpRequestMessage request, Boolean async, CancellationToken cancellationToken)
   at System.Net.Http.HttpConnectionPool.InjectNewHttp11ConnectionAsync(QueueItem queueItem)
   at System.Threading.Tasks.TaskCompletionSourceWithCancellation`1.WaitWithCancellationAsync(CancellationToken cancellationToken)
   at System.Net.Http.HttpConnectionPool.SendWithVersionDetectionAndRetryAsync(HttpRequestMessage request, Boolean async, Boolean doRequestAuth, CancellationToken cancellationToken)
   at System.Net.Http.RedirectHandler.SendAsync(HttpRequestMessage request, Boolean async, CancellationToken cancellationToken)
   at System.Net.Http.HttpClient.&lt;SendAsync&gt;g__Core|83_0(HttpRequestMessage request, HttpCompletionOption completionOption, CancellationTokenSource cts, Boolean disposeCts, CancellationTokenSource pendingRequestsCts, CancellationToken originalCancellationToken)
   at AIEngineTests.Helpers.AIEngineApiClient.VerifyAgeAsync(AgeVerificationRequest request) in /Users/charrcy/projects/WeedGo/microservices/ai-engine-service/tests/WeedGo.AIEngine.Tests/AIEngineTests/AIEngineTests/Helpers/AIEngineApiClient.cs:line 44
   at AIEngineTests.Tests.ParsingTests.VerifyUser(String customerId) in /Users/charrcy/projects/WeedGo/microservices/ai-engine-service/tests/WeedGo.AIEngine.Tests/AIEngineTests/AIEngineTests/Tests/ParsingTests.cs:line 185
   at AIEngineTests.Tests.ParsingTests.Should_Parse_Single_Budget_Values(String budgetPhrase, Decimal expectedMax) in /Users/charrcy/projects/WeedGo/microservices/ai-engine-service/tests/WeedGo.AIEngine.Tests/AIEngineTests/AIEngineTests/Tests/ParsingTests.cs:line 27
--- End of stack trace from previous location ---
----- Inner Stack Trace -----
   at System.Net.Sockets.Socket.AwaitableSocketAsyncEventArgs.ThrowException(SocketError error, CancellationToken cancellationToken)
   at System.Net.Sockets.Socket.AwaitableSocketAsyncEventArgs.System.Threading.Tasks.Sources.IValueTaskSource.GetResult(Int16 token)
   at System.Net.Sockets.Socket.&lt;ConnectAsync&gt;g__WaitForConnectWithCancellation|285_0(AwaitableSocketAsyncEventArgs saea, ValueTask connectTask, CancellationToken cancellationToken)
   at System.Net.Http.HttpConnectionPool.ConnectToTcpHostAsync(String host, Int32 port, HttpRequestMessage initialRequest, Boolean async, CancellationToken cancellationToken)</StackTrace>
        </ErrorInfo>
      </Output>
    </UnitTestResult>
    <UnitTestResult executionId="19243abd-dfd5-4926-8e8e-81ab7b292f49" testId="b1c187fa-fc3b-832d-4a88-d801e639918f" testName="AIEngineTests.Tests.ParsingTests.Should_Parse_Single_Budget_Values(budgetPhrase: &quot;under $15&quot;, expectedMax: 15)" computerName="Charless-MacBook-Pro" duration="00:00:00.0014142" startTime="2025-08-23T00:26:36.1233310-04:00" endTime="2025-08-23T00:26:36.1233310-04:00" testType="13cdc9d9-ddb5-4fa4-a97d-d965ccfc6d4b" outcome="Failed" testListId="8c84fa94-04c1-424b-9868-57a2d4851a1d" relativeResultsDirectory="19243abd-dfd5-4926-8e8e-81ab7b292f49">
      <Output>
        <ErrorInfo>
          <Message>System.Net.Http.HttpRequestException : Connection refused (localhost:8080)
---- System.Net.Sockets.SocketException : Connection refused</Message>
          <StackTrace>   at System.Net.Http.HttpConnectionPool.ConnectToTcpHostAsync(String host, Int32 port, HttpRequestMessage initialRequest, Boolean async, CancellationToken cancellationToken)
   at System.Net.Http.HttpConnectionPool.ConnectAsync(HttpRequestMessage request, Boolean async, CancellationToken cancellationToken)
   at System.Net.Http.HttpConnectionPool.CreateHttp11ConnectionAsync(HttpRequestMessage request, Boolean async, CancellationToken cancellationToken)
   at System.Net.Http.HttpConnectionPool.InjectNewHttp11ConnectionAsync(QueueItem queueItem)
   at System.Threading.Tasks.TaskCompletionSourceWithCancellation`1.WaitWithCancellationAsync(CancellationToken cancellationToken)
   at System.Net.Http.HttpConnectionPool.SendWithVersionDetectionAndRetryAsync(HttpRequestMessage request, Boolean async, Boolean doRequestAuth, CancellationToken cancellationToken)
   at System.Net.Http.RedirectHandler.SendAsync(HttpRequestMessage request, Boolean async, CancellationToken cancellationToken)
   at System.Net.Http.HttpClient.&lt;SendAsync&gt;g__Core|83_0(HttpRequestMessage request, HttpCompletionOption completionOption, CancellationTokenSource cts, Boolean disposeCts, CancellationTokenSource pendingRequestsCts, CancellationToken originalCancellationToken)
   at AIEngineTests.Helpers.AIEngineApiClient.VerifyAgeAsync(AgeVerificationRequest request) in /Users/charrcy/projects/WeedGo/microservices/ai-engine-service/tests/WeedGo.AIEngine.Tests/AIEngineTests/AIEngineTests/Helpers/AIEngineApiClient.cs:line 44
   at AIEngineTests.Tests.ParsingTests.VerifyUser(String customerId) in /Users/charrcy/projects/WeedGo/microservices/ai-engine-service/tests/WeedGo.AIEngine.Tests/AIEngineTests/AIEngineTests/Tests/ParsingTests.cs:line 185
   at AIEngineTests.Tests.ParsingTests.Should_Parse_Single_Budget_Values(String budgetPhrase, Decimal expectedMax) in /Users/charrcy/projects/WeedGo/microservices/ai-engine-service/tests/WeedGo.AIEngine.Tests/AIEngineTests/AIEngineTests/Tests/ParsingTests.cs:line 27
--- End of stack trace from previous location ---
----- Inner Stack Trace -----
   at System.Net.Sockets.Socket.AwaitableSocketAsyncEventArgs.ThrowException(SocketError error, CancellationToken cancellationToken)
   at System.Net.Sockets.Socket.AwaitableSocketAsyncEventArgs.System.Threading.Tasks.Sources.IValueTaskSource.GetResult(Int16 token)
   at System.Net.Sockets.Socket.&lt;ConnectAsync&gt;g__WaitForConnectWithCancellation|285_0(AwaitableSocketAsyncEventArgs saea, ValueTask connectTask, CancellationToken cancellationToken)
   at System.Net.Http.HttpConnectionPool.ConnectToTcpHostAsync(String host, Int32 port, HttpRequestMessage initialRequest, Boolean async, CancellationToken cancellationToken)</StackTrace>
        </ErrorInfo>
      </Output>
    </UnitTestResult>
    <UnitTestResult executionId="d89a0bc1-7698-472c-b0a5-64e92b12ebb5" testId="e0ee0577-fb5d-954c-219c-687f3859c95b" testName="AIEngineTests.Tests.AgeVerificationTests.Should_Persist_Verification_Across_Sessions" computerName="Charless-MacBook-Pro" duration="00:00:00.0599279" startTime="2025-08-23T00:26:36.0927740-04:00" endTime="2025-08-23T00:26:36.0927740-04:00" testType="13cdc9d9-ddb5-4fa4-a97d-d965ccfc6d4b" outcome="Failed" testListId="8c84fa94-04c1-424b-9868-57a2d4851a1d" relativeResultsDirectory="d89a0bc1-7698-472c-b0a5-64e92b12ebb5">
      <Output>
        <ErrorInfo>
          <Message>System.Net.Http.HttpRequestException : An error occurred while sending the request.
---- System.IO.IOException : Unable to read data from the transport connection: Connection reset by peer.
-------- System.Net.Sockets.SocketException : Connection reset by peer</Message>
          <StackTrace>   at System.Net.Http.HttpConnection.SendAsync(HttpRequestMessage request, Boolean async, CancellationToken cancellationToken)
   at System.Net.Http.HttpConnectionPool.SendWithVersionDetectionAndRetryAsync(HttpRequestMessage request, Boolean async, Boolean doRequestAuth, CancellationToken cancellationToken)
   at System.Net.Http.RedirectHandler.SendAsync(HttpRequestMessage request, Boolean async, CancellationToken cancellationToken)
   at System.Net.Http.HttpClient.&lt;SendAsync&gt;g__Core|83_0(HttpRequestMessage request, HttpCompletionOption completionOption, CancellationTokenSource cts, Boolean disposeCts, CancellationTokenSource pendingRequestsCts, CancellationToken originalCancellationToken)
   at AIEngineTests.Helpers.AIEngineApiClient.VerifyAgeAsync(AgeVerificationRequest request) in /Users/charrcy/projects/WeedGo/microservices/ai-engine-service/tests/WeedGo.AIEngine.Tests/AIEngineTests/AIEngineTests/Helpers/AIEngineApiClient.cs:line 44
   at AIEngineTests.Tests.AgeVerificationTests.Should_Persist_Verification_Across_Sessions() in /Users/charrcy/projects/WeedGo/microservices/ai-engine-service/tests/WeedGo.AIEngine.Tests/AIEngineTests/AIEngineTests/Tests/AgeVerificationTests.cs:line 88
--- End of stack trace from previous location ---
----- Inner Stack Trace -----
   at System.Net.Sockets.Socket.AwaitableSocketAsyncEventArgs.ThrowException(SocketError error, CancellationToken cancellationToken)
   at System.Net.Sockets.Socket.AwaitableSocketAsyncEventArgs.System.Threading.Tasks.Sources.IValueTaskSource&lt;System.Int32&gt;.GetResult(Int16 token)
   at System.Net.Http.HttpConnection.SendAsync(HttpRequestMessage request, Boolean async, CancellationToken cancellationToken)
----- Inner Stack Trace -----
</StackTrace>
        </ErrorInfo>
      </Output>
    </UnitTestResult>
    <UnitTestResult executionId="4c8b2e0e-909d-4a40-9cc2-5ed9a9aafa82" testId="c7d557b6-a985-9c43-1d1a-0a28f90b79a5" testName="AIEngineTests.Tests.ParsingTests.Should_Parse_Product_Types(productType: &quot;vape&quot;, expectedKeywords: [&quot;vape&quot;, &quot;cartridge&quot;])" computerName="Charless-MacBook-Pro" duration="00:00:00.0008916" startTime="2025-08-23T00:26:36.1193640-04:00" endTime="2025-08-23T00:26:36.1193640-04:00" testType="13cdc9d9-ddb5-4fa4-a97d-d965ccfc6d4b" outcome="Failed" testListId="8c84fa94-04c1-424b-9868-57a2d4851a1d" relativeResultsDirectory="4c8b2e0e-909d-4a40-9cc2-5ed9a9aafa82">
      <Output>
        <ErrorInfo>
          <Message>System.Net.Http.HttpRequestException : Connection refused (localhost:8080)
---- System.Net.Sockets.SocketException : Connection refused</Message>
          <StackTrace>   at System.Net.Http.HttpConnectionPool.ConnectToTcpHostAsync(String host, Int32 port, HttpRequestMessage initialRequest, Boolean async, CancellationToken cancellationToken)
   at System.Net.Http.HttpConnectionPool.ConnectAsync(HttpRequestMessage request, Boolean async, CancellationToken cancellationToken)
   at System.Net.Http.HttpConnectionPool.CreateHttp11ConnectionAsync(HttpRequestMessage request, Boolean async, CancellationToken cancellationToken)
   at System.Net.Http.HttpConnectionPool.InjectNewHttp11ConnectionAsync(QueueItem queueItem)
   at System.Threading.Tasks.TaskCompletionSourceWithCancellation`1.WaitWithCancellationAsync(CancellationToken cancellationToken)
   at System.Net.Http.HttpConnectionPool.SendWithVersionDetectionAndRetryAsync(HttpRequestMessage request, Boolean async, Boolean doRequestAuth, CancellationToken cancellationToken)
   at System.Net.Http.RedirectHandler.SendAsync(HttpRequestMessage request, Boolean async, CancellationToken cancellationToken)
   at System.Net.Http.HttpClient.&lt;SendAsync&gt;g__Core|83_0(HttpRequestMessage request, HttpCompletionOption completionOption, CancellationTokenSource cts, Boolean disposeCts, CancellationTokenSource pendingRequestsCts, CancellationToken originalCancellationToken)
   at AIEngineTests.Helpers.AIEngineApiClient.VerifyAgeAsync(AgeVerificationRequest request) in /Users/charrcy/projects/WeedGo/microservices/ai-engine-service/tests/WeedGo.AIEngine.Tests/AIEngineTests/AIEngineTests/Helpers/AIEngineApiClient.cs:line 44
   at AIEngineTests.Tests.ParsingTests.VerifyUser(String customerId) in /Users/charrcy/projects/WeedGo/microservices/ai-engine-service/tests/WeedGo.AIEngine.Tests/AIEngineTests/AIEngineTests/Tests/ParsingTests.cs:line 185
   at AIEngineTests.Tests.ParsingTests.Should_Parse_Product_Types(String productType, String[] expectedKeywords) in /Users/charrcy/projects/WeedGo/microservices/ai-engine-service/tests/WeedGo.AIEngine.Tests/AIEngineTests/AIEngineTests/Tests/ParsingTests.cs:line 123
--- End of stack trace from previous location ---
----- Inner Stack Trace -----
   at System.Net.Sockets.Socket.AwaitableSocketAsyncEventArgs.ThrowException(SocketError error, CancellationToken cancellationToken)
   at System.Net.Sockets.Socket.AwaitableSocketAsyncEventArgs.System.Threading.Tasks.Sources.IValueTaskSource.GetResult(Int16 token)
   at System.Net.Sockets.Socket.&lt;ConnectAsync&gt;g__WaitForConnectWithCancellation|285_0(AwaitableSocketAsyncEventArgs saea, ValueTask connectTask, CancellationToken cancellationToken)
   at System.Net.Http.HttpConnectionPool.ConnectToTcpHostAsync(String host, Int32 port, HttpRequestMessage initialRequest, Boolean async, CancellationToken cancellationToken)</StackTrace>
        </ErrorInfo>
      </Output>
    </UnitTestResult>
    <UnitTestResult executionId="2b47bcc1-a76b-409a-8cd0-b1eaae6ac875" testId="ec35dc56-e4da-c0dd-60a7-2143dc4fdf6e" testName="AIEngineTests.Tests.ParsingTests.Should_Parse_Complex_Requests" computerName="Charless-MacBook-Pro" duration="00:00:00.0014605" startTime="2025-08-23T00:26:36.1301850-04:00" endTime="2025-08-23T00:26:36.1301850-04:00" testType="13cdc9d9-ddb5-4fa4-a97d-d965ccfc6d4b" outcome="Failed" testListId="8c84fa94-04c1-424b-9868-57a2d4851a1d" relativeResultsDirectory="2b47bcc1-a76b-409a-8cd0-b1eaae6ac875">
      <Output>
        <ErrorInfo>
          <Message>System.Net.Http.HttpRequestException : Connection refused (localhost:8080)
---- System.Net.Sockets.SocketException : Connection refused</Message>
          <StackTrace>   at System.Net.Http.HttpConnectionPool.ConnectToTcpHostAsync(String host, Int32 port, HttpRequestMessage initialRequest, Boolean async, CancellationToken cancellationToken)
   at System.Net.Http.HttpConnectionPool.ConnectAsync(HttpRequestMessage request, Boolean async, CancellationToken cancellationToken)
   at System.Net.Http.HttpConnectionPool.CreateHttp11ConnectionAsync(HttpRequestMessage request, Boolean async, CancellationToken cancellationToken)
   at System.Net.Http.HttpConnectionPool.InjectNewHttp11ConnectionAsync(QueueItem queueItem)
   at System.Threading.Tasks.TaskCompletionSourceWithCancellation`1.WaitWithCancellationAsync(CancellationToken cancellationToken)
   at System.Net.Http.HttpConnectionPool.SendWithVersionDetectionAndRetryAsync(HttpRequestMessage request, Boolean async, Boolean doRequestAuth, CancellationToken cancellationToken)
   at System.Net.Http.RedirectHandler.SendAsync(HttpRequestMessage request, Boolean async, CancellationToken cancellationToken)
   at System.Net.Http.HttpClient.&lt;SendAsync&gt;g__Core|83_0(HttpRequestMessage request, HttpCompletionOption completionOption, CancellationTokenSource cts, Boolean disposeCts, CancellationTokenSource pendingRequestsCts, CancellationToken originalCancellationToken)
   at AIEngineTests.Helpers.AIEngineApiClient.VerifyAgeAsync(AgeVerificationRequest request) in /Users/charrcy/projects/WeedGo/microservices/ai-engine-service/tests/WeedGo.AIEngine.Tests/AIEngineTests/AIEngineTests/Helpers/AIEngineApiClient.cs:line 44
   at AIEngineTests.Tests.ParsingTests.VerifyUser(String customerId) in /Users/charrcy/projects/WeedGo/microservices/ai-engine-service/tests/WeedGo.AIEngine.Tests/AIEngineTests/AIEngineTests/Tests/ParsingTests.cs:line 185
   at AIEngineTests.Tests.ParsingTests.Should_Parse_Complex_Requests() in /Users/charrcy/projects/WeedGo/microservices/ai-engine-service/tests/WeedGo.AIEngine.Tests/AIEngineTests/AIEngineTests/Tests/ParsingTests.cs:line 151
--- End of stack trace from previous location ---
----- Inner Stack Trace -----
   at System.Net.Sockets.Socket.AwaitableSocketAsyncEventArgs.ThrowException(SocketError error, CancellationToken cancellationToken)
   at System.Net.Sockets.Socket.AwaitableSocketAsyncEventArgs.System.Threading.Tasks.Sources.IValueTaskSource.GetResult(Int16 token)
   at System.Net.Sockets.Socket.&lt;ConnectAsync&gt;g__WaitForConnectWithCancellation|285_0(AwaitableSocketAsyncEventArgs saea, ValueTask connectTask, CancellationToken cancellationToken)
   at System.Net.Http.HttpConnectionPool.ConnectToTcpHostAsync(String host, Int32 port, HttpRequestMessage initialRequest, Boolean async, CancellationToken cancellationToken)</StackTrace>
        </ErrorInfo>
      </Output>
    </UnitTestResult>
    <UnitTestResult executionId="48aea6e3-3ca2-457c-9deb-b5e0e5f97cc0" testId="0e3294c4-0a8f-d74e-b61a-ed82e4bfd820" testName="AIEngineTests.Tests.ParsingTests.Should_Parse_Strain_Types(strainPhrase: &quot;indica&quot;, expectedStrain: &quot;indica&quot;)" computerName="Charless-MacBook-Pro" duration="00:00:00.0037924" startTime="2025-08-23T00:26:36.1216290-04:00" endTime="2025-08-23T00:26:36.1216290-04:00" testType="13cdc9d9-ddb5-4fa4-a97d-d965ccfc6d4b" outcome="Failed" testListId="8c84fa94-04c1-424b-9868-57a2d4851a1d" relativeResultsDirectory="48aea6e3-3ca2-457c-9deb-b5e0e5f97cc0">
      <Output>
        <ErrorInfo>
          <Message>System.Net.Http.HttpRequestException : Connection refused (localhost:8080)
---- System.Net.Sockets.SocketException : Connection refused</Message>
          <StackTrace>   at System.Net.Http.HttpConnectionPool.ConnectToTcpHostAsync(String host, Int32 port, HttpRequestMessage initialRequest, Boolean async, CancellationToken cancellationToken)
   at System.Net.Http.HttpConnectionPool.ConnectAsync(HttpRequestMessage request, Boolean async, CancellationToken cancellationToken)
   at System.Net.Http.HttpConnectionPool.CreateHttp11ConnectionAsync(HttpRequestMessage request, Boolean async, CancellationToken cancellationToken)
   at System.Net.Http.HttpConnectionPool.InjectNewHttp11ConnectionAsync(QueueItem queueItem)
   at System.Threading.Tasks.TaskCompletionSourceWithCancellation`1.WaitWithCancellationAsync(CancellationToken cancellationToken)
   at System.Net.Http.HttpConnectionPool.SendWithVersionDetectionAndRetryAsync(HttpRequestMessage request, Boolean async, Boolean doRequestAuth, CancellationToken cancellationToken)
   at System.Net.Http.RedirectHandler.SendAsync(HttpRequestMessage request, Boolean async, CancellationToken cancellationToken)
   at System.Net.Http.HttpClient.&lt;SendAsync&gt;g__Core|83_0(HttpRequestMessage request, HttpCompletionOption completionOption, CancellationTokenSource cts, Boolean disposeCts, CancellationTokenSource pendingRequestsCts, CancellationToken originalCancellationToken)
   at AIEngineTests.Helpers.AIEngineApiClient.VerifyAgeAsync(AgeVerificationRequest request) in /Users/charrcy/projects/WeedGo/microservices/ai-engine-service/tests/WeedGo.AIEngine.Tests/AIEngineTests/AIEngineTests/Helpers/AIEngineApiClient.cs:line 44
   at AIEngineTests.Tests.ParsingTests.VerifyUser(String customerId) in /Users/charrcy/projects/WeedGo/microservices/ai-engine-service/tests/WeedGo.AIEngine.Tests/AIEngineTests/AIEngineTests/Tests/ParsingTests.cs:line 185
   at AIEngineTests.Tests.ParsingTests.Should_Parse_Strain_Types(String strainPhrase, String expectedStrain) in /Users/charrcy/projects/WeedGo/microservices/ai-engine-service/tests/WeedGo.AIEngine.Tests/AIEngineTests/AIEngineTests/Tests/ParsingTests.cs:line 90
--- End of stack trace from previous location ---
----- Inner Stack Trace -----
   at System.Net.Sockets.Socket.AwaitableSocketAsyncEventArgs.ThrowException(SocketError error, CancellationToken cancellationToken)
   at System.Net.Sockets.Socket.AwaitableSocketAsyncEventArgs.System.Threading.Tasks.Sources.IValueTaskSource.GetResult(Int16 token)
   at System.Net.Sockets.Socket.&lt;ConnectAsync&gt;g__WaitForConnectWithCancellation|285_0(AwaitableSocketAsyncEventArgs saea, ValueTask connectTask, CancellationToken cancellationToken)
   at System.Net.Http.HttpConnectionPool.ConnectToTcpHostAsync(String host, Int32 port, HttpRequestMessage initialRequest, Boolean async, CancellationToken cancellationToken)</StackTrace>
        </ErrorInfo>
      </Output>
    </UnitTestResult>
    <UnitTestResult executionId="8bc000a8-eb24-4f00-b3af-65cedfd40496" testId="230b279f-ef2b-bb19-1a0b-df465df1cfbe" testName="AIEngineTests.Tests.ParsingTests.Should_Parse_Single_Budget_Values(budgetPhrase: &quot;under 10$&quot;, expectedMax: 10)" computerName="Charless-MacBook-Pro" duration="00:00:00.0010610" startTime="2025-08-23T00:26:36.1246710-04:00" endTime="2025-08-23T00:26:36.1246710-04:00" testType="13cdc9d9-ddb5-4fa4-a97d-d965ccfc6d4b" outcome="Failed" testListId="8c84fa94-04c1-424b-9868-57a2d4851a1d" relativeResultsDirectory="8bc000a8-eb24-4f00-b3af-65cedfd40496">
      <Output>
        <ErrorInfo>
          <Message>System.Net.Http.HttpRequestException : Connection refused (localhost:8080)
---- System.Net.Sockets.SocketException : Connection refused</Message>
          <StackTrace>   at System.Net.Http.HttpConnectionPool.ConnectToTcpHostAsync(String host, Int32 port, HttpRequestMessage initialRequest, Boolean async, CancellationToken cancellationToken)
   at System.Net.Http.HttpConnectionPool.ConnectAsync(HttpRequestMessage request, Boolean async, CancellationToken cancellationToken)
   at System.Net.Http.HttpConnectionPool.CreateHttp11ConnectionAsync(HttpRequestMessage request, Boolean async, CancellationToken cancellationToken)
   at System.Net.Http.HttpConnectionPool.InjectNewHttp11ConnectionAsync(QueueItem queueItem)
   at System.Threading.Tasks.TaskCompletionSourceWithCancellation`1.WaitWithCancellationAsync(CancellationToken cancellationToken)
   at System.Net.Http.HttpConnectionPool.SendWithVersionDetectionAndRetryAsync(HttpRequestMessage request, Boolean async, Boolean doRequestAuth, CancellationToken cancellationToken)
   at System.Net.Http.RedirectHandler.SendAsync(HttpRequestMessage request, Boolean async, CancellationToken cancellationToken)
   at System.Net.Http.HttpClient.&lt;SendAsync&gt;g__Core|83_0(HttpRequestMessage request, HttpCompletionOption completionOption, CancellationTokenSource cts, Boolean disposeCts, CancellationTokenSource pendingRequestsCts, CancellationToken originalCancellationToken)
   at AIEngineTests.Helpers.AIEngineApiClient.VerifyAgeAsync(AgeVerificationRequest request) in /Users/charrcy/projects/WeedGo/microservices/ai-engine-service/tests/WeedGo.AIEngine.Tests/AIEngineTests/AIEngineTests/Helpers/AIEngineApiClient.cs:line 44
   at AIEngineTests.Tests.ParsingTests.VerifyUser(String customerId) in /Users/charrcy/projects/WeedGo/microservices/ai-engine-service/tests/WeedGo.AIEngine.Tests/AIEngineTests/AIEngineTests/Tests/ParsingTests.cs:line 185
   at AIEngineTests.Tests.ParsingTests.Should_Parse_Single_Budget_Values(String budgetPhrase, Decimal expectedMax) in /Users/charrcy/projects/WeedGo/microservices/ai-engine-service/tests/WeedGo.AIEngine.Tests/AIEngineTests/AIEngineTests/Tests/ParsingTests.cs:line 27
--- End of stack trace from previous location ---
----- Inner Stack Trace -----
   at System.Net.Sockets.Socket.AwaitableSocketAsyncEventArgs.ThrowException(SocketError error, CancellationToken cancellationToken)
   at System.Net.Sockets.Socket.AwaitableSocketAsyncEventArgs.System.Threading.Tasks.Sources.IValueTaskSource.GetResult(Int16 token)
   at System.Net.Sockets.Socket.&lt;ConnectAsync&gt;g__WaitForConnectWithCancellation|285_0(AwaitableSocketAsyncEventArgs saea, ValueTask connectTask, CancellationToken cancellationToken)
   at System.Net.Http.HttpConnectionPool.ConnectToTcpHostAsync(String host, Int32 port, HttpRequestMessage initialRequest, Boolean async, CancellationToken cancellationToken)</StackTrace>
        </ErrorInfo>
      </Output>
    </UnitTestResult>
    <UnitTestResult executionId="76db176e-b3fd-46ba-881d-83341d8c7477" testId="0f974b0a-4e4d-42d1-1840-cbc9cae62e79" testName="AIEngineTests.Tests.AgeVerificationTests.Should_Require_Age_Verification_For_New_Users" computerName="Charless-MacBook-Pro" duration="00:00:00.0258395" startTime="2025-08-23T00:26:36.0253110-04:00" endTime="2025-08-23T00:26:36.0253190-04:00" testType="13cdc9d9-ddb5-4fa4-a97d-d965ccfc6d4b" outcome="Passed" testListId="8c84fa94-04c1-424b-9868-57a2d4851a1d" relativeResultsDirectory="76db176e-b3fd-46ba-881d-83341d8c7477" />
    <UnitTestResult executionId="845e2247-8628-4cf4-9b88-355c4a4c904a" testId="f57f5ea6-e7a4-e3cf-8978-3f986c7175b7" testName="AIEngineTests.Tests.ParsingTests.Should_Parse_Budget_Ranges(budgetPhrase: &quot;$25 - $50&quot;, expectedMin: 25, expectedMax: 50)" computerName="Charless-MacBook-Pro" duration="00:00:00.0876098" startTime="2025-08-23T00:26:36.0937710-04:00" endTime="2025-08-23T00:26:36.0937710-04:00" testType="13cdc9d9-ddb5-4fa4-a97d-d965ccfc6d4b" outcome="Failed" testListId="8c84fa94-04c1-424b-9868-57a2d4851a1d" relativeResultsDirectory="845e2247-8628-4cf4-9b88-355c4a4c904a">
      <Output>
        <ErrorInfo>
          <Message>System.Net.Http.HttpRequestException : An error occurred while sending the request.
---- System.Net.Http.HttpIOException : The response ended prematurely. (ResponseEnded)</Message>
          <StackTrace>   at System.Net.Http.HttpConnection.SendAsync(HttpRequestMessage request, Boolean async, CancellationToken cancellationToken)
   at System.Net.Http.HttpConnectionPool.SendWithVersionDetectionAndRetryAsync(HttpRequestMessage request, Boolean async, Boolean doRequestAuth, CancellationToken cancellationToken)
   at System.Net.Http.RedirectHandler.SendAsync(HttpRequestMessage request, Boolean async, CancellationToken cancellationToken)
   at System.Net.Http.HttpClient.&lt;SendAsync&gt;g__Core|83_0(HttpRequestMessage request, HttpCompletionOption completionOption, CancellationTokenSource cts, Boolean disposeCts, CancellationTokenSource pendingRequestsCts, CancellationToken originalCancellationToken)
   at AIEngineTests.Helpers.AIEngineApiClient.SendChatMessageAsync(ChatRequest request) in /Users/charrcy/projects/WeedGo/microservices/ai-engine-service/tests/WeedGo.AIEngine.Tests/AIEngineTests/AIEngineTests/Helpers/AIEngineApiClient.cs:line 27
   at AIEngineTests.Tests.ParsingTests.Should_Parse_Budget_Ranges(String budgetPhrase, Decimal expectedMin, Decimal expectedMax) in /Users/charrcy/projects/WeedGo/microservices/ai-engine-service/tests/WeedGo.AIEngine.Tests/AIEngineTests/AIEngineTests/Tests/ParsingTests.cs:line 67
--- End of stack trace from previous location ---
----- Inner Stack Trace -----
   at System.Net.Http.HttpConnection.SendAsync(HttpRequestMessage request, Boolean async, CancellationToken cancellationToken)</StackTrace>
        </ErrorInfo>
      </Output>
    </UnitTestResult>
    <UnitTestResult executionId="379b82a3-6b9f-4dfc-9b54-0b526eb22c5d" testId="dfbbb2f2-3087-b1d1-1bab-29b67ee52b0f" testName="AIEngineTests.Tests.ParsingTests.Should_Parse_Strain_Types(strainPhrase: &quot;hybrid&quot;, expectedStrain: &quot;hybrid&quot;)" computerName="Charless-MacBook-Pro" duration="00:00:00.0011126" startTime="2025-08-23T00:26:36.1220040-04:00" endTime="2025-08-23T00:26:36.1220040-04:00" testType="13cdc9d9-ddb5-4fa4-a97d-d965ccfc6d4b" outcome="Failed" testListId="8c84fa94-04c1-424b-9868-57a2d4851a1d" relativeResultsDirectory="379b82a3-6b9f-4dfc-9b54-0b526eb22c5d">
      <Output>
        <ErrorInfo>
          <Message>System.Net.Http.HttpRequestException : Connection refused (localhost:8080)
---- System.Net.Sockets.SocketException : Connection refused</Message>
          <StackTrace>   at System.Net.Http.HttpConnectionPool.ConnectToTcpHostAsync(String host, Int32 port, HttpRequestMessage initialRequest, Boolean async, CancellationToken cancellationToken)
   at System.Net.Http.HttpConnectionPool.ConnectAsync(HttpRequestMessage request, Boolean async, CancellationToken cancellationToken)
   at System.Net.Http.HttpConnectionPool.CreateHttp11ConnectionAsync(HttpRequestMessage request, Boolean async, CancellationToken cancellationToken)
   at System.Net.Http.HttpConnectionPool.InjectNewHttp11ConnectionAsync(QueueItem queueItem)
   at System.Threading.Tasks.TaskCompletionSourceWithCancellation`1.WaitWithCancellationAsync(CancellationToken cancellationToken)
   at System.Net.Http.HttpConnectionPool.SendWithVersionDetectionAndRetryAsync(HttpRequestMessage request, Boolean async, Boolean doRequestAuth, CancellationToken cancellationToken)
   at System.Net.Http.RedirectHandler.SendAsync(HttpRequestMessage request, Boolean async, CancellationToken cancellationToken)
   at System.Net.Http.HttpClient.&lt;SendAsync&gt;g__Core|83_0(HttpRequestMessage request, HttpCompletionOption completionOption, CancellationTokenSource cts, Boolean disposeCts, CancellationTokenSource pendingRequestsCts, CancellationToken originalCancellationToken)
   at AIEngineTests.Helpers.AIEngineApiClient.VerifyAgeAsync(AgeVerificationRequest request) in /Users/charrcy/projects/WeedGo/microservices/ai-engine-service/tests/WeedGo.AIEngine.Tests/AIEngineTests/AIEngineTests/Helpers/AIEngineApiClient.cs:line 44
   at AIEngineTests.Tests.ParsingTests.VerifyUser(String customerId) in /Users/charrcy/projects/WeedGo/microservices/ai-engine-service/tests/WeedGo.AIEngine.Tests/AIEngineTests/AIEngineTests/Tests/ParsingTests.cs:line 185
   at AIEngineTests.Tests.ParsingTests.Should_Parse_Strain_Types(String strainPhrase, String expectedStrain) in /Users/charrcy/projects/WeedGo/microservices/ai-engine-service/tests/WeedGo.AIEngine.Tests/AIEngineTests/AIEngineTests/Tests/ParsingTests.cs:line 90
--- End of stack trace from previous location ---
----- Inner Stack Trace -----
   at System.Net.Sockets.Socket.AwaitableSocketAsyncEventArgs.ThrowException(SocketError error, CancellationToken cancellationToken)
   at System.Net.Sockets.Socket.AwaitableSocketAsyncEventArgs.System.Threading.Tasks.Sources.IValueTaskSource.GetResult(Int16 token)
   at System.Net.Sockets.Socket.&lt;ConnectAsync&gt;g__WaitForConnectWithCancellation|285_0(AwaitableSocketAsyncEventArgs saea, ValueTask connectTask, CancellationToken cancellationToken)
   at System.Net.Http.HttpConnectionPool.ConnectToTcpHostAsync(String host, Int32 port, HttpRequestMessage initialRequest, Boolean async, CancellationToken cancellationToken)</StackTrace>
        </ErrorInfo>
      </Output>
    </UnitTestResult>
    <UnitTestResult executionId="4df1fd62-27ee-4d9a-9f8d-0c41f137dd42" testId="2db870ad-84a8-c6e3-ffb6-883df852984f" testName="AIEngineTests.Tests.DirectProductRequestTests.Should_Recognize_Joint_As_Flower_Product" computerName="Charless-MacBook-Pro" duration="00:00:00.0876514" startTime="2025-08-23T00:26:36.0934860-04:00" endTime="2025-08-23T00:26:36.0934860-04:00" testType="13cdc9d9-ddb5-4fa4-a97d-d965ccfc6d4b" outcome="Failed" testListId="8c84fa94-04c1-424b-9868-57a2d4851a1d" relativeResultsDirectory="4df1fd62-27ee-4d9a-9f8d-0c41f137dd42">
      <Output>
        <ErrorInfo>
          <Message>System.Net.Http.HttpRequestException : An error occurred while sending the request.
---- System.Net.Http.HttpIOException : The response ended prematurely. (ResponseEnded)</Message>
          <StackTrace>   at System.Net.Http.HttpConnection.SendAsync(HttpRequestMessage request, Boolean async, CancellationToken cancellationToken)
   at System.Net.Http.HttpConnectionPool.SendWithVersionDetectionAndRetryAsync(HttpRequestMessage request, Boolean async, Boolean doRequestAuth, CancellationToken cancellationToken)
   at System.Net.Http.RedirectHandler.SendAsync(HttpRequestMessage request, Boolean async, CancellationToken cancellationToken)
   at System.Net.Http.HttpClient.&lt;SendAsync&gt;g__Core|83_0(HttpRequestMessage request, HttpCompletionOption completionOption, CancellationTokenSource cts, Boolean disposeCts, CancellationTokenSource pendingRequestsCts, CancellationToken originalCancellationToken)
   at AIEngineTests.Helpers.AIEngineApiClient.SendChatMessageAsync(ChatRequest request) in /Users/charrcy/projects/WeedGo/microservices/ai-engine-service/tests/WeedGo.AIEngine.Tests/AIEngineTests/AIEngineTests/Helpers/AIEngineApiClient.cs:line 27
   at AIEngineTests.Tests.DirectProductRequestTests.Should_Recognize_Joint_As_Flower_Product() in /Users/charrcy/projects/WeedGo/microservices/ai-engine-service/tests/WeedGo.AIEngine.Tests/AIEngineTests/AIEngineTests/Tests/DirectProductRequestTests.cs:line 85
--- End of stack trace from previous location ---
----- Inner Stack Trace -----
   at System.Net.Http.HttpConnection.SendAsync(HttpRequestMessage request, Boolean async, CancellationToken cancellationToken)</StackTrace>
        </ErrorInfo>
      </Output>
    </UnitTestResult>
    <UnitTestResult executionId="32106822-b376-4889-926a-3c06edf27b73" testId="53a62b94-734e-173e-1f80-e3041fa7f7ad" testName="AIEngineTests.Tests.ParsingTests.Should_Parse_Budget_Ranges(budgetPhrase: &quot;20-40 dollars&quot;, expectedMin: 20, expectedMax: 40)" computerName="Charless-MacBook-Pro" duration="00:00:00.0011639" startTime="2025-08-23T00:26:36.1146230-04:00" endTime="2025-08-23T00:26:36.1146230-04:00" testType="13cdc9d9-ddb5-4fa4-a97d-d965ccfc6d4b" outcome="Failed" testListId="8c84fa94-04c1-424b-9868-57a2d4851a1d" relativeResultsDirectory="32106822-b376-4889-926a-3c06edf27b73">
      <Output>
        <ErrorInfo>
          <Message>System.Net.Http.HttpRequestException : Connection refused (localhost:8080)
---- System.Net.Sockets.SocketException : Connection refused</Message>
          <StackTrace>   at System.Net.Http.HttpConnectionPool.ConnectToTcpHostAsync(String host, Int32 port, HttpRequestMessage initialRequest, Boolean async, CancellationToken cancellationToken)
   at System.Net.Http.HttpConnectionPool.ConnectAsync(HttpRequestMessage request, Boolean async, CancellationToken cancellationToken)
   at System.Net.Http.HttpConnectionPool.CreateHttp11ConnectionAsync(HttpRequestMessage request, Boolean async, CancellationToken cancellationToken)
   at System.Net.Http.HttpConnectionPool.InjectNewHttp11ConnectionAsync(QueueItem queueItem)
   at System.Threading.Tasks.TaskCompletionSourceWithCancellation`1.WaitWithCancellationAsync(CancellationToken cancellationToken)
   at System.Net.Http.HttpConnectionPool.SendWithVersionDetectionAndRetryAsync(HttpRequestMessage request, Boolean async, Boolean doRequestAuth, CancellationToken cancellationToken)
   at System.Net.Http.RedirectHandler.SendAsync(HttpRequestMessage request, Boolean async, CancellationToken cancellationToken)
   at System.Net.Http.HttpClient.&lt;SendAsync&gt;g__Core|83_0(HttpRequestMessage request, HttpCompletionOption completionOption, CancellationTokenSource cts, Boolean disposeCts, CancellationTokenSource pendingRequestsCts, CancellationToken originalCancellationToken)
   at AIEngineTests.Helpers.AIEngineApiClient.VerifyAgeAsync(AgeVerificationRequest request) in /Users/charrcy/projects/WeedGo/microservices/ai-engine-service/tests/WeedGo.AIEngine.Tests/AIEngineTests/AIEngineTests/Helpers/AIEngineApiClient.cs:line 44
   at AIEngineTests.Tests.ParsingTests.VerifyUser(String customerId) in /Users/charrcy/projects/WeedGo/microservices/ai-engine-service/tests/WeedGo.AIEngine.Tests/AIEngineTests/AIEngineTests/Tests/ParsingTests.cs:line 185
   at AIEngineTests.Tests.ParsingTests.Should_Parse_Budget_Ranges(String budgetPhrase, Decimal expectedMin, Decimal expectedMax) in /Users/charrcy/projects/WeedGo/microservices/ai-engine-service/tests/WeedGo.AIEngine.Tests/AIEngineTests/AIEngineTests/Tests/ParsingTests.cs:line 57
--- End of stack trace from previous location ---
----- Inner Stack Trace -----
   at System.Net.Sockets.Socket.AwaitableSocketAsyncEventArgs.ThrowException(SocketError error, CancellationToken cancellationToken)
   at System.Net.Sockets.Socket.AwaitableSocketAsyncEventArgs.System.Threading.Tasks.Sources.IValueTaskSource.GetResult(Int16 token)
   at System.Net.Sockets.Socket.&lt;ConnectAsync&gt;g__WaitForConnectWithCancellation|285_0(AwaitableSocketAsyncEventArgs saea, ValueTask connectTask, CancellationToken cancellationToken)
   at System.Net.Http.HttpConnectionPool.ConnectToTcpHostAsync(String host, Int32 port, HttpRequestMessage initialRequest, Boolean async, CancellationToken cancellationToken)</StackTrace>
        </ErrorInfo>
      </Output>
    </UnitTestResult>
    <UnitTestResult executionId="2b88bfc1-ec3c-40e7-8d9b-5702a52ce544" testId="be889632-9ff5-f5d0-54d8-bcdb85d11a72" testName="AIEngineTests.Tests.DirectProductRequestTests.Should_Parse_Budget_Under_Pattern" computerName="Charless-MacBook-Pro" duration="00:00:00.0014126" startTime="2025-08-23T00:26:36.1113850-04:00" endTime="2025-08-23T00:26:36.1113850-04:00" testType="13cdc9d9-ddb5-4fa4-a97d-d965ccfc6d4b" outcome="Failed" testListId="8c84fa94-04c1-424b-9868-57a2d4851a1d" relativeResultsDirectory="2b88bfc1-ec3c-40e7-8d9b-5702a52ce544">
      <Output>
        <ErrorInfo>
          <Message>System.Net.Http.HttpRequestException : Connection refused (localhost:8080)
---- System.Net.Sockets.SocketException : Connection refused</Message>
          <StackTrace>   at System.Net.Http.HttpConnectionPool.ConnectToTcpHostAsync(String host, Int32 port, HttpRequestMessage initialRequest, Boolean async, CancellationToken cancellationToken)
   at System.Net.Http.HttpConnectionPool.ConnectAsync(HttpRequestMessage request, Boolean async, CancellationToken cancellationToken)
   at System.Net.Http.HttpConnectionPool.CreateHttp11ConnectionAsync(HttpRequestMessage request, Boolean async, CancellationToken cancellationToken)
   at System.Net.Http.HttpConnectionPool.InjectNewHttp11ConnectionAsync(QueueItem queueItem)
   at System.Threading.Tasks.TaskCompletionSourceWithCancellation`1.WaitWithCancellationAsync(CancellationToken cancellationToken)
   at System.Net.Http.HttpConnectionPool.SendWithVersionDetectionAndRetryAsync(HttpRequestMessage request, Boolean async, Boolean doRequestAuth, CancellationToken cancellationToken)
   at System.Net.Http.RedirectHandler.SendAsync(HttpRequestMessage request, Boolean async, CancellationToken cancellationToken)
   at System.Net.Http.HttpClient.&lt;SendAsync&gt;g__Core|83_0(HttpRequestMessage request, HttpCompletionOption completionOption, CancellationTokenSource cts, Boolean disposeCts, CancellationTokenSource pendingRequestsCts, CancellationToken originalCancellationToken)
   at AIEngineTests.Helpers.AIEngineApiClient.VerifyAgeAsync(AgeVerificationRequest request) in /Users/charrcy/projects/WeedGo/microservices/ai-engine-service/tests/WeedGo.AIEngine.Tests/AIEngineTests/AIEngineTests/Helpers/AIEngineApiClient.cs:line 44
   at AIEngineTests.Tests.DirectProductRequestTests.VerifyTestUser(String customerId) in /Users/charrcy/projects/WeedGo/microservices/ai-engine-service/tests/WeedGo.AIEngine.Tests/AIEngineTests/AIEngineTests/Tests/DirectProductRequestTests.cs:line 133
   at AIEngineTests.Tests.DirectProductRequestTests.Should_Parse_Budget_Under_Pattern() in /Users/charrcy/projects/WeedGo/microservices/ai-engine-service/tests/WeedGo.AIEngine.Tests/AIEngineTests/AIEngineTests/Tests/DirectProductRequestTests.cs:line 58
--- End of stack trace from previous location ---
----- Inner Stack Trace -----
   at System.Net.Sockets.Socket.AwaitableSocketAsyncEventArgs.ThrowException(SocketError error, CancellationToken cancellationToken)
   at System.Net.Sockets.Socket.AwaitableSocketAsyncEventArgs.System.Threading.Tasks.Sources.IValueTaskSource.GetResult(Int16 token)
   at System.Net.Sockets.Socket.&lt;ConnectAsync&gt;g__WaitForConnectWithCancellation|285_0(AwaitableSocketAsyncEventArgs saea, ValueTask connectTask, CancellationToken cancellationToken)
   at System.Net.Http.HttpConnectionPool.ConnectToTcpHostAsync(String host, Int32 port, HttpRequestMessage initialRequest, Boolean async, CancellationToken cancellationToken)</StackTrace>
        </ErrorInfo>
      </Output>
    </UnitTestResult>
    <UnitTestResult executionId="95735d02-070f-4de1-9cd0-654e0c5d3ac3" testId="aae3a3cd-4d6f-1dab-3f9a-a5fe013c8ef6" testName="AIEngineTests.Tests.DirectProductRequestTests.Should_Return_Products_For_Direct_Sativa_Joint_Request" computerName="Charless-MacBook-Pro" duration="00:00:00.0028786" startTime="2025-08-23T00:26:36.1102130-04:00" endTime="2025-08-23T00:26:36.1102130-04:00" testType="13cdc9d9-ddb5-4fa4-a97d-d965ccfc6d4b" outcome="Failed" testListId="8c84fa94-04c1-424b-9868-57a2d4851a1d" relativeResultsDirectory="95735d02-070f-4de1-9cd0-654e0c5d3ac3">
      <Output>
        <ErrorInfo>
          <Message>System.Net.Http.HttpRequestException : Connection refused (localhost:8080)
---- System.Net.Sockets.SocketException : Connection refused</Message>
          <StackTrace>   at System.Net.Http.HttpConnectionPool.ConnectToTcpHostAsync(String host, Int32 port, HttpRequestMessage initialRequest, Boolean async, CancellationToken cancellationToken)
   at System.Net.Http.HttpConnectionPool.ConnectAsync(HttpRequestMessage request, Boolean async, CancellationToken cancellationToken)
   at System.Net.Http.HttpConnectionPool.CreateHttp11ConnectionAsync(HttpRequestMessage request, Boolean async, CancellationToken cancellationToken)
   at System.Net.Http.HttpConnectionPool.InjectNewHttp11ConnectionAsync(QueueItem queueItem)
   at System.Threading.Tasks.TaskCompletionSourceWithCancellation`1.WaitWithCancellationAsync(CancellationToken cancellationToken)
   at System.Net.Http.HttpConnectionPool.SendWithVersionDetectionAndRetryAsync(HttpRequestMessage request, Boolean async, Boolean doRequestAuth, CancellationToken cancellationToken)
   at System.Net.Http.RedirectHandler.SendAsync(HttpRequestMessage request, Boolean async, CancellationToken cancellationToken)
   at System.Net.Http.HttpClient.&lt;SendAsync&gt;g__Core|83_0(HttpRequestMessage request, HttpCompletionOption completionOption, CancellationTokenSource cts, Boolean disposeCts, CancellationTokenSource pendingRequestsCts, CancellationToken originalCancellationToken)
   at AIEngineTests.Helpers.AIEngineApiClient.VerifyAgeAsync(AgeVerificationRequest request) in /Users/charrcy/projects/WeedGo/microservices/ai-engine-service/tests/WeedGo.AIEngine.Tests/AIEngineTests/AIEngineTests/Helpers/AIEngineApiClient.cs:line 44
   at AIEngineTests.Tests.DirectProductRequestTests.VerifyTestUser(String customerId) in /Users/charrcy/projects/WeedGo/microservices/ai-engine-service/tests/WeedGo.AIEngine.Tests/AIEngineTests/AIEngineTests/Tests/DirectProductRequestTests.cs:line 133
   at AIEngineTests.Tests.DirectProductRequestTests.Should_Return_Products_For_Direct_Sativa_Joint_Request() in /Users/charrcy/projects/WeedGo/microservices/ai-engine-service/tests/WeedGo.AIEngine.Tests/AIEngineTests/AIEngineTests/Tests/DirectProductRequestTests.cs:line 29
--- End of stack trace from previous location ---
----- Inner Stack Trace -----
   at System.Net.Sockets.Socket.AwaitableSocketAsyncEventArgs.ThrowException(SocketError error, CancellationToken cancellationToken)
   at System.Net.Sockets.Socket.AwaitableSocketAsyncEventArgs.System.Threading.Tasks.Sources.IValueTaskSource.GetResult(Int16 token)
   at System.Net.Sockets.Socket.&lt;ConnectAsync&gt;g__WaitForConnectWithCancellation|285_0(AwaitableSocketAsyncEventArgs saea, ValueTask connectTask, CancellationToken cancellationToken)
   at System.Net.Http.HttpConnectionPool.ConnectToTcpHostAsync(String host, Int32 port, HttpRequestMessage initialRequest, Boolean async, CancellationToken cancellationToken)</StackTrace>
        </ErrorInfo>
      </Output>
    </UnitTestResult>
    <UnitTestResult executionId="58b6c4bd-ef08-48e8-93a3-b050466aaaf5" testId="878af640-d890-e975-6709-5a2dba9c93ac" testName="AIEngineTests.Tests.ParsingTests.Should_Parse_Strain_Types(strainPhrase: &quot;indica heavy&quot;, expectedStrain: &quot;indica&quot;)" computerName="Charless-MacBook-Pro" duration="00:00:00.0010887" startTime="2025-08-23T00:26:36.1210550-04:00" endTime="2025-08-23T00:26:36.1210550-04:00" testType="13cdc9d9-ddb5-4fa4-a97d-d965ccfc6d4b" outcome="Failed" testListId="8c84fa94-04c1-424b-9868-57a2d4851a1d" relativeResultsDirectory="58b6c4bd-ef08-48e8-93a3-b050466aaaf5">
      <Output>
        <ErrorInfo>
          <Message>System.Net.Http.HttpRequestException : Connection refused (localhost:8080)
---- System.Net.Sockets.SocketException : Connection refused</Message>
          <StackTrace>   at System.Net.Http.HttpConnectionPool.ConnectToTcpHostAsync(String host, Int32 port, HttpRequestMessage initialRequest, Boolean async, CancellationToken cancellationToken)
   at System.Net.Http.HttpConnectionPool.ConnectAsync(HttpRequestMessage request, Boolean async, CancellationToken cancellationToken)
   at System.Net.Http.HttpConnectionPool.CreateHttp11ConnectionAsync(HttpRequestMessage request, Boolean async, CancellationToken cancellationToken)
   at System.Net.Http.HttpConnectionPool.InjectNewHttp11ConnectionAsync(QueueItem queueItem)
   at System.Threading.Tasks.TaskCompletionSourceWithCancellation`1.WaitWithCancellationAsync(CancellationToken cancellationToken)
   at System.Net.Http.HttpConnectionPool.SendWithVersionDetectionAndRetryAsync(HttpRequestMessage request, Boolean async, Boolean doRequestAuth, CancellationToken cancellationToken)
   at System.Net.Http.RedirectHandler.SendAsync(HttpRequestMessage request, Boolean async, CancellationToken cancellationToken)
   at System.Net.Http.HttpClient.&lt;SendAsync&gt;g__Core|83_0(HttpRequestMessage request, HttpCompletionOption completionOption, CancellationTokenSource cts, Boolean disposeCts, CancellationTokenSource pendingRequestsCts, CancellationToken originalCancellationToken)
   at AIEngineTests.Helpers.AIEngineApiClient.VerifyAgeAsync(AgeVerificationRequest request) in /Users/charrcy/projects/WeedGo/microservices/ai-engine-service/tests/WeedGo.AIEngine.Tests/AIEngineTests/AIEngineTests/Helpers/AIEngineApiClient.cs:line 44
   at AIEngineTests.Tests.ParsingTests.VerifyUser(String customerId) in /Users/charrcy/projects/WeedGo/microservices/ai-engine-service/tests/WeedGo.AIEngine.Tests/AIEngineTests/AIEngineTests/Tests/ParsingTests.cs:line 185
   at AIEngineTests.Tests.ParsingTests.Should_Parse_Strain_Types(String strainPhrase, String expectedStrain) in /Users/charrcy/projects/WeedGo/microservices/ai-engine-service/tests/WeedGo.AIEngine.Tests/AIEngineTests/AIEngineTests/Tests/ParsingTests.cs:line 90
--- End of stack trace from previous location ---
----- Inner Stack Trace -----
   at System.Net.Sockets.Socket.AwaitableSocketAsyncEventArgs.ThrowException(SocketError error, CancellationToken cancellationToken)
   at System.Net.Sockets.Socket.AwaitableSocketAsyncEventArgs.System.Threading.Tasks.Sources.IValueTaskSource.GetResult(Int16 token)
   at System.Net.Sockets.Socket.&lt;ConnectAsync&gt;g__WaitForConnectWithCancellation|285_0(AwaitableSocketAsyncEventArgs saea, ValueTask connectTask, CancellationToken cancellationToken)
   at System.Net.Http.HttpConnectionPool.ConnectToTcpHostAsync(String host, Int32 port, HttpRequestMessage initialRequest, Boolean async, CancellationToken cancellationToken)</StackTrace>
        </ErrorInfo>
      </Output>
    </UnitTestResult>
    <UnitTestResult executionId="1a39c58c-3498-442b-9b10-c5004f87043e" testId="b58bcd07-da9a-5573-d3f8-698bff24b6cf" testName="AIEngineTests.Tests.ConversationFlowTests.Should_Remember_Customer_Context" computerName="Charless-MacBook-Pro" duration="00:00:00.0017467" startTime="2025-08-23T00:26:36.1149820-04:00" endTime="2025-08-23T00:26:36.1149820-04:00" testType="13cdc9d9-ddb5-4fa4-a97d-d965ccfc6d4b" outcome="Failed" testListId="8c84fa94-04c1-424b-9868-57a2d4851a1d" relativeResultsDirectory="1a39c58c-3498-442b-9b10-c5004f87043e">
      <Output>
        <ErrorInfo>
          <Message>System.Net.Http.HttpRequestException : Connection refused (localhost:8080)
---- System.Net.Sockets.SocketException : Connection refused</Message>
          <StackTrace>   at System.Net.Http.HttpConnectionPool.ConnectToTcpHostAsync(String host, Int32 port, HttpRequestMessage initialRequest, Boolean async, CancellationToken cancellationToken)
   at System.Net.Http.HttpConnectionPool.ConnectAsync(HttpRequestMessage request, Boolean async, CancellationToken cancellationToken)
   at System.Net.Http.HttpConnectionPool.CreateHttp11ConnectionAsync(HttpRequestMessage request, Boolean async, CancellationToken cancellationToken)
   at System.Net.Http.HttpConnectionPool.InjectNewHttp11ConnectionAsync(QueueItem queueItem)
   at System.Threading.Tasks.TaskCompletionSourceWithCancellation`1.WaitWithCancellationAsync(CancellationToken cancellationToken)
   at System.Net.Http.HttpConnectionPool.SendWithVersionDetectionAndRetryAsync(HttpRequestMessage request, Boolean async, Boolean doRequestAuth, CancellationToken cancellationToken)
   at System.Net.Http.RedirectHandler.SendAsync(HttpRequestMessage request, Boolean async, CancellationToken cancellationToken)
   at System.Net.Http.HttpClient.&lt;SendAsync&gt;g__Core|83_0(HttpRequestMessage request, HttpCompletionOption completionOption, CancellationTokenSource cts, Boolean disposeCts, CancellationTokenSource pendingRequestsCts, CancellationToken originalCancellationToken)
   at AIEngineTests.Helpers.AIEngineApiClient.VerifyAgeAsync(AgeVerificationRequest request) in /Users/charrcy/projects/WeedGo/microservices/ai-engine-service/tests/WeedGo.AIEngine.Tests/AIEngineTests/AIEngineTests/Helpers/AIEngineApiClient.cs:line 44
   at AIEngineTests.Tests.ConversationFlowTests.VerifyUser(String customerId) in /Users/charrcy/projects/WeedGo/microservices/ai-engine-service/tests/WeedGo.AIEngine.Tests/AIEngineTests/AIEngineTests/Tests/ConversationFlowTests.cs:line 173
   at AIEngineTests.Tests.ConversationFlowTests.Should_Remember_Customer_Context() in /Users/charrcy/projects/WeedGo/microservices/ai-engine-service/tests/WeedGo.AIEngine.Tests/AIEngineTests/AIEngineTests/Tests/ConversationFlowTests.cs:line 133
--- End of stack trace from previous location ---
----- Inner Stack Trace -----
   at System.Net.Sockets.Socket.AwaitableSocketAsyncEventArgs.ThrowException(SocketError error, CancellationToken cancellationToken)
   at System.Net.Sockets.Socket.AwaitableSocketAsyncEventArgs.System.Threading.Tasks.Sources.IValueTaskSource.GetResult(Int16 token)
   at System.Net.Sockets.Socket.&lt;ConnectAsync&gt;g__WaitForConnectWithCancellation|285_0(AwaitableSocketAsyncEventArgs saea, ValueTask connectTask, CancellationToken cancellationToken)
   at System.Net.Http.HttpConnectionPool.ConnectToTcpHostAsync(String host, Int32 port, HttpRequestMessage initialRequest, Boolean async, CancellationToken cancellationToken)</StackTrace>
        </ErrorInfo>
      </Output>
    </UnitTestResult>
    <UnitTestResult executionId="2b605a5b-d582-4a94-83f6-abf31dc53b9a" testId="1a751a76-0398-3b84-bb66-c08f5f6ab5a9" testName="AIEngineTests.Tests.AgeVerificationTests.Should_Allow_Verified_Users_To_See_Products" computerName="Charless-MacBook-Pro" duration="00:00:00.0051845" startTime="2025-08-23T00:26:36.1105080-04:00" endTime="2025-08-23T00:26:36.1105080-04:00" testType="13cdc9d9-ddb5-4fa4-a97d-d965ccfc6d4b" outcome="Failed" testListId="8c84fa94-04c1-424b-9868-57a2d4851a1d" relativeResultsDirectory="2b605a5b-d582-4a94-83f6-abf31dc53b9a">
      <Output>
        <ErrorInfo>
          <Message>System.Net.Http.HttpRequestException : Connection refused (localhost:8080)
---- System.Net.Sockets.SocketException : Connection refused</Message>
          <StackTrace>   at System.Net.Http.HttpConnectionPool.ConnectToTcpHostAsync(String host, Int32 port, HttpRequestMessage initialRequest, Boolean async, CancellationToken cancellationToken)
   at System.Net.Http.HttpConnectionPool.ConnectAsync(HttpRequestMessage request, Boolean async, CancellationToken cancellationToken)
   at System.Net.Http.HttpConnectionPool.CreateHttp11ConnectionAsync(HttpRequestMessage request, Boolean async, CancellationToken cancellationToken)
   at System.Net.Http.HttpConnectionPool.InjectNewHttp11ConnectionAsync(QueueItem queueItem)
   at System.Threading.Tasks.TaskCompletionSourceWithCancellation`1.WaitWithCancellationAsync(CancellationToken cancellationToken)
   at System.Net.Http.HttpConnectionPool.SendWithVersionDetectionAndRetryAsync(HttpRequestMessage request, Boolean async, Boolean doRequestAuth, CancellationToken cancellationToken)
   at System.Net.Http.RedirectHandler.SendAsync(HttpRequestMessage request, Boolean async, CancellationToken cancellationToken)
   at System.Net.Http.HttpClient.&lt;SendAsync&gt;g__Core|83_0(HttpRequestMessage request, HttpCompletionOption completionOption, CancellationTokenSource cts, Boolean disposeCts, CancellationTokenSource pendingRequestsCts, CancellationToken originalCancellationToken)
   at AIEngineTests.Helpers.AIEngineApiClient.VerifyAgeAsync(AgeVerificationRequest request) in /Users/charrcy/projects/WeedGo/microservices/ai-engine-service/tests/WeedGo.AIEngine.Tests/AIEngineTests/AIEngineTests/Helpers/AIEngineApiClient.cs:line 44
   at AIEngineTests.Tests.AgeVerificationTests.Should_Allow_Verified_Users_To_See_Products() in /Users/charrcy/projects/WeedGo/microservices/ai-engine-service/tests/WeedGo.AIEngine.Tests/AIEngineTests/AIEngineTests/Tests/AgeVerificationTests.cs:line 54
--- End of stack trace from previous location ---
----- Inner Stack Trace -----
   at System.Net.Sockets.Socket.AwaitableSocketAsyncEventArgs.ThrowException(SocketError error, CancellationToken cancellationToken)
   at System.Net.Sockets.Socket.AwaitableSocketAsyncEventArgs.System.Threading.Tasks.Sources.IValueTaskSource.GetResult(Int16 token)
   at System.Net.Sockets.Socket.&lt;ConnectAsync&gt;g__WaitForConnectWithCancellation|285_0(AwaitableSocketAsyncEventArgs saea, ValueTask connectTask, CancellationToken cancellationToken)
   at System.Net.Http.HttpConnectionPool.ConnectToTcpHostAsync(String host, Int32 port, HttpRequestMessage initialRequest, Boolean async, CancellationToken cancellationToken)</StackTrace>
        </ErrorInfo>
      </Output>
    </UnitTestResult>
    <UnitTestResult executionId="be991c8b-1ac1-4e86-ad54-e3657cb19ac5" testId="91e28134-afab-2eee-be56-cc4b4d0c9400" testName="AIEngineTests.Tests.ParsingTests.Should_Parse_Single_Budget_Values(budgetPhrase: &quot;cheaper than $25&quot;, expectedMax: 25)" computerName="Charless-MacBook-Pro" duration="00:00:00.0009105" startTime="2025-08-23T00:26:36.1259770-04:00" endTime="2025-08-23T00:26:36.1259780-04:00" testType="13cdc9d9-ddb5-4fa4-a97d-d965ccfc6d4b" outcome="Failed" testListId="8c84fa94-04c1-424b-9868-57a2d4851a1d" relativeResultsDirectory="be991c8b-1ac1-4e86-ad54-e3657cb19ac5">
      <Output>
        <ErrorInfo>
          <Message>System.Net.Http.HttpRequestException : Connection refused (localhost:8080)
---- System.Net.Sockets.SocketException : Connection refused</Message>
          <StackTrace>   at System.Net.Http.HttpConnectionPool.ConnectToTcpHostAsync(String host, Int32 port, HttpRequestMessage initialRequest, Boolean async, CancellationToken cancellationToken)
   at System.Net.Http.HttpConnectionPool.ConnectAsync(HttpRequestMessage request, Boolean async, CancellationToken cancellationToken)
   at System.Net.Http.HttpConnectionPool.CreateHttp11ConnectionAsync(HttpRequestMessage request, Boolean async, CancellationToken cancellationToken)
   at System.Net.Http.HttpConnectionPool.InjectNewHttp11ConnectionAsync(QueueItem queueItem)
   at System.Threading.Tasks.TaskCompletionSourceWithCancellation`1.WaitWithCancellationAsync(CancellationToken cancellationToken)
   at System.Net.Http.HttpConnectionPool.SendWithVersionDetectionAndRetryAsync(HttpRequestMessage request, Boolean async, Boolean doRequestAuth, CancellationToken cancellationToken)
   at System.Net.Http.RedirectHandler.SendAsync(HttpRequestMessage request, Boolean async, CancellationToken cancellationToken)
   at System.Net.Http.HttpClient.&lt;SendAsync&gt;g__Core|83_0(HttpRequestMessage request, HttpCompletionOption completionOption, CancellationTokenSource cts, Boolean disposeCts, CancellationTokenSource pendingRequestsCts, CancellationToken originalCancellationToken)
   at AIEngineTests.Helpers.AIEngineApiClient.VerifyAgeAsync(AgeVerificationRequest request) in /Users/charrcy/projects/WeedGo/microservices/ai-engine-service/tests/WeedGo.AIEngine.Tests/AIEngineTests/AIEngineTests/Helpers/AIEngineApiClient.cs:line 44
   at AIEngineTests.Tests.ParsingTests.VerifyUser(String customerId) in /Users/charrcy/projects/WeedGo/microservices/ai-engine-service/tests/WeedGo.AIEngine.Tests/AIEngineTests/AIEngineTests/Tests/ParsingTests.cs:line 185
   at AIEngineTests.Tests.ParsingTests.Should_Parse_Single_Budget_Values(String budgetPhrase, Decimal expectedMax) in /Users/charrcy/projects/WeedGo/microservices/ai-engine-service/tests/WeedGo.AIEngine.Tests/AIEngineTests/AIEngineTests/Tests/ParsingTests.cs:line 27
--- End of stack trace from previous location ---
----- Inner Stack Trace -----
   at System.Net.Sockets.Socket.AwaitableSocketAsyncEventArgs.ThrowException(SocketError error, CancellationToken cancellationToken)
   at System.Net.Sockets.Socket.AwaitableSocketAsyncEventArgs.System.Threading.Tasks.Sources.IValueTaskSource.GetResult(Int16 token)
   at System.Net.Sockets.Socket.&lt;ConnectAsync&gt;g__WaitForConnectWithCancellation|285_0(AwaitableSocketAsyncEventArgs saea, ValueTask connectTask, CancellationToken cancellationToken)
   at System.Net.Http.HttpConnectionPool.ConnectToTcpHostAsync(String host, Int32 port, HttpRequestMessage initialRequest, Boolean async, CancellationToken cancellationToken)</StackTrace>
        </ErrorInfo>
      </Output>
    </UnitTestResult>
    <UnitTestResult executionId="1f1b1525-031f-44e6-b111-fe9d5c2c59a2" testId="9ae065dd-3cd5-5716-3b70-ec284e0790d1" testName="AIEngineTests.Tests.ParsingTests.Should_Parse_Product_Types(productType: &quot;edible&quot;, expectedKeywords: [&quot;edible&quot;, &quot;gummy&quot;, &quot;chocolate&quot;])" computerName="Charless-MacBook-Pro" duration="00:00:00.0009888" startTime="2025-08-23T00:26:36.1159620-04:00" endTime="2025-08-23T00:26:36.1159620-04:00" testType="13cdc9d9-ddb5-4fa4-a97d-d965ccfc6d4b" outcome="Failed" testListId="8c84fa94-04c1-424b-9868-57a2d4851a1d" relativeResultsDirectory="1f1b1525-031f-44e6-b111-fe9d5c2c59a2">
      <Output>
        <ErrorInfo>
          <Message>System.Net.Http.HttpRequestException : Connection refused (localhost:8080)
---- System.Net.Sockets.SocketException : Connection refused</Message>
          <StackTrace>   at System.Net.Http.HttpConnectionPool.ConnectToTcpHostAsync(String host, Int32 port, HttpRequestMessage initialRequest, Boolean async, CancellationToken cancellationToken)
   at System.Net.Http.HttpConnectionPool.ConnectAsync(HttpRequestMessage request, Boolean async, CancellationToken cancellationToken)
   at System.Net.Http.HttpConnectionPool.CreateHttp11ConnectionAsync(HttpRequestMessage request, Boolean async, CancellationToken cancellationToken)
   at System.Net.Http.HttpConnectionPool.InjectNewHttp11ConnectionAsync(QueueItem queueItem)
   at System.Threading.Tasks.TaskCompletionSourceWithCancellation`1.WaitWithCancellationAsync(CancellationToken cancellationToken)
   at System.Net.Http.HttpConnectionPool.SendWithVersionDetectionAndRetryAsync(HttpRequestMessage request, Boolean async, Boolean doRequestAuth, CancellationToken cancellationToken)
   at System.Net.Http.RedirectHandler.SendAsync(HttpRequestMessage request, Boolean async, CancellationToken cancellationToken)
   at System.Net.Http.HttpClient.&lt;SendAsync&gt;g__Core|83_0(HttpRequestMessage request, HttpCompletionOption completionOption, CancellationTokenSource cts, Boolean disposeCts, CancellationTokenSource pendingRequestsCts, CancellationToken originalCancellationToken)
   at AIEngineTests.Helpers.AIEngineApiClient.VerifyAgeAsync(AgeVerificationRequest request) in /Users/charrcy/projects/WeedGo/microservices/ai-engine-service/tests/WeedGo.AIEngine.Tests/AIEngineTests/AIEngineTests/Helpers/AIEngineApiClient.cs:line 44
   at AIEngineTests.Tests.ParsingTests.VerifyUser(String customerId) in /Users/charrcy/projects/WeedGo/microservices/ai-engine-service/tests/WeedGo.AIEngine.Tests/AIEngineTests/AIEngineTests/Tests/ParsingTests.cs:line 185
   at AIEngineTests.Tests.ParsingTests.Should_Parse_Product_Types(String productType, String[] expectedKeywords) in /Users/charrcy/projects/WeedGo/microservices/ai-engine-service/tests/WeedGo.AIEngine.Tests/AIEngineTests/AIEngineTests/Tests/ParsingTests.cs:line 123
--- End of stack trace from previous location ---
----- Inner Stack Trace -----
   at System.Net.Sockets.Socket.AwaitableSocketAsyncEventArgs.ThrowException(SocketError error, CancellationToken cancellationToken)
   at System.Net.Sockets.Socket.AwaitableSocketAsyncEventArgs.System.Threading.Tasks.Sources.IValueTaskSource.GetResult(Int16 token)
   at System.Net.Sockets.Socket.&lt;ConnectAsync&gt;g__WaitForConnectWithCancellation|285_0(AwaitableSocketAsyncEventArgs saea, ValueTask connectTask, CancellationToken cancellationToken)
   at System.Net.Http.HttpConnectionPool.ConnectToTcpHostAsync(String host, Int32 port, HttpRequestMessage initialRequest, Boolean async, CancellationToken cancellationToken)</StackTrace>
        </ErrorInfo>
      </Output>
    </UnitTestResult>
    <UnitTestResult executionId="59676c9e-f6a3-4a0c-9504-f1d86a9b3a39" testId="37e2e50e-fc25-c03f-5417-217311effa83" testName="AIEngineTests.Tests.ParsingTests.Should_Parse_Strain_Types(strainPhrase: &quot;sativa dominant&quot;, expectedStrain: &quot;sativa&quot;)" computerName="Charless-MacBook-Pro" duration="00:00:00.0010090" startTime="2025-08-23T00:26:36.1213450-04:00" endTime="2025-08-23T00:26:36.1213450-04:00" testType="13cdc9d9-ddb5-4fa4-a97d-d965ccfc6d4b" outcome="Failed" testListId="8c84fa94-04c1-424b-9868-57a2d4851a1d" relativeResultsDirectory="59676c9e-f6a3-4a0c-9504-f1d86a9b3a39">
      <Output>
        <ErrorInfo>
          <Message>System.Net.Http.HttpRequestException : Connection refused (localhost:8080)
---- System.Net.Sockets.SocketException : Connection refused</Message>
          <StackTrace>   at System.Net.Http.HttpConnectionPool.ConnectToTcpHostAsync(String host, Int32 port, HttpRequestMessage initialRequest, Boolean async, CancellationToken cancellationToken)
   at System.Net.Http.HttpConnectionPool.ConnectAsync(HttpRequestMessage request, Boolean async, CancellationToken cancellationToken)
   at System.Net.Http.HttpConnectionPool.CreateHttp11ConnectionAsync(HttpRequestMessage request, Boolean async, CancellationToken cancellationToken)
   at System.Net.Http.HttpConnectionPool.InjectNewHttp11ConnectionAsync(QueueItem queueItem)
   at System.Threading.Tasks.TaskCompletionSourceWithCancellation`1.WaitWithCancellationAsync(CancellationToken cancellationToken)
   at System.Net.Http.HttpConnectionPool.SendWithVersionDetectionAndRetryAsync(HttpRequestMessage request, Boolean async, Boolean doRequestAuth, CancellationToken cancellationToken)
   at System.Net.Http.RedirectHandler.SendAsync(HttpRequestMessage request, Boolean async, CancellationToken cancellationToken)
   at System.Net.Http.HttpClient.&lt;SendAsync&gt;g__Core|83_0(HttpRequestMessage request, HttpCompletionOption completionOption, CancellationTokenSource cts, Boolean disposeCts, CancellationTokenSource pendingRequestsCts, CancellationToken originalCancellationToken)
   at AIEngineTests.Helpers.AIEngineApiClient.VerifyAgeAsync(AgeVerificationRequest request) in /Users/charrcy/projects/WeedGo/microservices/ai-engine-service/tests/WeedGo.AIEngine.Tests/AIEngineTests/AIEngineTests/Helpers/AIEngineApiClient.cs:line 44
   at AIEngineTests.Tests.ParsingTests.VerifyUser(String customerId) in /Users/charrcy/projects/WeedGo/microservices/ai-engine-service/tests/WeedGo.AIEngine.Tests/AIEngineTests/AIEngineTests/Tests/ParsingTests.cs:line 185
   at AIEngineTests.Tests.ParsingTests.Should_Parse_Strain_Types(String strainPhrase, String expectedStrain) in /Users/charrcy/projects/WeedGo/microservices/ai-engine-service/tests/WeedGo.AIEngine.Tests/AIEngineTests/AIEngineTests/Tests/ParsingTests.cs:line 90
--- End of stack trace from previous location ---
----- Inner Stack Trace -----
   at System.Net.Sockets.Socket.AwaitableSocketAsyncEventArgs.ThrowException(SocketError error, CancellationToken cancellationToken)
   at System.Net.Sockets.Socket.AwaitableSocketAsyncEventArgs.System.Threading.Tasks.Sources.IValueTaskSource.GetResult(Int16 token)
   at System.Net.Sockets.Socket.&lt;ConnectAsync&gt;g__WaitForConnectWithCancellation|285_0(AwaitableSocketAsyncEventArgs saea, ValueTask connectTask, CancellationToken cancellationToken)
   at System.Net.Http.HttpConnectionPool.ConnectToTcpHostAsync(String host, Int32 port, HttpRequestMessage initialRequest, Boolean async, CancellationToken cancellationToken)</StackTrace>
        </ErrorInfo>
      </Output>
    </UnitTestResult>
    <UnitTestResult executionId="278ca345-8a1b-40e7-a2c7-f5f9ff945589" testId="5379cf42-d0ad-1994-1e83-6f4f30ec977e" testName="AIEngineTests.Tests.ConversationFlowTests.Should_Skip_To_Recommendation_For_Direct_Requests" computerName="Charless-MacBook-Pro" duration="00:00:00.0054442" startTime="2025-08-23T00:26:36.1110870-04:00" endTime="2025-08-23T00:26:36.1110870-04:00" testType="13cdc9d9-ddb5-4fa4-a97d-d965ccfc6d4b" outcome="Failed" testListId="8c84fa94-04c1-424b-9868-57a2d4851a1d" relativeResultsDirectory="278ca345-8a1b-40e7-a2c7-f5f9ff945589">
      <Output>
        <ErrorInfo>
          <Message>System.Net.Http.HttpRequestException : Connection refused (localhost:8080)
---- System.Net.Sockets.SocketException : Connection refused</Message>
          <StackTrace>   at System.Net.Http.HttpConnectionPool.ConnectToTcpHostAsync(String host, Int32 port, HttpRequestMessage initialRequest, Boolean async, CancellationToken cancellationToken)
   at System.Net.Http.HttpConnectionPool.ConnectAsync(HttpRequestMessage request, Boolean async, CancellationToken cancellationToken)
   at System.Net.Http.HttpConnectionPool.CreateHttp11ConnectionAsync(HttpRequestMessage request, Boolean async, CancellationToken cancellationToken)
   at System.Net.Http.HttpConnectionPool.InjectNewHttp11ConnectionAsync(QueueItem queueItem)
   at System.Threading.Tasks.TaskCompletionSourceWithCancellation`1.WaitWithCancellationAsync(CancellationToken cancellationToken)
   at System.Net.Http.HttpConnectionPool.SendWithVersionDetectionAndRetryAsync(HttpRequestMessage request, Boolean async, Boolean doRequestAuth, CancellationToken cancellationToken)
   at System.Net.Http.RedirectHandler.SendAsync(HttpRequestMessage request, Boolean async, CancellationToken cancellationToken)
   at System.Net.Http.HttpClient.&lt;SendAsync&gt;g__Core|83_0(HttpRequestMessage request, HttpCompletionOption completionOption, CancellationTokenSource cts, Boolean disposeCts, CancellationTokenSource pendingRequestsCts, CancellationToken originalCancellationToken)
   at AIEngineTests.Helpers.AIEngineApiClient.VerifyAgeAsync(AgeVerificationRequest request) in /Users/charrcy/projects/WeedGo/microservices/ai-engine-service/tests/WeedGo.AIEngine.Tests/AIEngineTests/AIEngineTests/Helpers/AIEngineApiClient.cs:line 44
   at AIEngineTests.Tests.ConversationFlowTests.VerifyUser(String customerId) in /Users/charrcy/projects/WeedGo/microservices/ai-engine-service/tests/WeedGo.AIEngine.Tests/AIEngineTests/AIEngineTests/Tests/ConversationFlowTests.cs:line 173
   at AIEngineTests.Tests.ConversationFlowTests.Should_Skip_To_Recommendation_For_Direct_Requests() in /Users/charrcy/projects/WeedGo/microservices/ai-engine-service/tests/WeedGo.AIEngine.Tests/AIEngineTests/AIEngineTests/Tests/ConversationFlowTests.cs:line 103
--- End of stack trace from previous location ---
----- Inner Stack Trace -----
   at System.Net.Sockets.Socket.AwaitableSocketAsyncEventArgs.ThrowException(SocketError error, CancellationToken cancellationToken)
   at System.Net.Sockets.Socket.AwaitableSocketAsyncEventArgs.System.Threading.Tasks.Sources.IValueTaskSource.GetResult(Int16 token)
   at System.Net.Sockets.Socket.&lt;ConnectAsync&gt;g__WaitForConnectWithCancellation|285_0(AwaitableSocketAsyncEventArgs saea, ValueTask connectTask, CancellationToken cancellationToken)
   at System.Net.Http.HttpConnectionPool.ConnectToTcpHostAsync(String host, Int32 port, HttpRequestMessage initialRequest, Boolean async, CancellationToken cancellationToken)</StackTrace>
        </ErrorInfo>
      </Output>
    </UnitTestResult>
  </Results>
  <TestDefinitions>
    <UnitTest name="AIEngineTests.Tests.ParsingTests.Should_Parse_Product_Types(productType: &quot;pre-roll&quot;, expectedKeywords: [&quot;pre-roll&quot;, &quot;joint&quot;])" storage="/users/charrcy/projects/weedgo/microservices/ai-engine-service/tests/weedgo.aiengine.tests/aienginetests/aienginetests/bin/debug/net9.0/aienginetests.dll" id="d429b5f5-83d1-fdb9-5ebd-8e53d41f5601">
      <Execution id="1fd92452-7759-4bfb-bd47-a040fb135ded" />
      <TestMethod codeBase="/Users/charrcy/projects/WeedGo/microservices/ai-engine-service/tests/WeedGo.AIEngine.Tests/AIEngineTests/AIEngineTests/bin/Debug/net9.0/AIEngineTests.dll" adapterTypeName="executor://xunit/VsTestRunner2/netcoreapp" className="AIEngineTests.Tests.ParsingTests" name="Should_Parse_Product_Types" />
    </UnitTest>
    <UnitTest name="AIEngineTests.Tests.ParsingTests.Should_Parse_Product_Types(productType: &quot;joints&quot;, expectedKeywords: [&quot;joint&quot;, &quot;pre-roll&quot;])" storage="/users/charrcy/projects/weedgo/microservices/ai-engine-service/tests/weedgo.aiengine.tests/aienginetests/aienginetests/bin/debug/net9.0/aienginetests.dll" id="3826d562-1a91-cc77-e34b-f8d5c904d1fd">
      <Execution id="4179650d-e714-45a9-8218-bd785127a2d0" />
      <TestMethod codeBase="/Users/charrcy/projects/WeedGo/microservices/ai-engine-service/tests/WeedGo.AIEngine.Tests/AIEngineTests/AIEngineTests/bin/Debug/net9.0/AIEngineTests.dll" adapterTypeName="executor://xunit/VsTestRunner2/netcoreapp" className="AIEngineTests.Tests.ParsingTests" name="Should_Parse_Product_Types" />
    </UnitTest>
    <UnitTest name="AIEngineTests.Tests.AgeVerificationTests.Should_Persist_Verification_Across_Sessions" storage="/users/charrcy/projects/weedgo/microservices/ai-engine-service/tests/weedgo.aiengine.tests/aienginetests/aienginetests/bin/debug/net9.0/aienginetests.dll" id="e0ee0577-fb5d-954c-219c-687f3859c95b">
      <Execution id="d89a0bc1-7698-472c-b0a5-64e92b12ebb5" />
      <TestMethod codeBase="/Users/charrcy/projects/WeedGo/microservices/ai-engine-service/tests/WeedGo.AIEngine.Tests/AIEngineTests/AIEngineTests/bin/Debug/net9.0/AIEngineTests.dll" adapterTypeName="executor://xunit/VsTestRunner2/netcoreapp" className="AIEngineTests.Tests.AgeVerificationTests" name="Should_Persist_Verification_Across_Sessions" />
    </UnitTest>
    <UnitTest name="AIEngineTests.Tests.ConversationFlowTests.Should_Skip_To_Recommendation_For_Direct_Requests" storage="/users/charrcy/projects/weedgo/microservices/ai-engine-service/tests/weedgo.aiengine.tests/aienginetests/aienginetests/bin/debug/net9.0/aienginetests.dll" id="5379cf42-d0ad-1994-1e83-6f4f30ec977e">
      <Execution id="278ca345-8a1b-40e7-a2c7-f5f9ff945589" />
      <TestMethod codeBase="/Users/charrcy/projects/WeedGo/microservices/ai-engine-service/tests/WeedGo.AIEngine.Tests/AIEngineTests/AIEngineTests/bin/Debug/net9.0/AIEngineTests.dll" adapterTypeName="executor://xunit/VsTestRunner2/netcoreapp" className="AIEngineTests.Tests.ConversationFlowTests" name="Should_Skip_To_Recommendation_For_Direct_Requests" />
    </UnitTest>
    <UnitTest name="AIEngineTests.Tests.DirectProductRequestTests.Should_Handle_Multiple_Criteria" storage="/users/charrcy/projects/weedgo/microservices/ai-engine-service/tests/weedgo.aiengine.tests/aienginetests/aienginetests/bin/debug/net9.0/aienginetests.dll" id="4a3c5c6e-4b48-ce7b-be08-5fcc092be542">
      <Execution id="14e5d4dc-20ee-40bd-9619-eddd0f8ff2b7" />
      <TestMethod codeBase="/Users/charrcy/projects/WeedGo/microservices/ai-engine-service/tests/WeedGo.AIEngine.Tests/AIEngineTests/AIEngineTests/bin/Debug/net9.0/AIEngineTests.dll" adapterTypeName="executor://xunit/VsTestRunner2/netcoreapp" className="AIEngineTests.Tests.DirectProductRequestTests" name="Should_Handle_Multiple_Criteria" />
    </UnitTest>
    <UnitTest name="AIEngineTests.Tests.ParsingTests.Should_Parse_Product_Types(productType: &quot;vape&quot;, expectedKeywords: [&quot;vape&quot;, &quot;cartridge&quot;])" storage="/users/charrcy/projects/weedgo/microservices/ai-engine-service/tests/weedgo.aiengine.tests/aienginetests/aienginetests/bin/debug/net9.0/aienginetests.dll" id="c7d557b6-a985-9c43-1d1a-0a28f90b79a5">
      <Execution id="4c8b2e0e-909d-4a40-9cc2-5ed9a9aafa82" />
      <TestMethod codeBase="/Users/charrcy/projects/WeedGo/microservices/ai-engine-service/tests/WeedGo.AIEngine.Tests/AIEngineTests/AIEngineTests/bin/Debug/net9.0/AIEngineTests.dll" adapterTypeName="executor://xunit/VsTestRunner2/netcoreapp" className="AIEngineTests.Tests.ParsingTests" name="Should_Parse_Product_Types" />
    </UnitTest>
    <UnitTest name="AIEngineTests.Tests.ConversationFlowTests.Should_Remember_Customer_Context" storage="/users/charrcy/projects/weedgo/microservices/ai-engine-service/tests/weedgo.aiengine.tests/aienginetests/aienginetests/bin/debug/net9.0/aienginetests.dll" id="b58bcd07-da9a-5573-d3f8-698bff24b6cf">
      <Execution id="1a39c58c-3498-442b-9b10-c5004f87043e" />
      <TestMethod codeBase="/Users/charrcy/projects/WeedGo/microservices/ai-engine-service/tests/WeedGo.AIEngine.Tests/AIEngineTests/AIEngineTests/bin/Debug/net9.0/AIEngineTests.dll" adapterTypeName="executor://xunit/VsTestRunner2/netcoreapp" className="AIEngineTests.Tests.ConversationFlowTests" name="Should_Remember_Customer_Context" />
    </UnitTest>
    <UnitTest name="AIEngineTests.Tests.ParsingTests.Should_Parse_Strain_Types(strainPhrase: &quot;indica&quot;, expectedStrain: &quot;indica&quot;)" storage="/users/charrcy/projects/weedgo/microservices/ai-engine-service/tests/weedgo.aiengine.tests/aienginetests/aienginetests/bin/debug/net9.0/aienginetests.dll" id="0e3294c4-0a8f-d74e-b61a-ed82e4bfd820">
      <Execution id="48aea6e3-3ca2-457c-9deb-b5e0e5f97cc0" />
      <TestMethod codeBase="/Users/charrcy/projects/WeedGo/microservices/ai-engine-service/tests/WeedGo.AIEngine.Tests/AIEngineTests/AIEngineTests/bin/Debug/net9.0/AIEngineTests.dll" adapterTypeName="executor://xunit/VsTestRunner2/netcoreapp" className="AIEngineTests.Tests.ParsingTests" name="Should_Parse_Strain_Types" />
    </UnitTest>
    <UnitTest name="AIEngineTests.Tests.ParsingTests.Should_Parse_Budget_Ranges(budgetPhrase: &quot;20-40 dollars&quot;, expectedMin: 20, expectedMax: 40)" storage="/users/charrcy/projects/weedgo/microservices/ai-engine-service/tests/weedgo.aiengine.tests/aienginetests/aienginetests/bin/debug/net9.0/aienginetests.dll" id="53a62b94-734e-173e-1f80-e3041fa7f7ad">
      <Execution id="32106822-b376-4889-926a-3c06edf27b73" />
      <TestMethod codeBase="/Users/charrcy/projects/WeedGo/microservices/ai-engine-service/tests/WeedGo.AIEngine.Tests/AIEngineTests/AIEngineTests/bin/Debug/net9.0/AIEngineTests.dll" adapterTypeName="executor://xunit/VsTestRunner2/netcoreapp" className="AIEngineTests.Tests.ParsingTests" name="Should_Parse_Budget_Ranges" />
    </UnitTest>
    <UnitTest name="AIEngineTests.Tests.ParsingTests.Should_Parse_Single_Budget_Values(budgetPhrase: &quot;products under 30&quot;, expectedMax: 30)" storage="/users/charrcy/projects/weedgo/microservices/ai-engine-service/tests/weedgo.aiengine.tests/aienginetests/aienginetests/bin/debug/net9.0/aienginetests.dll" id="3f745290-1a17-45c3-0baf-6a391d4d2ebc">
      <Execution id="19ec6526-9ed0-474e-99c6-1ce298930be7" />
      <TestMethod codeBase="/Users/charrcy/projects/WeedGo/microservices/ai-engine-service/tests/WeedGo.AIEngine.Tests/AIEngineTests/AIEngineTests/bin/Debug/net9.0/AIEngineTests.dll" adapterTypeName="executor://xunit/VsTestRunner2/netcoreapp" className="AIEngineTests.Tests.ParsingTests" name="Should_Parse_Single_Budget_Values" />
    </UnitTest>
    <UnitTest name="AIEngineTests.Tests.ParsingTests.Should_Parse_Strain_Types(strainPhrase: &quot;hybrid&quot;, expectedStrain: &quot;hybrid&quot;)" storage="/users/charrcy/projects/weedgo/microservices/ai-engine-service/tests/weedgo.aiengine.tests/aienginetests/aienginetests/bin/debug/net9.0/aienginetests.dll" id="dfbbb2f2-3087-b1d1-1bab-29b67ee52b0f">
      <Execution id="379b82a3-6b9f-4dfc-9b54-0b526eb22c5d" />
      <TestMethod codeBase="/Users/charrcy/projects/WeedGo/microservices/ai-engine-service/tests/WeedGo.AIEngine.Tests/AIEngineTests/AIEngineTests/bin/Debug/net9.0/AIEngineTests.dll" adapterTypeName="executor://xunit/VsTestRunner2/netcoreapp" className="AIEngineTests.Tests.ParsingTests" name="Should_Parse_Strain_Types" />
    </UnitTest>
    <UnitTest name="AIEngineTests.Tests.DirectProductRequestTests.Should_Return_Products_For_Direct_Sativa_Joint_Request" storage="/users/charrcy/projects/weedgo/microservices/ai-engine-service/tests/weedgo.aiengine.tests/aienginetests/aienginetests/bin/debug/net9.0/aienginetests.dll" id="aae3a3cd-4d6f-1dab-3f9a-a5fe013c8ef6">
      <Execution id="95735d02-070f-4de1-9cd0-654e0c5d3ac3" />
      <TestMethod codeBase="/Users/charrcy/projects/WeedGo/microservices/ai-engine-service/tests/WeedGo.AIEngine.Tests/AIEngineTests/AIEngineTests/bin/Debug/net9.0/AIEngineTests.dll" adapterTypeName="executor://xunit/VsTestRunner2/netcoreapp" className="AIEngineTests.Tests.DirectProductRequestTests" name="Should_Return_Products_For_Direct_Sativa_Joint_Request" />
    </UnitTest>
    <UnitTest name="AIEngineTests.Tests.ConversationFlowTests.Should_Not_Get_Stuck_In_Qualification_Loop" storage="/users/charrcy/projects/weedgo/microservices/ai-engine-service/tests/weedgo.aiengine.tests/aienginetests/aienginetests/bin/debug/net9.0/aienginetests.dll" id="85d394b1-2011-1553-19ea-3e32de693a1a">
      <Execution id="9ae9b019-cfb5-4bd3-b837-294d9edb80c9" />
      <TestMethod codeBase="/Users/charrcy/projects/WeedGo/microservices/ai-engine-service/tests/WeedGo.AIEngine.Tests/AIEngineTests/AIEngineTests/bin/Debug/net9.0/AIEngineTests.dll" adapterTypeName="executor://xunit/VsTestRunner2/netcoreapp" className="AIEngineTests.Tests.ConversationFlowTests" name="Should_Not_Get_Stuck_In_Qualification_Loop" />
    </UnitTest>
    <UnitTest name="AIEngineTests.Tests.AgeVerificationTests.Should_Allow_Verified_Users_To_See_Products" storage="/users/charrcy/projects/weedgo/microservices/ai-engine-service/tests/weedgo.aiengine.tests/aienginetests/aienginetests/bin/debug/net9.0/aienginetests.dll" id="1a751a76-0398-3b84-bb66-c08f5f6ab5a9">
      <Execution id="2b605a5b-d582-4a94-83f6-abf31dc53b9a" />
      <TestMethod codeBase="/Users/charrcy/projects/WeedGo/microservices/ai-engine-service/tests/WeedGo.AIEngine.Tests/AIEngineTests/AIEngineTests/bin/Debug/net9.0/AIEngineTests.dll" adapterTypeName="executor://xunit/VsTestRunner2/netcoreapp" className="AIEngineTests.Tests.AgeVerificationTests" name="Should_Allow_Verified_Users_To_See_Products" />
    </UnitTest>
    <UnitTest name="AIEngineTests.Tests.ParsingTests.Should_Parse_Product_Types(productType: &quot;flower&quot;, expectedKeywords: [&quot;flower&quot;, &quot;bud&quot;])" storage="/users/charrcy/projects/weedgo/microservices/ai-engine-service/tests/weedgo.aiengine.tests/aienginetests/aienginetests/bin/debug/net9.0/aienginetests.dll" id="5c8603c1-7761-5673-2bf9-5d573194cfba">
      <Execution id="dc8759d0-eddb-48af-8197-4d9aeb03183a" />
      <TestMethod codeBase="/Users/charrcy/projects/WeedGo/microservices/ai-engine-service/tests/WeedGo.AIEngine.Tests/AIEngineTests/AIEngineTests/bin/Debug/net9.0/AIEngineTests.dll" adapterTypeName="executor://xunit/VsTestRunner2/netcoreapp" className="AIEngineTests.Tests.ParsingTests" name="Should_Parse_Product_Types" />
    </UnitTest>
    <UnitTest name="AIEngineTests.Tests.ConversationFlowTests.Should_Progress_Through_Stages_Naturally" storage="/users/charrcy/projects/weedgo/microservices/ai-engine-service/tests/weedgo.aiengine.tests/aienginetests/aienginetests/bin/debug/net9.0/aienginetests.dll" id="5d90ad39-3a58-4e30-b1c2-4fb5e627aa74">
      <Execution id="8449fa10-613a-44c1-95a6-db4500f2c7b1" />
      <TestMethod codeBase="/Users/charrcy/projects/WeedGo/microservices/ai-engine-service/tests/WeedGo.AIEngine.Tests/AIEngineTests/AIEngineTests/bin/Debug/net9.0/AIEngineTests.dll" adapterTypeName="executor://xunit/VsTestRunner2/netcoreapp" className="AIEngineTests.Tests.ConversationFlowTests" name="Should_Progress_Through_Stages_Naturally" />
    </UnitTest>
    <UnitTest name="AIEngineTests.Tests.ParsingTests.Should_Parse_Product_Types(productType: &quot;edible&quot;, expectedKeywords: [&quot;edible&quot;, &quot;gummy&quot;, &quot;chocolate&quot;])" storage="/users/charrcy/projects/weedgo/microservices/ai-engine-service/tests/weedgo.aiengine.tests/aienginetests/aienginetests/bin/debug/net9.0/aienginetests.dll" id="9ae065dd-3cd5-5716-3b70-ec284e0790d1">
      <Execution id="1f1b1525-031f-44e6-b111-fe9d5c2c59a2" />
      <TestMethod codeBase="/Users/charrcy/projects/WeedGo/microservices/ai-engine-service/tests/WeedGo.AIEngine.Tests/AIEngineTests/AIEngineTests/bin/Debug/net9.0/AIEngineTests.dll" adapterTypeName="executor://xunit/VsTestRunner2/netcoreapp" className="AIEngineTests.Tests.ParsingTests" name="Should_Parse_Product_Types" />
    </UnitTest>
    <UnitTest name="AIEngineTests.Tests.DirectProductRequestTests.Should_Recognize_Joint_As_Flower_Product" storage="/users/charrcy/projects/weedgo/microservices/ai-engine-service/tests/weedgo.aiengine.tests/aienginetests/aienginetests/bin/debug/net9.0/aienginetests.dll" id="2db870ad-84a8-c6e3-ffb6-883df852984f">
      <Execution id="4df1fd62-27ee-4d9a-9f8d-0c41f137dd42" />
      <TestMethod codeBase="/Users/charrcy/projects/WeedGo/microservices/ai-engine-service/tests/WeedGo.AIEngine.Tests/AIEngineTests/AIEngineTests/bin/Debug/net9.0/AIEngineTests.dll" adapterTypeName="executor://xunit/VsTestRunner2/netcoreapp" className="AIEngineTests.Tests.DirectProductRequestTests" name="Should_Recognize_Joint_As_Flower_Product" />
    </UnitTest>
    <UnitTest name="AIEngineTests.Tests.ParsingTests.Should_Parse_Single_Budget_Values(budgetPhrase: &quot;less than 20 dollars&quot;, expectedMax: 20)" storage="/users/charrcy/projects/weedgo/microservices/ai-engine-service/tests/weedgo.aiengine.tests/aienginetests/aienginetests/bin/debug/net9.0/aienginetests.dll" id="c593d7c5-1d6c-41ea-9870-2e5fb6a4f0f4">
      <Execution id="6a90df60-d272-4fe0-aeac-65790ec92f44" />
      <TestMethod codeBase="/Users/charrcy/projects/WeedGo/microservices/ai-engine-service/tests/WeedGo.AIEngine.Tests/AIEngineTests/AIEngineTests/bin/Debug/net9.0/AIEngineTests.dll" adapterTypeName="executor://xunit/VsTestRunner2/netcoreapp" className="AIEngineTests.Tests.ParsingTests" name="Should_Parse_Single_Budget_Values" />
    </UnitTest>
    <UnitTest name="AIEngineTests.Tests.ParsingTests.Should_Parse_Single_Budget_Values(budgetPhrase: &quot;cheaper than $25&quot;, expectedMax: 25)" storage="/users/charrcy/projects/weedgo/microservices/ai-engine-service/tests/weedgo.aiengine.tests/aienginetests/aienginetests/bin/debug/net9.0/aienginetests.dll" id="91e28134-afab-2eee-be56-cc4b4d0c9400">
      <Execution id="be991c8b-1ac1-4e86-ad54-e3657cb19ac5" />
      <TestMethod codeBase="/Users/charrcy/projects/WeedGo/microservices/ai-engine-service/tests/WeedGo.AIEngine.Tests/AIEngineTests/AIEngineTests/bin/Debug/net9.0/AIEngineTests.dll" adapterTypeName="executor://xunit/VsTestRunner2/netcoreapp" className="AIEngineTests.Tests.ParsingTests" name="Should_Parse_Single_Budget_Values" />
    </UnitTest>
    <UnitTest name="AIEngineTests.Tests.AgeVerificationTests.Should_Require_Age_Verification_For_New_Users" storage="/users/charrcy/projects/weedgo/microservices/ai-engine-service/tests/weedgo.aiengine.tests/aienginetests/aienginetests/bin/debug/net9.0/aienginetests.dll" id="0f974b0a-4e4d-42d1-1840-cbc9cae62e79">
      <Execution id="76db176e-b3fd-46ba-881d-83341d8c7477" />
      <TestMethod codeBase="/Users/charrcy/projects/WeedGo/microservices/ai-engine-service/tests/WeedGo.AIEngine.Tests/AIEngineTests/AIEngineTests/bin/Debug/net9.0/AIEngineTests.dll" adapterTypeName="executor://xunit/VsTestRunner2/netcoreapp" className="AIEngineTests.Tests.AgeVerificationTests" name="Should_Require_Age_Verification_For_New_Users" />
    </UnitTest>
    <UnitTest name="AIEngineTests.Tests.ParsingTests.Should_Parse_Strain_Types(strainPhrase: &quot;indica heavy&quot;, expectedStrain: &quot;indica&quot;)" storage="/users/charrcy/projects/weedgo/microservices/ai-engine-service/tests/weedgo.aiengine.tests/aienginetests/aienginetests/bin/debug/net9.0/aienginetests.dll" id="878af640-d890-e975-6709-5a2dba9c93ac">
      <Execution id="58b6c4bd-ef08-48e8-93a3-b050466aaaf5" />
      <TestMethod codeBase="/Users/charrcy/projects/WeedGo/microservices/ai-engine-service/tests/WeedGo.AIEngine.Tests/AIEngineTests/AIEngineTests/bin/Debug/net9.0/AIEngineTests.dll" adapterTypeName="executor://xunit/VsTestRunner2/netcoreapp" className="AIEngineTests.Tests.ParsingTests" name="Should_Parse_Strain_Types" />
    </UnitTest>
    <UnitTest name="AIEngineTests.Tests.ParsingTests.Should_Parse_Budget_Ranges(budgetPhrase: &quot;between 15 and 30&quot;, expectedMin: 15, expectedMax: 30)" storage="/users/charrcy/projects/weedgo/microservices/ai-engine-service/tests/weedgo.aiengine.tests/aienginetests/aienginetests/bin/debug/net9.0/aienginetests.dll" id="091ee3d7-c6d7-f7e9-9296-437f6ac899f6">
      <Execution id="13a3bd0b-aaaf-4e75-bd58-f897eb9e7f3f" />
      <TestMethod codeBase="/Users/charrcy/projects/WeedGo/microservices/ai-engine-service/tests/WeedGo.AIEngine.Tests/AIEngineTests/AIEngineTests/bin/Debug/net9.0/AIEngineTests.dll" adapterTypeName="executor://xunit/VsTestRunner2/netcoreapp" className="AIEngineTests.Tests.ParsingTests" name="Should_Parse_Budget_Ranges" />
    </UnitTest>
    <UnitTest name="AIEngineTests.Tests.ParsingTests.Should_Parse_Strain_Types(strainPhrase: &quot;sativa dominant&quot;, expectedStrain: &quot;sativa&quot;)" storage="/users/charrcy/projects/weedgo/microservices/ai-engine-service/tests/weedgo.aiengine.tests/aienginetests/aienginetests/bin/debug/net9.0/aienginetests.dll" id="37e2e50e-fc25-c03f-5417-217311effa83">
      <Execution id="59676c9e-f6a3-4a0c-9504-f1d86a9b3a39" />
      <TestMethod codeBase="/Users/charrcy/projects/WeedGo/microservices/ai-engine-service/tests/WeedGo.AIEngine.Tests/AIEngineTests/AIEngineTests/bin/Debug/net9.0/AIEngineTests.dll" adapterTypeName="executor://xunit/VsTestRunner2/netcoreapp" className="AIEngineTests.Tests.ParsingTests" name="Should_Parse_Strain_Types" />
    </UnitTest>
    <UnitTest name="AIEngineTests.Tests.ParsingTests.Should_Parse_Single_Budget_Values(budgetPhrase: &quot;under 10$&quot;, expectedMax: 10)" storage="/users/charrcy/projects/weedgo/microservices/ai-engine-service/tests/weedgo.aiengine.tests/aienginetests/aienginetests/bin/debug/net9.0/aienginetests.dll" id="230b279f-ef2b-bb19-1a0b-df465df1cfbe">
      <Execution id="8bc000a8-eb24-4f00-b3af-65cedfd40496" />
      <TestMethod codeBase="/Users/charrcy/projects/WeedGo/microservices/ai-engine-service/tests/WeedGo.AIEngine.Tests/AIEngineTests/AIEngineTests/bin/Debug/net9.0/AIEngineTests.dll" adapterTypeName="executor://xunit/VsTestRunner2/netcoreapp" className="AIEngineTests.Tests.ParsingTests" name="Should_Parse_Single_Budget_Values" />
    </UnitTest>
    <UnitTest name="AIEngineTests.Tests.ParsingTests.Should_Parse_Strain_Types(strainPhrase: &quot;sativa&quot;, expectedStrain: &quot;sativa&quot;)" storage="/users/charrcy/projects/weedgo/microservices/ai-engine-service/tests/weedgo.aiengine.tests/aienginetests/aienginetests/bin/debug/net9.0/aienginetests.dll" id="153416d4-f48b-ce53-2885-535dffd390d5">
      <Execution id="d9791e08-467a-45bd-a707-077c0d283720" />
      <TestMethod codeBase="/Users/charrcy/projects/WeedGo/microservices/ai-engine-service/tests/WeedGo.AIEngine.Tests/AIEngineTests/AIEngineTests/bin/Debug/net9.0/AIEngineTests.dll" adapterTypeName="executor://xunit/VsTestRunner2/netcoreapp" className="AIEngineTests.Tests.ParsingTests" name="Should_Parse_Strain_Types" />
    </UnitTest>
    <UnitTest name="AIEngineTests.Tests.DirectProductRequestTests.Should_Parse_Budget_Under_Pattern" storage="/users/charrcy/projects/weedgo/microservices/ai-engine-service/tests/weedgo.aiengine.tests/aienginetests/aienginetests/bin/debug/net9.0/aienginetests.dll" id="be889632-9ff5-f5d0-54d8-bcdb85d11a72">
      <Execution id="2b88bfc1-ec3c-40e7-8d9b-5702a52ce544" />
      <TestMethod codeBase="/Users/charrcy/projects/WeedGo/microservices/ai-engine-service/tests/WeedGo.AIEngine.Tests/AIEngineTests/AIEngineTests/bin/Debug/net9.0/AIEngineTests.dll" adapterTypeName="executor://xunit/VsTestRunner2/netcoreapp" className="AIEngineTests.Tests.DirectProductRequestTests" name="Should_Parse_Budget_Under_Pattern" />
    </UnitTest>
    <UnitTest name="AIEngineTests.Tests.ParsingTests.Should_Parse_Budget_Ranges(budgetPhrase: &quot;$25 - $50&quot;, expectedMin: 25, expectedMax: 50)" storage="/users/charrcy/projects/weedgo/microservices/ai-engine-service/tests/weedgo.aiengine.tests/aienginetests/aienginetests/bin/debug/net9.0/aienginetests.dll" id="f57f5ea6-e7a4-e3cf-8978-3f986c7175b7">
      <Execution id="845e2247-8628-4cf4-9b88-355c4a4c904a" />
      <TestMethod codeBase="/Users/charrcy/projects/WeedGo/microservices/ai-engine-service/tests/WeedGo.AIEngine.Tests/AIEngineTests/AIEngineTests/bin/Debug/net9.0/AIEngineTests.dll" adapterTypeName="executor://xunit/VsTestRunner2/netcoreapp" className="AIEngineTests.Tests.ParsingTests" name="Should_Parse_Budget_Ranges" />
    </UnitTest>
    <UnitTest name="AIEngineTests.Tests.ParsingTests.Should_Parse_Complex_Requests" storage="/users/charrcy/projects/weedgo/microservices/ai-engine-service/tests/weedgo.aiengine.tests/aienginetests/aienginetests/bin/debug/net9.0/aienginetests.dll" id="ec35dc56-e4da-c0dd-60a7-2143dc4fdf6e">
      <Execution id="2b47bcc1-a76b-409a-8cd0-b1eaae6ac875" />
      <TestMethod codeBase="/Users/charrcy/projects/WeedGo/microservices/ai-engine-service/tests/WeedGo.AIEngine.Tests/AIEngineTests/AIEngineTests/bin/Debug/net9.0/AIEngineTests.dll" adapterTypeName="executor://xunit/VsTestRunner2/netcoreapp" className="AIEngineTests.Tests.ParsingTests" name="Should_Parse_Complex_Requests" />
    </UnitTest>
    <UnitTest name="AIEngineTests.Tests.ParsingTests.Should_Parse_Single_Budget_Values(budgetPhrase: &quot;under $15&quot;, expectedMax: 15)" storage="/users/charrcy/projects/weedgo/microservices/ai-engine-service/tests/weedgo.aiengine.tests/aienginetests/aienginetests/bin/debug/net9.0/aienginetests.dll" id="b1c187fa-fc3b-832d-4a88-d801e639918f">
      <Execution id="19243abd-dfd5-4926-8e8e-81ab7b292f49" />
      <TestMethod codeBase="/Users/charrcy/projects/WeedGo/microservices/ai-engine-service/tests/WeedGo.AIEngine.Tests/AIEngineTests/AIEngineTests/bin/Debug/net9.0/AIEngineTests.dll" adapterTypeName="executor://xunit/VsTestRunner2/netcoreapp" className="AIEngineTests.Tests.ParsingTests" name="Should_Parse_Single_Budget_Values" />
    </UnitTest>
    <UnitTest name="AIEngineTests.Tests.ParsingTests.Should_Parse_Budget_Ranges(budgetPhrase: &quot;$10 to $20&quot;, expectedMin: 10, expectedMax: 20)" storage="/users/charrcy/projects/weedgo/microservices/ai-engine-service/tests/weedgo.aiengine.tests/aienginetests/aienginetests/bin/debug/net9.0/aienginetests.dll" id="bfb71306-9bee-6c5b-eba3-923430923e27">
      <Execution id="abd8aa4d-741c-4db5-8ff4-f2f9a2f7188d" />
      <TestMethod codeBase="/Users/charrcy/projects/WeedGo/microservices/ai-engine-service/tests/WeedGo.AIEngine.Tests/AIEngineTests/AIEngineTests/bin/Debug/net9.0/AIEngineTests.dll" adapterTypeName="executor://xunit/VsTestRunner2/netcoreapp" className="AIEngineTests.Tests.ParsingTests" name="Should_Parse_Budget_Ranges" />
    </UnitTest>
    <UnitTest name="AIEngineTests.Tests.ParsingTests.Should_Parse_Product_Types(productType: &quot;joint&quot;, expectedKeywords: [&quot;joint&quot;, &quot;pre-roll&quot;])" storage="/users/charrcy/projects/weedgo/microservices/ai-engine-service/tests/weedgo.aiengine.tests/aienginetests/aienginetests/bin/debug/net9.0/aienginetests.dll" id="d7e14c48-21e1-3d79-3151-205917e21840">
      <Execution id="ebcb5128-251d-4698-b75c-de93b6190f7f" />
      <TestMethod codeBase="/Users/charrcy/projects/WeedGo/microservices/ai-engine-service/tests/WeedGo.AIEngine.Tests/AIEngineTests/AIEngineTests/bin/Debug/net9.0/AIEngineTests.dll" adapterTypeName="executor://xunit/VsTestRunner2/netcoreapp" className="AIEngineTests.Tests.ParsingTests" name="Should_Parse_Product_Types" />
    </UnitTest>
    <UnitTest name="AIEngineTests.Tests.AgeVerificationTests.Should_Allow_Guest_Users_Limited_Access" storage="/users/charrcy/projects/weedgo/microservices/ai-engine-service/tests/weedgo.aiengine.tests/aienginetests/aienginetests/bin/debug/net9.0/aienginetests.dll" id="b86622d0-70fe-eb7d-efba-35bf46853b80">
      <Execution id="63641ff4-d0ce-4a23-83d8-ac2349248be2" />
      <TestMethod codeBase="/Users/charrcy/projects/WeedGo/microservices/ai-engine-service/tests/WeedGo.AIEngine.Tests/AIEngineTests/AIEngineTests/bin/Debug/net9.0/AIEngineTests.dll" adapterTypeName="executor://xunit/VsTestRunner2/netcoreapp" className="AIEngineTests.Tests.AgeVerificationTests" name="Should_Allow_Guest_Users_Limited_Access" />
    </UnitTest>
  </TestDefinitions>
  <TestEntries>
    <TestEntry testId="091ee3d7-c6d7-f7e9-9296-437f6ac899f6" executionId="13a3bd0b-aaaf-4e75-bd58-f897eb9e7f3f" testListId="8c84fa94-04c1-424b-9868-57a2d4851a1d" />
    <TestEntry testId="85d394b1-2011-1553-19ea-3e32de693a1a" executionId="9ae9b019-cfb5-4bd3-b837-294d9edb80c9" testListId="8c84fa94-04c1-424b-9868-57a2d4851a1d" />
    <TestEntry testId="3826d562-1a91-cc77-e34b-f8d5c904d1fd" executionId="4179650d-e714-45a9-8218-bd785127a2d0" testListId="8c84fa94-04c1-424b-9868-57a2d4851a1d" />
    <TestEntry testId="c593d7c5-1d6c-41ea-9870-2e5fb6a4f0f4" executionId="6a90df60-d272-4fe0-aeac-65790ec92f44" testListId="8c84fa94-04c1-424b-9868-57a2d4851a1d" />
    <TestEntry testId="153416d4-f48b-ce53-2885-535dffd390d5" executionId="d9791e08-467a-45bd-a707-077c0d283720" testListId="8c84fa94-04c1-424b-9868-57a2d4851a1d" />
    <TestEntry testId="5d90ad39-3a58-4e30-b1c2-4fb5e627aa74" executionId="8449fa10-613a-44c1-95a6-db4500f2c7b1" testListId="8c84fa94-04c1-424b-9868-57a2d4851a1d" />
    <TestEntry testId="4a3c5c6e-4b48-ce7b-be08-5fcc092be542" executionId="14e5d4dc-20ee-40bd-9619-eddd0f8ff2b7" testListId="8c84fa94-04c1-424b-9868-57a2d4851a1d" />
    <TestEntry testId="bfb71306-9bee-6c5b-eba3-923430923e27" executionId="abd8aa4d-741c-4db5-8ff4-f2f9a2f7188d" testListId="8c84fa94-04c1-424b-9868-57a2d4851a1d" />
    <TestEntry testId="d7e14c48-21e1-3d79-3151-205917e21840" executionId="ebcb5128-251d-4698-b75c-de93b6190f7f" testListId="8c84fa94-04c1-424b-9868-57a2d4851a1d" />
    <TestEntry testId="b86622d0-70fe-eb7d-efba-35bf46853b80" executionId="63641ff4-d0ce-4a23-83d8-ac2349248be2" testListId="8c84fa94-04c1-424b-9868-57a2d4851a1d" />
    <TestEntry testId="d429b5f5-83d1-fdb9-5ebd-8e53d41f5601" executionId="1fd92452-7759-4bfb-bd47-a040fb135ded" testListId="8c84fa94-04c1-424b-9868-57a2d4851a1d" />
    <TestEntry testId="5c8603c1-7761-5673-2bf9-5d573194cfba" executionId="dc8759d0-eddb-48af-8197-4d9aeb03183a" testListId="8c84fa94-04c1-424b-9868-57a2d4851a1d" />
    <TestEntry testId="3f745290-1a17-45c3-0baf-6a391d4d2ebc" executionId="19ec6526-9ed0-474e-99c6-1ce298930be7" testListId="8c84fa94-04c1-424b-9868-57a2d4851a1d" />
    <TestEntry testId="b1c187fa-fc3b-832d-4a88-d801e639918f" executionId="19243abd-dfd5-4926-8e8e-81ab7b292f49" testListId="8c84fa94-04c1-424b-9868-57a2d4851a1d" />
    <TestEntry testId="e0ee0577-fb5d-954c-219c-687f3859c95b" executionId="d89a0bc1-7698-472c-b0a5-64e92b12ebb5" testListId="8c84fa94-04c1-424b-9868-57a2d4851a1d" />
    <TestEntry testId="c7d557b6-a985-9c43-1d1a-0a28f90b79a5" executionId="4c8b2e0e-909d-4a40-9cc2-5ed9a9aafa82" testListId="8c84fa94-04c1-424b-9868-57a2d4851a1d" />
    <TestEntry testId="ec35dc56-e4da-c0dd-60a7-2143dc4fdf6e" executionId="2b47bcc1-a76b-409a-8cd0-b1eaae6ac875" testListId="8c84fa94-04c1-424b-9868-57a2d4851a1d" />
    <TestEntry testId="0e3294c4-0a8f-d74e-b61a-ed82e4bfd820" executionId="48aea6e3-3ca2-457c-9deb-b5e0e5f97cc0" testListId="8c84fa94-04c1-424b-9868-57a2d4851a1d" />
    <TestEntry testId="230b279f-ef2b-bb19-1a0b-df465df1cfbe" executionId="8bc000a8-eb24-4f00-b3af-65cedfd40496" testListId="8c84fa94-04c1-424b-9868-57a2d4851a1d" />
    <TestEntry testId="0f974b0a-4e4d-42d1-1840-cbc9cae62e79" executionId="76db176e-b3fd-46ba-881d-83341d8c7477" testListId="8c84fa94-04c1-424b-9868-57a2d4851a1d" />
    <TestEntry testId="f57f5ea6-e7a4-e3cf-8978-3f986c7175b7" executionId="845e2247-8628-4cf4-9b88-355c4a4c904a" testListId="8c84fa94-04c1-424b-9868-57a2d4851a1d" />
    <TestEntry testId="dfbbb2f2-3087-b1d1-1bab-29b67ee52b0f" executionId="379b82a3-6b9f-4dfc-9b54-0b526eb22c5d" testListId="8c84fa94-04c1-424b-9868-57a2d4851a1d" />
    <TestEntry testId="2db870ad-84a8-c6e3-ffb6-883df852984f" executionId="4df1fd62-27ee-4d9a-9f8d-0c41f137dd42" testListId="8c84fa94-04c1-424b-9868-57a2d4851a1d" />
    <TestEntry testId="53a62b94-734e-173e-1f80-e3041fa7f7ad" executionId="32106822-b376-4889-926a-3c06edf27b73" testListId="8c84fa94-04c1-424b-9868-57a2d4851a1d" />
    <TestEntry testId="be889632-9ff5-f5d0-54d8-bcdb85d11a72" executionId="2b88bfc1-ec3c-40e7-8d9b-5702a52ce544" testListId="8c84fa94-04c1-424b-9868-57a2d4851a1d" />
    <TestEntry testId="aae3a3cd-4d6f-1dab-3f9a-a5fe013c8ef6" executionId="95735d02-070f-4de1-9cd0-654e0c5d3ac3" testListId="8c84fa94-04c1-424b-9868-57a2d4851a1d" />
    <TestEntry testId="878af640-d890-e975-6709-5a2dba9c93ac" executionId="58b6c4bd-ef08-48e8-93a3-b050466aaaf5" testListId="8c84fa94-04c1-424b-9868-57a2d4851a1d" />
    <TestEntry testId="b58bcd07-da9a-5573-d3f8-698bff24b6cf" executionId="1a39c58c-3498-442b-9b10-c5004f87043e" testListId="8c84fa94-04c1-424b-9868-57a2d4851a1d" />
    <TestEntry testId="1a751a76-0398-3b84-bb66-c08f5f6ab5a9" executionId="2b605a5b-d582-4a94-83f6-abf31dc53b9a" testListId="8c84fa94-04c1-424b-9868-57a2d4851a1d" />
    <TestEntry testId="91e28134-afab-2eee-be56-cc4b4d0c9400" executionId="be991c8b-1ac1-4e86-ad54-e3657cb19ac5" testListId="8c84fa94-04c1-424b-9868-57a2d4851a1d" />
    <TestEntry testId="9ae065dd-3cd5-5716-3b70-ec284e0790d1" executionId="1f1b1525-031f-44e6-b111-fe9d5c2c59a2" testListId="8c84fa94-04c1-424b-9868-57a2d4851a1d" />
    <TestEntry testId="37e2e50e-fc25-c03f-5417-217311effa83" executionId="59676c9e-f6a3-4a0c-9504-f1d86a9b3a39" testListId="8c84fa94-04c1-424b-9868-57a2d4851a1d" />
    <TestEntry testId="5379cf42-d0ad-1994-1e83-6f4f30ec977e" executionId="278ca345-8a1b-40e7-a2c7-f5f9ff945589" testListId="8c84fa94-04c1-424b-9868-57a2d4851a1d" />
  </TestEntries>
  <TestLists>
    <TestList name="Results Not in a List" id="8c84fa94-04c1-424b-9868-57a2d4851a1d" />
    <TestList name="All Loaded Results" id="19431567-8539-422a-85d7-44ee4e166bda" />
  </TestLists>
  <ResultSummary outcome="Failed">
    <Counters total="33" executed="33" passed="1" failed="32" error="0" timeout="0" aborted="0" inconclusive="0" passedButRunAborted="0" notRunnable="0" notExecuted="0" disconnected="0" warning="0" completed="0" inProgress="0" pending="0" />
    <Output>
      <StdOut>[xUnit.net 00:00:00.00] xUnit.net VSTest Adapter v2.8.2+699d445a1a (64-bit .NET 9.0.0)
[xUnit.net 00:00:00.02]   Discovering: AIEngineTests
[xUnit.net 00:00:00.05]   Discovered:  AIEngineTests
[xUnit.net 00:00:00.05]   Starting:    AIEngineTests
     Warning:
     The component "Fluent Assertions" is governed by the rules defined in the Xceed License Agreement and
     the Xceed Fluent Assertions Community License. You may use Fluent Assertions free of charge for
     non-commercial use only. An active subscription is required to use Fluent Assertions for commercial use.
     Please contact Xceed Sales mailto:sales@xceed.com to acquire a subscription at a very low cost.
     A paid commercial license supports the development and continued increasing support of
     Fluent Assertions users under both commercial and community licenses. Help us
     keep Fluent Assertions at the forefront of unit testing.
     For more information, visit https://xceed.com/products/unit-testing/fluent-assertions/
[xUnit.net 00:00:00.19]       System.Net.Http.HttpRequestException : An error occurred while sending the request.
[xUnit.net 00:00:00.19]       ---- System.IO.IOException : Unable to read data from the transport connection: Connection reset by peer.
[xUnit.net 00:00:00.19]       -------- System.Net.Sockets.SocketException : Connection reset by peer
[xUnit.net 00:00:00.19]       Stack Trace:
[xUnit.net 00:00:00.19]            at System.Net.Http.HttpConnection.SendAsync(HttpRequestMessage request, Boolean async, CancellationToken cancellationToken)
[xUnit.net 00:00:00.19]            at System.Net.Http.HttpConnectionPool.SendWithVersionDetectionAndRetryAsync(HttpRequestMessage request, Boolean async, Boolean doRequestAuth, CancellationToken cancellationToken)
[xUnit.net 00:00:00.19]            at System.Net.Http.RedirectHandler.SendAsync(HttpRequestMessage request, Boolean async, CancellationToken cancellationToken)
[xUnit.net 00:00:00.19]            at System.Net.Http.HttpClient.&lt;SendAsync&gt;g__Core|83_0(HttpRequestMessage request, HttpCompletionOption completionOption, CancellationTokenSource cts, Boolean disposeCts, CancellationTokenSource pendingRequestsCts, CancellationToken originalCancellationToken)
[xUnit.net 00:00:00.19]         /Users/charrcy/projects/WeedGo/microservices/ai-engine-service/tests/WeedGo.AIEngine.Tests/AIEngineTests/AIEngineTests/Helpers/AIEngineApiClient.cs(44,0): at AIEngineTests.Helpers.AIEngineApiClient.VerifyAgeAsync(AgeVerificationRequest request)
[xUnit.net 00:00:00.19]         /Users/charrcy/projects/WeedGo/microservices/ai-engine-service/tests/WeedGo.AIEngine.Tests/AIEngineTests/AIEngineTests/Tests/AgeVerificationTests.cs(88,0): at AIEngineTests.Tests.AgeVerificationTests.Should_Persist_Verification_Across_Sessions()
[xUnit.net 00:00:00.19]         --- End of stack trace from previous location ---
[xUnit.net 00:00:00.19]         ----- Inner Stack Trace -----
[xUnit.net 00:00:00.19]            at System.Net.Sockets.Socket.AwaitableSocketAsyncEventArgs.ThrowException(SocketError error, CancellationToken cancellationToken)
[xUnit.net 00:00:00.19]            at System.Net.Sockets.Socket.AwaitableSocketAsyncEventArgs.System.Threading.Tasks.Sources.IValueTaskSource&lt;System.Int32&gt;.GetResult(Int16 token)
[xUnit.net 00:00:00.19]            at System.Net.Http.HttpConnection.SendAsync(HttpRequestMessage request, Boolean async, CancellationToken cancellationToken)
[xUnit.net 00:00:00.19]         ----- Inner Stack Trace -----
[xUnit.net 00:00:00.19]         
[xUnit.net 00:00:00.19]       System.Net.Http.HttpRequestException : An error occurred while sending the request.
[xUnit.net 00:00:00.19]       ---- System.Net.Http.HttpIOException : The response ended prematurely. (ResponseEnded)
[xUnit.net 00:00:00.19]       Stack Trace:
[xUnit.net 00:00:00.19]            at System.Net.Http.HttpConnection.SendAsync(HttpRequestMessage request, Boolean async, CancellationToken cancellationToken)
[xUnit.net 00:00:00.19]            at System.Net.Http.HttpConnectionPool.SendWithVersionDetectionAndRetryAsync(HttpRequestMessage request, Boolean async, Boolean doRequestAuth, CancellationToken cancellationToken)
[xUnit.net 00:00:00.19]            at System.Net.Http.RedirectHandler.SendAsync(HttpRequestMessage request, Boolean async, CancellationToken cancellationToken)
[xUnit.net 00:00:00.19]            at System.Net.Http.HttpClient.&lt;SendAsync&gt;g__Core|83_0(HttpRequestMessage request, HttpCompletionOption completionOption, CancellationTokenSource cts, Boolean disposeCts, CancellationTokenSource pendingRequestsCts, CancellationToken originalCancellationToken)
[xUnit.net 00:00:00.19]         /Users/charrcy/projects/WeedGo/microservices/ai-engine-service/tests/WeedGo.AIEngine.Tests/AIEngineTests/AIEngineTests/Helpers/AIEngineApiClient.cs(27,0): at AIEngineTests.Helpers.AIEngineApiClient.SendChatMessageAsync(ChatRequest request)
[xUnit.net 00:00:00.19]         /Users/charrcy/projects/WeedGo/microservices/ai-engine-service/tests/WeedGo.AIEngine.Tests/AIEngineTests/AIEngineTests/Tests/ConversationFlowTests.cs(46,0): at AIEngineTests.Tests.ConversationFlowTests.Should_Not_Get_Stuck_In_Qualification_Loop()
[xUnit.net 00:00:00.19]         --- End of stack trace from previous location ---
[xUnit.net 00:00:00.19]         ----- Inner Stack Trace -----
[xUnit.net 00:00:00.19]            at System.Net.Http.HttpConnection.SendAsync(HttpRequestMessage request, Boolean async, CancellationToken cancellationToken)
[xUnit.net 00:00:00.19]       System.Net.Http.HttpRequestException : An error occurred while sending the request.
[xUnit.net 00:00:00.19]       ---- System.Net.Http.HttpIOException : The response ended prematurely. (ResponseEnded)
[xUnit.net 00:00:00.19]       Stack Trace:
[xUnit.net 00:00:00.19]            at System.Net.Http.HttpConnection.SendAsync(HttpRequestMessage request, Boolean async, CancellationToken cancellationToken)
[xUnit.net 00:00:00.19]            at System.Net.Http.HttpConnectionPool.SendWithVersionDetectionAndRetryAsync(HttpRequestMessage request, Boolean async, Boolean doRequestAuth, CancellationToken cancellationToken)
[xUnit.net 00:00:00.19]            at System.Net.Http.RedirectHandler.SendAsync(HttpRequestMessage request, Boolean async, CancellationToken cancellationToken)
[xUnit.net 00:00:00.19]            at System.Net.Http.HttpClient.&lt;SendAsync&gt;g__Core|83_0(HttpRequestMessage request, HttpCompletionOption completionOption, CancellationTokenSource cts, Boolean disposeCts, CancellationTokenSource pendingRequestsCts, CancellationToken originalCancellationToken)
[xUnit.net 00:00:00.19]         /Users/charrcy/projects/WeedGo/microservices/ai-engine-service/tests/WeedGo.AIEngine.Tests/AIEngineTests/AIEngineTests/Helpers/AIEngineApiClient.cs(27,0): at AIEngineTests.Helpers.AIEngineApiClient.SendChatMessageAsync(ChatRequest request)
[xUnit.net 00:00:00.19]         /Users/charrcy/projects/WeedGo/microservices/ai-engine-service/tests/WeedGo.AIEngine.Tests/AIEngineTests/AIEngineTests/Tests/DirectProductRequestTests.cs(85,0): at AIEngineTests.Tests.DirectProductRequestTests.Should_Recognize_Joint_As_Flower_Product()
[xUnit.net 00:00:00.19]         --- End of stack trace from previous location ---
[xUnit.net 00:00:00.19]         ----- Inner Stack Trace -----
[xUnit.net 00:00:00.19]            at System.Net.Http.HttpConnection.SendAsync(HttpRequestMessage request, Boolean async, CancellationToken cancellationToken)
[xUnit.net 00:00:00.19]       System.Net.Http.HttpRequestException : An error occurred while sending the request.
[xUnit.net 00:00:00.19]       ---- System.Net.Http.HttpIOException : The response ended prematurely. (ResponseEnded)
[xUnit.net 00:00:00.19]       Stack Trace:
[xUnit.net 00:00:00.19]            at System.Net.Http.HttpConnection.SendAsync(HttpRequestMessage request, Boolean async, CancellationToken cancellationToken)
[xUnit.net 00:00:00.19]            at System.Net.Http.HttpConnectionPool.SendWithVersionDetectionAndRetryAsync(HttpRequestMessage request, Boolean async, Boolean doRequestAuth, CancellationToken cancellationToken)
[xUnit.net 00:00:00.19]            at System.Net.Http.RedirectHandler.SendAsync(HttpRequestMessage request, Boolean async, CancellationToken cancellationToken)
[xUnit.net 00:00:00.19]            at System.Net.Http.HttpClient.&lt;SendAsync&gt;g__Core|83_0(HttpRequestMessage request, HttpCompletionOption completionOption, CancellationTokenSource cts, Boolean disposeCts, CancellationTokenSource pendingRequestsCts, CancellationToken originalCancellationToken)
[xUnit.net 00:00:00.19]         /Users/charrcy/projects/WeedGo/microservices/ai-engine-service/tests/WeedGo.AIEngine.Tests/AIEngineTests/AIEngineTests/Helpers/AIEngineApiClient.cs(27,0): at AIEngineTests.Helpers.AIEngineApiClient.SendChatMessageAsync(ChatRequest request)
[xUnit.net 00:00:00.19]         /Users/charrcy/projects/WeedGo/microservices/ai-engine-service/tests/WeedGo.AIEngine.Tests/AIEngineTests/AIEngineTests/Tests/ParsingTests.cs(67,0): at AIEngineTests.Tests.ParsingTests.Should_Parse_Budget_Ranges(String budgetPhrase, Decimal expectedMin, Decimal expectedMax)
[xUnit.net 00:00:00.19]         --- End of stack trace from previous location ---
[xUnit.net 00:00:00.19]         ----- Inner Stack Trace -----
[xUnit.net 00:00:00.19]            at System.Net.Http.HttpConnection.SendAsync(HttpRequestMessage request, Boolean async, CancellationToken cancellationToken)
[xUnit.net 00:00:00.19]       System.Net.Http.HttpRequestException : Connection refused (localhost:8080)
[xUnit.net 00:00:00.19]       ---- System.Net.Sockets.SocketException : Connection refused
[xUnit.net 00:00:00.19]       Stack Trace:
[xUnit.net 00:00:00.19]            at System.Net.Http.HttpConnectionPool.ConnectToTcpHostAsync(String host, Int32 port, HttpRequestMessage initialRequest, Boolean async, CancellationToken cancellationToken)
[xUnit.net 00:00:00.19]            at System.Net.Http.HttpConnectionPool.ConnectAsync(HttpRequestMessage request, Boolean async, CancellationToken cancellationToken)
[xUnit.net 00:00:00.19]            at System.Net.Http.HttpConnectionPool.CreateHttp11ConnectionAsync(HttpRequestMessage request, Boolean async, CancellationToken cancellationToken)
[xUnit.net 00:00:00.19]            at System.Net.Http.HttpConnectionPool.InjectNewHttp11ConnectionAsync(QueueItem queueItem)
[xUnit.net 00:00:00.19]            at System.Threading.Tasks.TaskCompletionSourceWithCancellation`1.WaitWithCancellationAsync(CancellationToken cancellationToken)
[xUnit.net 00:00:00.19]            at System.Net.Http.HttpConnectionPool.SendWithVersionDetectionAndRetryAsync(HttpRequestMessage request, Boolean async, Boolean doRequestAuth, CancellationToken cancellationToken)
[xUnit.net 00:00:00.19]            at System.Net.Http.RedirectHandler.SendAsync(HttpRequestMessage request, Boolean async, CancellationToken cancellationToken)
[xUnit.net 00:00:00.19]            at System.Net.Http.HttpClient.&lt;SendAsync&gt;g__Core|83_0(HttpRequestMessage request, HttpCompletionOption completionOption, CancellationTokenSource cts, Boolean disposeCts, CancellationTokenSource pendingRequestsCts, CancellationToken originalCancellationToken)
[xUnit.net 00:00:00.19]         /Users/charrcy/projects/WeedGo/microservices/ai-engine-service/tests/WeedGo.AIEngine.Tests/AIEngineTests/AIEngineTests/Helpers/AIEngineApiClient.cs(27,0): at AIEngineTests.Helpers.AIEngineApiClient.SendChatMessageAsync(ChatRequest request)
[xUnit.net 00:00:00.19]         /Users/charrcy/projects/WeedGo/microservices/ai-engine-service/tests/WeedGo.AIEngine.Tests/AIEngineTests/AIEngineTests/Tests/AgeVerificationTests.cs(133,0): at AIEngineTests.Tests.AgeVerificationTests.Should_Allow_Guest_Users_Limited_Access()
[xUnit.net 00:00:00.19]         --- End of stack trace from previous location ---
[xUnit.net 00:00:00.19]         ----- Inner Stack Trace -----
[xUnit.net 00:00:00.19]            at System.Net.Sockets.Socket.AwaitableSocketAsyncEventArgs.ThrowException(SocketError error, CancellationToken cancellationToken)
[xUnit.net 00:00:00.19]            at System.Net.Sockets.Socket.AwaitableSocketAsyncEventArgs.System.Threading.Tasks.Sources.IValueTaskSource.GetResult(Int16 token)
[xUnit.net 00:00:00.19]            at System.Net.Sockets.Socket.&lt;ConnectAsync&gt;g__WaitForConnectWithCancellation|285_0(AwaitableSocketAsyncEventArgs saea, ValueTask connectTask, CancellationToken cancellationToken)
[xUnit.net 00:00:00.19]            at System.Net.Http.HttpConnectionPool.ConnectToTcpHostAsync(String host, Int32 port, HttpRequestMessage initialRequest, Boolean async, CancellationToken cancellationToken)
[xUnit.net 00:00:00.20]       System.Net.Http.HttpRequestException : Connection refused (localhost:8080)
[xUnit.net 00:00:00.20]       ---- System.Net.Sockets.SocketException : Connection refused
[xUnit.net 00:00:00.20]       Stack Trace:
[xUnit.net 00:00:00.20]            at System.Net.Http.HttpConnectionPool.ConnectToTcpHostAsync(String host, Int32 port, HttpRequestMessage initialRequest, Boolean async, CancellationToken cancellationToken)
[xUnit.net 00:00:00.20]            at System.Net.Http.HttpConnectionPool.ConnectAsync(HttpRequestMessage request, Boolean async, CancellationToken cancellationToken)
[xUnit.net 00:00:00.20]            at System.Net.Http.HttpConnectionPool.CreateHttp11ConnectionAsync(HttpRequestMessage request, Boolean async, CancellationToken cancellationToken)
[xUnit.net 00:00:00.20]            at System.Net.Http.HttpConnectionPool.InjectNewHttp11ConnectionAsync(QueueItem queueItem)
[xUnit.net 00:00:00.20]            at System.Threading.Tasks.TaskCompletionSourceWithCancellation`1.WaitWithCancellationAsync(CancellationToken cancellationToken)
[xUnit.net 00:00:00.20]            at System.Net.Http.HttpConnectionPool.SendWithVersionDetectionAndRetryAsync(HttpRequestMessage request, Boolean async, Boolean doRequestAuth, CancellationToken cancellationToken)
[xUnit.net 00:00:00.20]            at System.Net.Http.RedirectHandler.SendAsync(HttpRequestMessage request, Boolean async, CancellationToken cancellationToken)
[xUnit.net 00:00:00.20]            at System.Net.Http.HttpClient.&lt;SendAsync&gt;g__Core|83_0(HttpRequestMessage request, HttpCompletionOption completionOption, CancellationTokenSource cts, Boolean disposeCts, CancellationTokenSource pendingRequestsCts, CancellationToken originalCancellationToken)
[xUnit.net 00:00:00.20]         /Users/charrcy/projects/WeedGo/microservices/ai-engine-service/tests/WeedGo.AIEngine.Tests/AIEngineTests/AIEngineTests/Helpers/AIEngineApiClient.cs(44,0): at AIEngineTests.Helpers.AIEngineApiClient.VerifyAgeAsync(AgeVerificationRequest request)
[xUnit.net 00:00:00.20]         /Users/charrcy/projects/WeedGo/microservices/ai-engine-service/tests/WeedGo.AIEngine.Tests/AIEngineTests/AIEngineTests/Tests/ConversationFlowTests.cs(173,0): at AIEngineTests.Tests.ConversationFlowTests.VerifyUser(String customerId)
[xUnit.net 00:00:00.20]         /Users/charrcy/projects/WeedGo/microservices/ai-engine-service/tests/WeedGo.AIEngine.Tests/AIEngineTests/AIEngineTests/Tests/ConversationFlowTests.cs(65,0): at AIEngineTests.Tests.ConversationFlowTests.Should_Progress_Through_Stages_Naturally()
[xUnit.net 00:00:00.20]         --- End of stack trace from previous location ---
[xUnit.net 00:00:00.20]         ----- Inner Stack Trace -----
[xUnit.net 00:00:00.20]            at System.Net.Sockets.Socket.AwaitableSocketAsyncEventArgs.ThrowException(SocketError error, CancellationToken cancellationToken)
[xUnit.net 00:00:00.20]            at System.Net.Sockets.Socket.AwaitableSocketAsyncEventArgs.System.Threading.Tasks.Sources.IValueTaskSource.GetResult(Int16 token)
[xUnit.net 00:00:00.20]            at System.Net.Sockets.Socket.&lt;ConnectAsync&gt;g__WaitForConnectWithCancellation|285_0(AwaitableSocketAsyncEventArgs saea, ValueTask connectTask, CancellationToken cancellationToken)
[xUnit.net 00:00:00.20]            at System.Net.Http.HttpConnectionPool.ConnectToTcpHostAsync(String host, Int32 port, HttpRequestMessage initialRequest, Boolean async, CancellationToken cancellationToken)
[xUnit.net 00:00:00.21]       System.Net.Http.HttpRequestException : Connection refused (localhost:8080)
[xUnit.net 00:00:00.21]       ---- System.Net.Sockets.SocketException : Connection refused
[xUnit.net 00:00:00.21]       Stack Trace:
[xUnit.net 00:00:00.21]            at System.Net.Http.HttpConnectionPool.ConnectToTcpHostAsync(String host, Int32 port, HttpRequestMessage initialRequest, Boolean async, CancellationToken cancellationToken)
[xUnit.net 00:00:00.21]            at System.Net.Http.HttpConnectionPool.ConnectAsync(HttpRequestMessage request, Boolean async, CancellationToken cancellationToken)
[xUnit.net 00:00:00.21]            at System.Net.Http.HttpConnectionPool.CreateHttp11ConnectionAsync(HttpRequestMessage request, Boolean async, CancellationToken cancellationToken)
[xUnit.net 00:00:00.21]            at System.Net.Http.HttpConnectionPool.InjectNewHttp11ConnectionAsync(QueueItem queueItem)
[xUnit.net 00:00:00.21]            at System.Threading.Tasks.TaskCompletionSourceWithCancellation`1.WaitWithCancellationAsync(CancellationToken cancellationToken)
[xUnit.net 00:00:00.21]            at System.Net.Http.HttpConnectionPool.SendWithVersionDetectionAndRetryAsync(HttpRequestMessage request, Boolean async, Boolean doRequestAuth, CancellationToken cancellationToken)
[xUnit.net 00:00:00.21]            at System.Net.Http.RedirectHandler.SendAsync(HttpRequestMessage request, Boolean async, CancellationToken cancellationToken)
[xUnit.net 00:00:00.21]            at System.Net.Http.HttpClient.&lt;SendAsync&gt;g__Core|83_0(HttpRequestMessage request, HttpCompletionOption completionOption, CancellationTokenSource cts, Boolean disposeCts, CancellationTokenSource pendingRequestsCts, CancellationToken originalCancellationToken)
[xUnit.net 00:00:00.21]         /Users/charrcy/projects/WeedGo/microservices/ai-engine-service/tests/WeedGo.AIEngine.Tests/AIEngineTests/AIEngineTests/Helpers/AIEngineApiClient.cs(44,0): at AIEngineTests.Helpers.AIEngineApiClient.VerifyAgeAsync(AgeVerificationRequest request)
[xUnit.net 00:00:00.21]         /Users/charrcy/projects/WeedGo/microservices/ai-engine-service/tests/WeedGo.AIEngine.Tests/AIEngineTests/AIEngineTests/Tests/ParsingTests.cs(185,0): at AIEngineTests.Tests.ParsingTests.VerifyUser(String customerId)
[xUnit.net 00:00:00.21]         /Users/charrcy/projects/WeedGo/microservices/ai-engine-service/tests/WeedGo.AIEngine.Tests/AIEngineTests/AIEngineTests/Tests/ParsingTests.cs(57,0): at AIEngineTests.Tests.ParsingTests.Should_Parse_Budget_Ranges(String budgetPhrase, Decimal expectedMin, Decimal expectedMax)
[xUnit.net 00:00:00.21]         --- End of stack trace from previous location ---
[xUnit.net 00:00:00.21]         ----- Inner Stack Trace -----
[xUnit.net 00:00:00.21]            at System.Net.Sockets.Socket.AwaitableSocketAsyncEventArgs.ThrowException(SocketError error, CancellationToken cancellationToken)
[xUnit.net 00:00:00.21]            at System.Net.Sockets.Socket.AwaitableSocketAsyncEventArgs.System.Threading.Tasks.Sources.IValueTaskSource.GetResult(Int16 token)
[xUnit.net 00:00:00.21]            at System.Net.Sockets.Socket.&lt;ConnectAsync&gt;g__WaitForConnectWithCancellation|285_0(AwaitableSocketAsyncEventArgs saea, ValueTask connectTask, CancellationToken cancellationToken)
[xUnit.net 00:00:00.21]            at System.Net.Http.HttpConnectionPool.ConnectToTcpHostAsync(String host, Int32 port, HttpRequestMessage initialRequest, Boolean async, CancellationToken cancellationToken)
[xUnit.net 00:00:00.21]       System.Net.Http.HttpRequestException : Connection refused (localhost:8080)
[xUnit.net 00:00:00.21]       ---- System.Net.Sockets.SocketException : Connection refused
[xUnit.net 00:00:00.21]       Stack Trace:
[xUnit.net 00:00:00.21]            at System.Net.Http.HttpConnectionPool.ConnectToTcpHostAsync(String host, Int32 port, HttpRequestMessage initialRequest, Boolean async, CancellationToken cancellationToken)
[xUnit.net 00:00:00.21]            at System.Net.Http.HttpConnectionPool.ConnectAsync(HttpRequestMessage request, Boolean async, CancellationToken cancellationToken)
[xUnit.net 00:00:00.21]            at System.Net.Http.HttpConnectionPool.CreateHttp11ConnectionAsync(HttpRequestMessage request, Boolean async, CancellationToken cancellationToken)
[xUnit.net 00:00:00.21]            at System.Net.Http.HttpConnectionPool.InjectNewHttp11ConnectionAsync(QueueItem queueItem)
[xUnit.net 00:00:00.21]            at System.Threading.Tasks.TaskCompletionSourceWithCancellation`1.WaitWithCancellationAsync(CancellationToken cancellationToken)
[xUnit.net 00:00:00.21]            at System.Net.Http.HttpConnectionPool.SendWithVersionDetectionAndRetryAsync(HttpRequestMessage request, Boolean async, Boolean doRequestAuth, CancellationToken cancellationToken)
[xUnit.net 00:00:00.21]            at System.Net.Http.RedirectHandler.SendAsync(HttpRequestMessage request, Boolean async, CancellationToken cancellationToken)
[xUnit.net 00:00:00.21]            at System.Net.Http.HttpClient.&lt;SendAsync&gt;g__Core|83_0(HttpRequestMessage request, HttpCompletionOption completionOption, CancellationTokenSource cts, Boolean disposeCts, CancellationTokenSource pendingRequestsCts, CancellationToken originalCancellationToken)
[xUnit.net 00:00:00.21]         /Users/charrcy/projects/WeedGo/microservices/ai-engine-service/tests/WeedGo.AIEngine.Tests/AIEngineTests/AIEngineTests/Helpers/AIEngineApiClient.cs(44,0): at AIEngineTests.Helpers.AIEngineApiClient.VerifyAgeAsync(AgeVerificationRequest request)
[xUnit.net 00:00:00.21]         /Users/charrcy/projects/WeedGo/microservices/ai-engine-service/tests/WeedGo.AIEngine.Tests/AIEngineTests/AIEngineTests/Tests/DirectProductRequestTests.cs(133,0): at AIEngineTests.Tests.DirectProductRequestTests.VerifyTestUser(String customerId)
[xUnit.net 00:00:00.21]         /Users/charrcy/projects/WeedGo/microservices/ai-engine-service/tests/WeedGo.AIEngine.Tests/AIEngineTests/AIEngineTests/Tests/DirectProductRequestTests.cs(29,0): at AIEngineTests.Tests.DirectProductRequestTests.Should_Return_Products_For_Direct_Sativa_Joint_Request()
[xUnit.net 00:00:00.21]         --- End of stack trace from previous location ---
[xUnit.net 00:00:00.21]         ----- Inner Stack Trace -----
[xUnit.net 00:00:00.21]            at System.Net.Sockets.Socket.AwaitableSocketAsyncEventArgs.ThrowException(SocketError error, CancellationToken cancellationToken)
[xUnit.net 00:00:00.21]            at System.Net.Sockets.Socket.AwaitableSocketAsyncEventArgs.System.Threading.Tasks.Sources.IValueTaskSource.GetResult(Int16 token)
[xUnit.net 00:00:00.21]            at System.Net.Sockets.Socket.&lt;ConnectAsync&gt;g__WaitForConnectWithCancellation|285_0(AwaitableSocketAsyncEventArgs saea, ValueTask connectTask, CancellationToken cancellationToken)
[xUnit.net 00:00:00.21]            at System.Net.Http.HttpConnectionPool.ConnectToTcpHostAsync(String host, Int32 port, HttpRequestMessage initialRequest, Boolean async, CancellationToken cancellationToken)
[xUnit.net 00:00:00.21]       System.Net.Http.HttpRequestException : Connection refused (localhost:8080)
[xUnit.net 00:00:00.21]       ---- System.Net.Sockets.SocketException : Connection refused
[xUnit.net 00:00:00.21]       Stack Trace:
[xUnit.net 00:00:00.21]            at System.Net.Http.HttpConnectionPool.ConnectToTcpHostAsync(String host, Int32 port, HttpRequestMessage initialRequest, Boolean async, CancellationToken cancellationToken)
[xUnit.net 00:00:00.21]            at System.Net.Http.HttpConnectionPool.ConnectAsync(HttpRequestMessage request, Boolean async, CancellationToken cancellationToken)
[xUnit.net 00:00:00.21]            at System.Net.Http.HttpConnectionPool.CreateHttp11ConnectionAsync(HttpRequestMessage request, Boolean async, CancellationToken cancellationToken)
[xUnit.net 00:00:00.21]            at System.Net.Http.HttpConnectionPool.InjectNewHttp11ConnectionAsync(QueueItem queueItem)
[xUnit.net 00:00:00.21]            at System.Threading.Tasks.TaskCompletionSourceWithCancellation`1.WaitWithCancellationAsync(CancellationToken cancellationToken)
[xUnit.net 00:00:00.21]            at System.Net.Http.HttpConnectionPool.SendWithVersionDetectionAndRetryAsync(HttpRequestMessage request, Boolean async, Boolean doRequestAuth, CancellationToken cancellationToken)
[xUnit.net 00:00:00.21]            at System.Net.Http.RedirectHandler.SendAsync(HttpRequestMessage request, Boolean async, CancellationToken cancellationToken)
[xUnit.net 00:00:00.21]            at System.Net.Http.HttpClient.&lt;SendAsync&gt;g__Core|83_0(HttpRequestMessage request, HttpCompletionOption completionOption, CancellationTokenSource cts, Boolean disposeCts, CancellationTokenSource pendingRequestsCts, CancellationToken originalCancellationToken)
[xUnit.net 00:00:00.21]         /Users/charrcy/projects/WeedGo/microservices/ai-engine-service/tests/WeedGo.AIEngine.Tests/AIEngineTests/AIEngineTests/Helpers/AIEngineApiClient.cs(44,0): at AIEngineTests.Helpers.AIEngineApiClient.VerifyAgeAsync(AgeVerificationRequest request)
[xUnit.net 00:00:00.21]         /Users/charrcy/projects/WeedGo/microservices/ai-engine-service/tests/WeedGo.AIEngine.Tests/AIEngineTests/AIEngineTests/Tests/AgeVerificationTests.cs(54,0): at AIEngineTests.Tests.AgeVerificationTests.Should_Allow_Verified_Users_To_See_Products()
[xUnit.net 00:00:00.21]         --- End of stack trace from previous location ---
[xUnit.net 00:00:00.21]         ----- Inner Stack Trace -----
[xUnit.net 00:00:00.21]            at System.Net.Sockets.Socket.AwaitableSocketAsyncEventArgs.ThrowException(SocketError error, CancellationToken cancellationToken)
[xUnit.net 00:00:00.21]            at System.Net.Sockets.Socket.AwaitableSocketAsyncEventArgs.System.Threading.Tasks.Sources.IValueTaskSource.GetResult(Int16 token)
[xUnit.net 00:00:00.21]            at System.Net.Sockets.Socket.&lt;ConnectAsync&gt;g__WaitForConnectWithCancellation|285_0(AwaitableSocketAsyncEventArgs saea, ValueTask connectTask, CancellationToken cancellationToken)
[xUnit.net 00:00:00.21]            at System.Net.Http.HttpConnectionPool.ConnectToTcpHostAsync(String host, Int32 port, HttpRequestMessage initialRequest, Boolean async, CancellationToken cancellationToken)
[xUnit.net 00:00:00.21]       System.Net.Http.HttpRequestException : Connection refused (localhost:8080)
[xUnit.net 00:00:00.21]       ---- System.Net.Sockets.SocketException : Connection refused
[xUnit.net 00:00:00.21]       Stack Trace:
[xUnit.net 00:00:00.21]            at System.Net.Http.HttpConnectionPool.ConnectToTcpHostAsync(String host, Int32 port, HttpRequestMessage initialRequest, Boolean async, CancellationToken cancellationToken)
[xUnit.net 00:00:00.21]            at System.Net.Http.HttpConnectionPool.ConnectAsync(HttpRequestMessage request, Boolean async, CancellationToken cancellationToken)
[xUnit.net 00:00:00.21]            at System.Net.Http.HttpConnectionPool.CreateHttp11ConnectionAsync(HttpRequestMessage request, Boolean async, CancellationToken cancellationToken)
[xUnit.net 00:00:00.21]            at System.Net.Http.HttpConnectionPool.InjectNewHttp11ConnectionAsync(QueueItem queueItem)
[xUnit.net 00:00:00.21]            at System.Threading.Tasks.TaskCompletionSourceWithCancellation`1.WaitWithCancellationAsync(CancellationToken cancellationToken)
[xUnit.net 00:00:00.21]            at System.Net.Http.HttpConnectionPool.SendWithVersionDetectionAndRetryAsync(HttpRequestMessage request, Boolean async, Boolean doRequestAuth, CancellationToken cancellationToken)
[xUnit.net 00:00:00.21]            at System.Net.Http.RedirectHandler.SendAsync(HttpRequestMessage request, Boolean async, CancellationToken cancellationToken)
[xUnit.net 00:00:00.21]            at System.Net.Http.HttpClient.&lt;SendAsync&gt;g__Core|83_0(HttpRequestMessage request, HttpCompletionOption completionOption, CancellationTokenSource cts, Boolean disposeCts, CancellationTokenSource pendingRequestsCts, CancellationToken originalCancellationToken)
[xUnit.net 00:00:00.21]         /Users/charrcy/projects/WeedGo/microservices/ai-engine-service/tests/WeedGo.AIEngine.Tests/AIEngineTests/AIEngineTests/Helpers/AIEngineApiClient.cs(44,0): at AIEngineTests.Helpers.AIEngineApiClient.VerifyAgeAsync(AgeVerificationRequest request)
[xUnit.net 00:00:00.21]         /Users/charrcy/projects/WeedGo/microservices/ai-engine-service/tests/WeedGo.AIEngine.Tests/AIEngineTests/AIEngineTests/Tests/ParsingTests.cs(185,0): at AIEngineTests.Tests.ParsingTests.VerifyUser(String customerId)
[xUnit.net 00:00:00.21]         /Users/charrcy/projects/WeedGo/microservices/ai-engine-service/tests/WeedGo.AIEngine.Tests/AIEngineTests/AIEngineTests/Tests/ParsingTests.cs(57,0): at AIEngineTests.Tests.ParsingTests.Should_Parse_Budget_Ranges(String budgetPhrase, Decimal expectedMin, Decimal expectedMax)
[xUnit.net 00:00:00.21]         --- End of stack trace from previous location ---
[xUnit.net 00:00:00.21]         ----- Inner Stack Trace -----
[xUnit.net 00:00:00.21]            at System.Net.Sockets.Socket.AwaitableSocketAsyncEventArgs.ThrowException(SocketError error, CancellationToken cancellationToken)
[xUnit.net 00:00:00.21]            at System.Net.Sockets.Socket.AwaitableSocketAsyncEventArgs.System.Threading.Tasks.Sources.IValueTaskSource.GetResult(Int16 token)
[xUnit.net 00:00:00.21]            at System.Net.Sockets.Socket.&lt;ConnectAsync&gt;g__WaitForConnectWithCancellation|285_0(AwaitableSocketAsyncEventArgs saea, ValueTask connectTask, CancellationToken cancellationToken)
[xUnit.net 00:00:00.21]            at System.Net.Http.HttpConnectionPool.ConnectToTcpHostAsync(String host, Int32 port, HttpRequestMessage initialRequest, Boolean async, CancellationToken cancellationToken)
[xUnit.net 00:00:00.21]       System.Net.Http.HttpRequestException : Connection refused (localhost:8080)
[xUnit.net 00:00:00.21]       ---- System.Net.Sockets.SocketException : Connection refused
[xUnit.net 00:00:00.21]       Stack Trace:
[xUnit.net 00:00:00.21]            at System.Net.Http.HttpConnectionPool.ConnectToTcpHostAsync(String host, Int32 port, HttpRequestMessage initialRequest, Boolean async, CancellationToken cancellationToken)
[xUnit.net 00:00:00.21]            at System.Net.Http.HttpConnectionPool.ConnectAsync(HttpRequestMessage request, Boolean async, CancellationToken cancellationToken)
[xUnit.net 00:00:00.21]            at System.Net.Http.HttpConnectionPool.CreateHttp11ConnectionAsync(HttpRequestMessage request, Boolean async, CancellationToken cancellationToken)
[xUnit.net 00:00:00.21]            at System.Net.Http.HttpConnectionPool.InjectNewHttp11ConnectionAsync(QueueItem queueItem)
[xUnit.net 00:00:00.21]            at System.Threading.Tasks.TaskCompletionSourceWithCancellation`1.WaitWithCancellationAsync(CancellationToken cancellationToken)
[xUnit.net 00:00:00.21]            at System.Net.Http.HttpConnectionPool.SendWithVersionDetectionAndRetryAsync(HttpRequestMessage request, Boolean async, Boolean doRequestAuth, CancellationToken cancellationToken)
[xUnit.net 00:00:00.21]            at System.Net.Http.RedirectHandler.SendAsync(HttpRequestMessage request, Boolean async, CancellationToken cancellationToken)
[xUnit.net 00:00:00.21]            at System.Net.Http.HttpClient.&lt;SendAsync&gt;g__Core|83_0(HttpRequestMessage request, HttpCompletionOption completionOption, CancellationTokenSource cts, Boolean disposeCts, CancellationTokenSource pendingRequestsCts, CancellationToken originalCancellationToken)
[xUnit.net 00:00:00.21]         /Users/charrcy/projects/WeedGo/microservices/ai-engine-service/tests/WeedGo.AIEngine.Tests/AIEngineTests/AIEngineTests/Helpers/AIEngineApiClient.cs(44,0): at AIEngineTests.Helpers.AIEngineApiClient.VerifyAgeAsync(AgeVerificationRequest request)
[xUnit.net 00:00:00.21]         /Users/charrcy/projects/WeedGo/microservices/ai-engine-service/tests/WeedGo.AIEngine.Tests/AIEngineTests/AIEngineTests/Tests/ConversationFlowTests.cs(173,0): at AIEngineTests.Tests.ConversationFlowTests.VerifyUser(String customerId)
[xUnit.net 00:00:00.21]         /Users/charrcy/projects/WeedGo/microservices/ai-engine-service/tests/WeedGo.AIEngine.Tests/AIEngineTests/AIEngineTests/Tests/ConversationFlowTests.cs(103,0): at AIEngineTests.Tests.ConversationFlowTests.Should_Skip_To_Recommendation_For_Direct_Requests()
[xUnit.net 00:00:00.21]         --- End of stack trace from previous location ---
[xUnit.net 00:00:00.21]         ----- Inner Stack Trace -----
[xUnit.net 00:00:00.21]            at System.Net.Sockets.Socket.AwaitableSocketAsyncEventArgs.ThrowException(SocketError error, CancellationToken cancellationToken)
[xUnit.net 00:00:00.21]            at System.Net.Sockets.Socket.AwaitableSocketAsyncEventArgs.System.Threading.Tasks.Sources.IValueTaskSource.GetResult(Int16 token)
[xUnit.net 00:00:00.21]            at System.Net.Sockets.Socket.&lt;ConnectAsync&gt;g__WaitForConnectWithCancellation|285_0(AwaitableSocketAsyncEventArgs saea, ValueTask connectTask, CancellationToken cancellationToken)
[xUnit.net 00:00:00.21]            at System.Net.Http.HttpConnectionPool.ConnectToTcpHostAsync(String host, Int32 port, HttpRequestMessage initialRequest, Boolean async, CancellationToken cancellationToken)
[xUnit.net 00:00:00.21]       System.Net.Http.HttpRequestException : Connection refused (localhost:8080)
[xUnit.net 00:00:00.21]       ---- System.Net.Sockets.SocketException : Connection refused
[xUnit.net 00:00:00.21]       Stack Trace:
[xUnit.net 00:00:00.21]            at System.Net.Http.HttpConnectionPool.ConnectToTcpHostAsync(String host, Int32 port, HttpRequestMessage initialRequest, Boolean async, CancellationToken cancellationToken)
[xUnit.net 00:00:00.21]            at System.Net.Http.HttpConnectionPool.ConnectAsync(HttpRequestMessage request, Boolean async, CancellationToken cancellationToken)
[xUnit.net 00:00:00.21]            at System.Net.Http.HttpConnectionPool.CreateHttp11ConnectionAsync(HttpRequestMessage request, Boolean async, CancellationToken cancellationToken)
[xUnit.net 00:00:00.21]            at System.Net.Http.HttpConnectionPool.InjectNewHttp11ConnectionAsync(QueueItem queueItem)
[xUnit.net 00:00:00.21]            at System.Threading.Tasks.TaskCompletionSourceWithCancellation`1.WaitWithCancellationAsync(CancellationToken cancellationToken)
[xUnit.net 00:00:00.21]            at System.Net.Http.HttpConnectionPool.SendWithVersionDetectionAndRetryAsync(HttpRequestMessage request, Boolean async, Boolean doRequestAuth, CancellationToken cancellationToken)
[xUnit.net 00:00:00.21]            at System.Net.Http.RedirectHandler.SendAsync(HttpRequestMessage request, Boolean async, CancellationToken cancellationToken)
[xUnit.net 00:00:00.21]            at System.Net.Http.HttpClient.&lt;SendAsync&gt;g__Core|83_0(HttpRequestMessage request, HttpCompletionOption completionOption, CancellationTokenSource cts, Boolean disposeCts, CancellationTokenSource pendingRequestsCts, CancellationToken originalCancellationToken)
[xUnit.net 00:00:00.21]         /Users/charrcy/projects/WeedGo/microservices/ai-engine-service/tests/WeedGo.AIEngine.Tests/AIEngineTests/AIEngineTests/Helpers/AIEngineApiClient.cs(44,0): at AIEngineTests.Helpers.AIEngineApiClient.VerifyAgeAsync(AgeVerificationRequest request)
[xUnit.net 00:00:00.21]         /Users/charrcy/projects/WeedGo/microservices/ai-engine-service/tests/WeedGo.AIEngine.Tests/AIEngineTests/AIEngineTests/Tests/DirectProductRequestTests.cs(133,0): at AIEngineTests.Tests.DirectProductRequestTests.VerifyTestUser(String customerId)
[xUnit.net 00:00:00.21]         /Users/charrcy/projects/WeedGo/microservices/ai-engine-service/tests/WeedGo.AIEngine.Tests/AIEngineTests/AIEngineTests/Tests/DirectProductRequestTests.cs(58,0): at AIEngineTests.Tests.DirectProductRequestTests.Should_Parse_Budget_Under_Pattern()
[xUnit.net 00:00:00.21]         --- End of stack trace from previous location ---
[xUnit.net 00:00:00.21]         ----- Inner Stack Trace -----
[xUnit.net 00:00:00.21]            at System.Net.Sockets.Socket.AwaitableSocketAsyncEventArgs.ThrowException(SocketError error, CancellationToken cancellationToken)
[xUnit.net 00:00:00.21]            at System.Net.Sockets.Socket.AwaitableSocketAsyncEventArgs.System.Threading.Tasks.Sources.IValueTaskSource.GetResult(Int16 token)
[xUnit.net 00:00:00.21]            at System.Net.Sockets.Socket.&lt;ConnectAsync&gt;g__WaitForConnectWithCancellation|285_0(AwaitableSocketAsyncEventArgs saea, ValueTask connectTask, CancellationToken cancellationToken)
[xUnit.net 00:00:00.21]            at System.Net.Http.HttpConnectionPool.ConnectToTcpHostAsync(String host, Int32 port, HttpRequestMessage initialRequest, Boolean async, CancellationToken cancellationToken)
[xUnit.net 00:00:00.21]       System.Net.Http.HttpRequestException : Connection refused (localhost:8080)
[xUnit.net 00:00:00.21]       ---- System.Net.Sockets.SocketException : Connection refused
[xUnit.net 00:00:00.21]       Stack Trace:
[xUnit.net 00:00:00.21]            at System.Net.Http.HttpConnectionPool.ConnectToTcpHostAsync(String host, Int32 port, HttpRequestMessage initialRequest, Boolean async, CancellationToken cancellationToken)
[xUnit.net 00:00:00.21]            at System.Net.Http.HttpConnectionPool.ConnectAsync(HttpRequestMessage request, Boolean async, CancellationToken cancellationToken)
[xUnit.net 00:00:00.21]            at System.Net.Http.HttpConnectionPool.CreateHttp11ConnectionAsync(HttpRequestMessage request, Boolean async, CancellationToken cancellationToken)
[xUnit.net 00:00:00.21]            at System.Net.Http.HttpConnectionPool.InjectNewHttp11ConnectionAsync(QueueItem queueItem)
[xUnit.net 00:00:00.21]            at System.Threading.Tasks.TaskCompletionSourceWithCancellation`1.WaitWithCancellationAsync(CancellationToken cancellationToken)
[xUnit.net 00:00:00.21]            at System.Net.Http.HttpConnectionPool.SendWithVersionDetectionAndRetryAsync(HttpRequestMessage request, Boolean async, Boolean doRequestAuth, CancellationToken cancellationToken)
[xUnit.net 00:00:00.21]            at System.Net.Http.RedirectHandler.SendAsync(HttpRequestMessage request, Boolean async, CancellationToken cancellationToken)
[xUnit.net 00:00:00.21]            at System.Net.Http.HttpClient.&lt;SendAsync&gt;g__Core|83_0(HttpRequestMessage request, HttpCompletionOption completionOption, CancellationTokenSource cts, Boolean disposeCts, CancellationTokenSource pendingRequestsCts, CancellationToken originalCancellationToken)
[xUnit.net 00:00:00.21]         /Users/charrcy/projects/WeedGo/microservices/ai-engine-service/tests/WeedGo.AIEngine.Tests/AIEngineTests/AIEngineTests/Helpers/AIEngineApiClient.cs(44,0): at AIEngineTests.Helpers.AIEngineApiClient.VerifyAgeAsync(AgeVerificationRequest request)
[xUnit.net 00:00:00.21]         /Users/charrcy/projects/WeedGo/microservices/ai-engine-service/tests/WeedGo.AIEngine.Tests/AIEngineTests/AIEngineTests/Tests/ParsingTests.cs(185,0): at AIEngineTests.Tests.ParsingTests.VerifyUser(String customerId)
[xUnit.net 00:00:00.21]         /Users/charrcy/projects/WeedGo/microservices/ai-engine-service/tests/WeedGo.AIEngine.Tests/AIEngineTests/AIEngineTests/Tests/ParsingTests.cs(57,0): at AIEngineTests.Tests.ParsingTests.Should_Parse_Budget_Ranges(String budgetPhrase, Decimal expectedMin, Decimal expectedMax)
[xUnit.net 00:00:00.21]         --- End of stack trace from previous location ---
[xUnit.net 00:00:00.21]         ----- Inner Stack Trace -----
[xUnit.net 00:00:00.21]            at System.Net.Sockets.Socket.AwaitableSocketAsyncEventArgs.ThrowException(SocketError error, CancellationToken cancellationToken)
[xUnit.net 00:00:00.21]            at System.Net.Sockets.Socket.AwaitableSocketAsyncEventArgs.System.Threading.Tasks.Sources.IValueTaskSource.GetResult(Int16 token)
[xUnit.net 00:00:00.21]            at System.Net.Sockets.Socket.&lt;ConnectAsync&gt;g__WaitForConnectWithCancellation|285_0(AwaitableSocketAsyncEventArgs saea, ValueTask connectTask, CancellationToken cancellationToken)
[xUnit.net 00:00:00.21]            at System.Net.Http.HttpConnectionPool.ConnectToTcpHostAsync(String host, Int32 port, HttpRequestMessage initialRequest, Boolean async, CancellationToken cancellationToken)
[xUnit.net 00:00:00.21]       System.Net.Http.HttpRequestException : Connection refused (localhost:8080)
[xUnit.net 00:00:00.21]       ---- System.Net.Sockets.SocketException : Connection refused
[xUnit.net 00:00:00.21]       Stack Trace:
[xUnit.net 00:00:00.21]            at System.Net.Http.HttpConnectionPool.ConnectToTcpHostAsync(String host, Int32 port, HttpRequestMessage initialRequest, Boolean async, CancellationToken cancellationToken)
[xUnit.net 00:00:00.21]            at System.Net.Http.HttpConnectionPool.ConnectAsync(HttpRequestMessage request, Boolean async, CancellationToken cancellationToken)
[xUnit.net 00:00:00.21]            at System.Net.Http.HttpConnectionPool.CreateHttp11ConnectionAsync(HttpRequestMessage request, Boolean async, CancellationToken cancellationToken)
[xUnit.net 00:00:00.21]            at System.Net.Http.HttpConnectionPool.InjectNewHttp11ConnectionAsync(QueueItem queueItem)
[xUnit.net 00:00:00.21]            at System.Threading.Tasks.TaskCompletionSourceWithCancellation`1.WaitWithCancellationAsync(CancellationToken cancellationToken)
[xUnit.net 00:00:00.21]            at System.Net.Http.HttpConnectionPool.SendWithVersionDetectionAndRetryAsync(HttpRequestMessage request, Boolean async, Boolean doRequestAuth, CancellationToken cancellationToken)
[xUnit.net 00:00:00.21]            at System.Net.Http.RedirectHandler.SendAsync(HttpRequestMessage request, Boolean async, CancellationToken cancellationToken)
[xUnit.net 00:00:00.21]            at System.Net.Http.HttpClient.&lt;SendAsync&gt;g__Core|83_0(HttpRequestMessage request, HttpCompletionOption completionOption, CancellationTokenSource cts, Boolean disposeCts, CancellationTokenSource pendingRequestsCts, CancellationToken originalCancellationToken)
[xUnit.net 00:00:00.21]         /Users/charrcy/projects/WeedGo/microservices/ai-engine-service/tests/WeedGo.AIEngine.Tests/AIEngineTests/AIEngineTests/Helpers/AIEngineApiClient.cs(44,0): at AIEngineTests.Helpers.AIEngineApiClient.VerifyAgeAsync(AgeVerificationRequest request)
[xUnit.net 00:00:00.21]         /Users/charrcy/projects/WeedGo/microservices/ai-engine-service/tests/WeedGo.AIEngine.Tests/AIEngineTests/AIEngineTests/Tests/ConversationFlowTests.cs(173,0): at AIEngineTests.Tests.ConversationFlowTests.VerifyUser(String customerId)
[xUnit.net 00:00:00.21]         /Users/charrcy/projects/WeedGo/microservices/ai-engine-service/tests/WeedGo.AIEngine.Tests/AIEngineTests/AIEngineTests/Tests/ConversationFlowTests.cs(133,0): at AIEngineTests.Tests.ConversationFlowTests.Should_Remember_Customer_Context()
[xUnit.net 00:00:00.21]         --- End of stack trace from previous location ---
[xUnit.net 00:00:00.21]         ----- Inner Stack Trace -----
[xUnit.net 00:00:00.21]            at System.Net.Sockets.Socket.AwaitableSocketAsyncEventArgs.ThrowException(SocketError error, CancellationToken cancellationToken)
[xUnit.net 00:00:00.21]            at System.Net.Sockets.Socket.AwaitableSocketAsyncEventArgs.System.Threading.Tasks.Sources.IValueTaskSource.GetResult(Int16 token)
[xUnit.net 00:00:00.21]            at System.Net.Sockets.Socket.&lt;ConnectAsync&gt;g__WaitForConnectWithCancellation|285_0(AwaitableSocketAsyncEventArgs saea, ValueTask connectTask, CancellationToken cancellationToken)
[xUnit.net 00:00:00.21]            at System.Net.Http.HttpConnectionPool.ConnectToTcpHostAsync(String host, Int32 port, HttpRequestMessage initialRequest, Boolean async, CancellationToken cancellationToken)
[xUnit.net 00:00:00.21]       System.Net.Http.HttpRequestException : Connection refused (localhost:8080)
[xUnit.net 00:00:00.21]       ---- System.Net.Sockets.SocketException : Connection refused
[xUnit.net 00:00:00.21]       Stack Trace:
[xUnit.net 00:00:00.21]            at System.Net.Http.HttpConnectionPool.ConnectToTcpHostAsync(String host, Int32 port, HttpRequestMessage initialRequest, Boolean async, CancellationToken cancellationToken)
[xUnit.net 00:00:00.21]            at System.Net.Http.HttpConnectionPool.ConnectAsync(HttpRequestMessage request, Boolean async, CancellationToken cancellationToken)
[xUnit.net 00:00:00.21]            at System.Net.Http.HttpConnectionPool.CreateHttp11ConnectionAsync(HttpRequestMessage request, Boolean async, CancellationToken cancellationToken)
[xUnit.net 00:00:00.21]            at System.Net.Http.HttpConnectionPool.InjectNewHttp11ConnectionAsync(QueueItem queueItem)
[xUnit.net 00:00:00.21]            at System.Threading.Tasks.TaskCompletionSourceWithCancellation`1.WaitWithCancellationAsync(CancellationToken cancellationToken)
[xUnit.net 00:00:00.21]            at System.Net.Http.HttpConnectionPool.SendWithVersionDetectionAndRetryAsync(HttpRequestMessage request, Boolean async, Boolean doRequestAuth, CancellationToken cancellationToken)
[xUnit.net 00:00:00.21]            at System.Net.Http.RedirectHandler.SendAsync(HttpRequestMessage request, Boolean async, CancellationToken cancellationToken)
[xUnit.net 00:00:00.21]            at System.Net.Http.HttpClient.&lt;SendAsync&gt;g__Core|83_0(HttpRequestMessage request, HttpCompletionOption completionOption, CancellationTokenSource cts, Boolean disposeCts, CancellationTokenSource pendingRequestsCts, CancellationToken originalCancellationToken)
[xUnit.net 00:00:00.21]         /Users/charrcy/projects/WeedGo/microservices/ai-engine-service/tests/WeedGo.AIEngine.Tests/AIEngineTests/AIEngineTests/Helpers/AIEngineApiClient.cs(44,0): at AIEngineTests.Helpers.AIEngineApiClient.VerifyAgeAsync(AgeVerificationRequest request)
[xUnit.net 00:00:00.21]         /Users/charrcy/projects/WeedGo/microservices/ai-engine-service/tests/WeedGo.AIEngine.Tests/AIEngineTests/AIEngineTests/Tests/DirectProductRequestTests.cs(133,0): at AIEngineTests.Tests.DirectProductRequestTests.VerifyTestUser(String customerId)
[xUnit.net 00:00:00.21]         /Users/charrcy/projects/WeedGo/microservices/ai-engine-service/tests/WeedGo.AIEngine.Tests/AIEngineTests/AIEngineTests/Tests/DirectProductRequestTests.cs(109,0): at AIEngineTests.Tests.DirectProductRequestTests.Should_Handle_Multiple_Criteria()
[xUnit.net 00:00:00.21]         --- End of stack trace from previous location ---
[xUnit.net 00:00:00.21]         ----- Inner Stack Trace -----
[xUnit.net 00:00:00.21]            at System.Net.Sockets.Socket.AwaitableSocketAsyncEventArgs.ThrowException(SocketError error, CancellationToken cancellationToken)
[xUnit.net 00:00:00.21]            at System.Net.Sockets.Socket.AwaitableSocketAsyncEventArgs.System.Threading.Tasks.Sources.IValueTaskSource.GetResult(Int16 token)
[xUnit.net 00:00:00.21]            at System.Net.Sockets.Socket.&lt;ConnectAsync&gt;g__WaitForConnectWithCancellation|285_0(AwaitableSocketAsyncEventArgs saea, ValueTask connectTask, CancellationToken cancellationToken)
[xUnit.net 00:00:00.21]            at System.Net.Http.HttpConnectionPool.ConnectToTcpHostAsync(String host, Int32 port, HttpRequestMessage initialRequest, Boolean async, CancellationToken cancellationToken)
[xUnit.net 00:00:00.21]       System.Net.Http.HttpRequestException : Connection refused (localhost:8080)
[xUnit.net 00:00:00.21]       ---- System.Net.Sockets.SocketException : Connection refused
[xUnit.net 00:00:00.21]       Stack Trace:
[xUnit.net 00:00:00.21]            at System.Net.Http.HttpConnectionPool.ConnectToTcpHostAsync(String host, Int32 port, HttpRequestMessage initialRequest, Boolean async, CancellationToken cancellationToken)
[xUnit.net 00:00:00.21]            at System.Net.Http.HttpConnectionPool.ConnectAsync(HttpRequestMessage request, Boolean async, CancellationToken cancellationToken)
[xUnit.net 00:00:00.21]            at System.Net.Http.HttpConnectionPool.CreateHttp11ConnectionAsync(HttpRequestMessage request, Boolean async, CancellationToken cancellationToken)
[xUnit.net 00:00:00.21]            at System.Net.Http.HttpConnectionPool.InjectNewHttp11ConnectionAsync(QueueItem queueItem)
[xUnit.net 00:00:00.21]            at System.Threading.Tasks.TaskCompletionSourceWithCancellation`1.WaitWithCancellationAsync(CancellationToken cancellationToken)
[xUnit.net 00:00:00.21]            at System.Net.Http.HttpConnectionPool.SendWithVersionDetectionAndRetryAsync(HttpRequestMessage request, Boolean async, Boolean doRequestAuth, CancellationToken cancellationToken)
[xUnit.net 00:00:00.21]            at System.Net.Http.RedirectHandler.SendAsync(HttpRequestMessage request, Boolean async, CancellationToken cancellationToken)
[xUnit.net 00:00:00.21]            at System.Net.Http.HttpClient.&lt;SendAsync&gt;g__Core|83_0(HttpRequestMessage request, HttpCompletionOption completionOption, CancellationTokenSource cts, Boolean disposeCts, CancellationTokenSource pendingRequestsCts, CancellationToken originalCancellationToken)
[xUnit.net 00:00:00.21]         /Users/charrcy/projects/WeedGo/microservices/ai-engine-service/tests/WeedGo.AIEngine.Tests/AIEngineTests/AIEngineTests/Helpers/AIEngineApiClient.cs(44,0): at AIEngineTests.Helpers.AIEngineApiClient.VerifyAgeAsync(AgeVerificationRequest request)
[xUnit.net 00:00:00.21]         /Users/charrcy/projects/WeedGo/microservices/ai-engine-service/tests/WeedGo.AIEngine.Tests/AIEngineTests/AIEngineTests/Tests/ParsingTests.cs(185,0): at AIEngineTests.Tests.ParsingTests.VerifyUser(String customerId)
[xUnit.net 00:00:00.21]         /Users/charrcy/projects/WeedGo/microservices/ai-engine-service/tests/WeedGo.AIEngine.Tests/AIEngineTests/AIEngineTests/Tests/ParsingTests.cs(123,0): at AIEngineTests.Tests.ParsingTests.Should_Parse_Product_Types(String productType, String[] expectedKeywords)
[xUnit.net 00:00:00.21]         --- End of stack trace from previous location ---
[xUnit.net 00:00:00.21]         ----- Inner Stack Trace -----
[xUnit.net 00:00:00.21]            at System.Net.Sockets.Socket.AwaitableSocketAsyncEventArgs.ThrowException(SocketError error, CancellationToken cancellationToken)
[xUnit.net 00:00:00.21]            at System.Net.Sockets.Socket.AwaitableSocketAsyncEventArgs.System.Threading.Tasks.Sources.IValueTaskSource.GetResult(Int16 token)
[xUnit.net 00:00:00.21]            at System.Net.Sockets.Socket.&lt;ConnectAsync&gt;g__WaitForConnectWithCancellation|285_0(AwaitableSocketAsyncEventArgs saea, ValueTask connectTask, CancellationToken cancellationToken)
[xUnit.net 00:00:00.21]            at System.Net.Http.HttpConnectionPool.ConnectToTcpHostAsync(String host, Int32 port, HttpRequestMessage initialRequest, Boolean async, CancellationToken cancellationToken)
[xUnit.net 00:00:00.21]       System.Net.Http.HttpRequestException : Connection refused (localhost:8080)
[xUnit.net 00:00:00.21]       ---- System.Net.Sockets.SocketException : Connection refused
[xUnit.net 00:00:00.21]       Stack Trace:
[xUnit.net 00:00:00.21]            at System.Net.Http.HttpConnectionPool.ConnectToTcpHostAsync(String host, Int32 port, HttpRequestMessage initialRequest, Boolean async, CancellationToken cancellationToken)
[xUnit.net 00:00:00.21]            at System.Net.Http.HttpConnectionPool.ConnectAsync(HttpRequestMessage request, Boolean async, CancellationToken cancellationToken)
[xUnit.net 00:00:00.21]            at System.Net.Http.HttpConnectionPool.CreateHttp11ConnectionAsync(HttpRequestMessage request, Boolean async, CancellationToken cancellationToken)
[xUnit.net 00:00:00.21]            at System.Net.Http.HttpConnectionPool.InjectNewHttp11ConnectionAsync(QueueItem queueItem)
[xUnit.net 00:00:00.21]            at System.Threading.Tasks.TaskCompletionSourceWithCancellation`1.WaitWithCancellationAsync(CancellationToken cancellationToken)
[xUnit.net 00:00:00.21]            at System.Net.Http.HttpConnectionPool.SendWithVersionDetectionAndRetryAsync(HttpRequestMessage request, Boolean async, Boolean doRequestAuth, CancellationToken cancellationToken)
[xUnit.net 00:00:00.21]            at System.Net.Http.RedirectHandler.SendAsync(HttpRequestMessage request, Boolean async, CancellationToken cancellationToken)
[xUnit.net 00:00:00.21]            at System.Net.Http.HttpClient.&lt;SendAsync&gt;g__Core|83_0(HttpRequestMessage request, HttpCompletionOption completionOption, CancellationTokenSource cts, Boolean disposeCts, CancellationTokenSource pendingRequestsCts, CancellationToken originalCancellationToken)
[xUnit.net 00:00:00.21]         /Users/charrcy/projects/WeedGo/microservices/ai-engine-service/tests/WeedGo.AIEngine.Tests/AIEngineTests/AIEngineTests/Helpers/AIEngineApiClient.cs(44,0): at AIEngineTests.Helpers.AIEngineApiClient.VerifyAgeAsync(AgeVerificationRequest request)
[xUnit.net 00:00:00.21]         /Users/charrcy/projects/WeedGo/microservices/ai-engine-service/tests/WeedGo.AIEngine.Tests/AIEngineTests/AIEngineTests/Tests/ParsingTests.cs(185,0): at AIEngineTests.Tests.ParsingTests.VerifyUser(String customerId)
[xUnit.net 00:00:00.21]         /Users/charrcy/projects/WeedGo/microservices/ai-engine-service/tests/WeedGo.AIEngine.Tests/AIEngineTests/AIEngineTests/Tests/ParsingTests.cs(123,0): at AIEngineTests.Tests.ParsingTests.Should_Parse_Product_Types(String productType, String[] expectedKeywords)
[xUnit.net 00:00:00.21]         --- End of stack trace from previous location ---
[xUnit.net 00:00:00.21]         ----- Inner Stack Trace -----
[xUnit.net 00:00:00.21]            at System.Net.Sockets.Socket.AwaitableSocketAsyncEventArgs.ThrowException(SocketError error, CancellationToken cancellationToken)
[xUnit.net 00:00:00.21]            at System.Net.Sockets.Socket.AwaitableSocketAsyncEventArgs.System.Threading.Tasks.Sources.IValueTaskSource.GetResult(Int16 token)
[xUnit.net 00:00:00.21]            at System.Net.Sockets.Socket.&lt;ConnectAsync&gt;g__WaitForConnectWithCancellation|285_0(AwaitableSocketAsyncEventArgs saea, ValueTask connectTask, CancellationToken cancellationToken)
[xUnit.net 00:00:00.21]            at System.Net.Http.HttpConnectionPool.ConnectToTcpHostAsync(String host, Int32 port, HttpRequestMessage initialRequest, Boolean async, CancellationToken cancellationToken)
[xUnit.net 00:00:00.21]       System.Net.Http.HttpRequestException : Connection refused (localhost:8080)
[xUnit.net 00:00:00.21]       ---- System.Net.Sockets.SocketException : Connection refused
[xUnit.net 00:00:00.21]       Stack Trace:
[xUnit.net 00:00:00.21]            at System.Net.Http.HttpConnectionPool.ConnectToTcpHostAsync(String host, Int32 port, HttpRequestMessage initialRequest, Boolean async, CancellationToken cancellationToken)
[xUnit.net 00:00:00.21]            at System.Net.Http.HttpConnectionPool.ConnectAsync(HttpRequestMessage request, Boolean async, CancellationToken cancellationToken)
[xUnit.net 00:00:00.21]            at System.Net.Http.HttpConnectionPool.CreateHttp11ConnectionAsync(HttpRequestMessage request, Boolean async, CancellationToken cancellationToken)
[xUnit.net 00:00:00.21]            at System.Net.Http.HttpConnectionPool.InjectNewHttp11ConnectionAsync(QueueItem queueItem)
[xUnit.net 00:00:00.21]            at System.Threading.Tasks.TaskCompletionSourceWithCancellation`1.WaitWithCancellationAsync(CancellationToken cancellationToken)
[xUnit.net 00:00:00.21]            at System.Net.Http.HttpConnectionPool.SendWithVersionDetectionAndRetryAsync(HttpRequestMessage request, Boolean async, Boolean doRequestAuth, CancellationToken cancellationToken)
[xUnit.net 00:00:00.21]            at System.Net.Http.RedirectHandler.SendAsync(HttpRequestMessage request, Boolean async, CancellationToken cancellationToken)
[xUnit.net 00:00:00.21]            at System.Net.Http.HttpClient.&lt;SendAsync&gt;g__Core|83_0(HttpRequestMessage request, HttpCompletionOption completionOption, CancellationTokenSource cts, Boolean disposeCts, CancellationTokenSource pendingRequestsCts, CancellationToken originalCancellationToken)
[xUnit.net 00:00:00.21]         /Users/charrcy/projects/WeedGo/microservices/ai-engine-service/tests/WeedGo.AIEngine.Tests/AIEngineTests/AIEngineTests/Helpers/AIEngineApiClient.cs(44,0): at AIEngineTests.Helpers.AIEngineApiClient.VerifyAgeAsync(AgeVerificationRequest request)
[xUnit.net 00:00:00.21]         /Users/charrcy/projects/WeedGo/microservices/ai-engine-service/tests/WeedGo.AIEngine.Tests/AIEngineTests/AIEngineTests/Tests/ParsingTests.cs(185,0): at AIEngineTests.Tests.ParsingTests.VerifyUser(String customerId)
[xUnit.net 00:00:00.21]         /Users/charrcy/projects/WeedGo/microservices/ai-engine-service/tests/WeedGo.AIEngine.Tests/AIEngineTests/AIEngineTests/Tests/ParsingTests.cs(123,0): at AIEngineTests.Tests.ParsingTests.Should_Parse_Product_Types(String productType, String[] expectedKeywords)
[xUnit.net 00:00:00.21]         --- End of stack trace from previous location ---
[xUnit.net 00:00:00.21]         ----- Inner Stack Trace -----
[xUnit.net 00:00:00.21]            at System.Net.Sockets.Socket.AwaitableSocketAsyncEventArgs.ThrowException(SocketError error, CancellationToken cancellationToken)
[xUnit.net 00:00:00.21]            at System.Net.Sockets.Socket.AwaitableSocketAsyncEventArgs.System.Threading.Tasks.Sources.IValueTaskSource.GetResult(Int16 token)
[xUnit.net 00:00:00.21]            at System.Net.Sockets.Socket.&lt;ConnectAsync&gt;g__WaitForConnectWithCancellation|285_0(AwaitableSocketAsyncEventArgs saea, ValueTask connectTask, CancellationToken cancellationToken)
[xUnit.net 00:00:00.21]            at System.Net.Http.HttpConnectionPool.ConnectToTcpHostAsync(String host, Int32 port, HttpRequestMessage initialRequest, Boolean async, CancellationToken cancellationToken)
[xUnit.net 00:00:00.21]       System.Net.Http.HttpRequestException : Connection refused (localhost:8080)
[xUnit.net 00:00:00.21]       ---- System.Net.Sockets.SocketException : Connection refused
[xUnit.net 00:00:00.21]       Stack Trace:
[xUnit.net 00:00:00.21]            at System.Net.Http.HttpConnectionPool.ConnectToTcpHostAsync(String host, Int32 port, HttpRequestMessage initialRequest, Boolean async, CancellationToken cancellationToken)
[xUnit.net 00:00:00.21]            at System.Net.Http.HttpConnectionPool.ConnectAsync(HttpRequestMessage request, Boolean async, CancellationToken cancellationToken)
[xUnit.net 00:00:00.21]            at System.Net.Http.HttpConnectionPool.CreateHttp11ConnectionAsync(HttpRequestMessage request, Boolean async, CancellationToken cancellationToken)
[xUnit.net 00:00:00.21]            at System.Net.Http.HttpConnectionPool.InjectNewHttp11ConnectionAsync(QueueItem queueItem)
[xUnit.net 00:00:00.21]            at System.Threading.Tasks.TaskCompletionSourceWithCancellation`1.WaitWithCancellationAsync(CancellationToken cancellationToken)
[xUnit.net 00:00:00.21]            at System.Net.Http.HttpConnectionPool.SendWithVersionDetectionAndRetryAsync(HttpRequestMessage request, Boolean async, Boolean doRequestAuth, CancellationToken cancellationToken)
[xUnit.net 00:00:00.21]            at System.Net.Http.RedirectHandler.SendAsync(HttpRequestMessage request, Boolean async, CancellationToken cancellationToken)
[xUnit.net 00:00:00.21]            at System.Net.Http.HttpClient.&lt;SendAsync&gt;g__Core|83_0(HttpRequestMessage request, HttpCompletionOption completionOption, CancellationTokenSource cts, Boolean disposeCts, CancellationTokenSource pendingRequestsCts, CancellationToken originalCancellationToken)
[xUnit.net 00:00:00.21]         /Users/charrcy/projects/WeedGo/microservices/ai-engine-service/tests/WeedGo.AIEngine.Tests/AIEngineTests/AIEngineTests/Helpers/AIEngineApiClient.cs(44,0): at AIEngineTests.Helpers.AIEngineApiClient.VerifyAgeAsync(AgeVerificationRequest request)
[xUnit.net 00:00:00.21]         /Users/charrcy/projects/WeedGo/microservices/ai-engine-service/tests/WeedGo.AIEngine.Tests/AIEngineTests/AIEngineTests/Tests/ParsingTests.cs(185,0): at AIEngineTests.Tests.ParsingTests.VerifyUser(String customerId)
[xUnit.net 00:00:00.21]         /Users/charrcy/projects/WeedGo/microservices/ai-engine-service/tests/WeedGo.AIEngine.Tests/AIEngineTests/AIEngineTests/Tests/ParsingTests.cs(123,0): at AIEngineTests.Tests.ParsingTests.Should_Parse_Product_Types(String productType, String[] expectedKeywords)
[xUnit.net 00:00:00.21]         --- End of stack trace from previous location ---
[xUnit.net 00:00:00.21]         ----- Inner Stack Trace -----
[xUnit.net 00:00:00.21]            at System.Net.Sockets.Socket.AwaitableSocketAsyncEventArgs.ThrowException(SocketError error, CancellationToken cancellationToken)
[xUnit.net 00:00:00.21]            at System.Net.Sockets.Socket.AwaitableSocketAsyncEventArgs.System.Threading.Tasks.Sources.IValueTaskSource.GetResult(Int16 token)
[xUnit.net 00:00:00.21]            at System.Net.Sockets.Socket.&lt;ConnectAsync&gt;g__WaitForConnectWithCancellation|285_0(AwaitableSocketAsyncEventArgs saea, ValueTask connectTask, CancellationToken cancellationToken)
[xUnit.net 00:00:00.21]            at System.Net.Http.HttpConnectionPool.ConnectToTcpHostAsync(String host, Int32 port, HttpRequestMessage initialRequest, Boolean async, CancellationToken cancellationToken)
[xUnit.net 00:00:00.21]       System.Net.Http.HttpRequestException : Connection refused (localhost:8080)
[xUnit.net 00:00:00.21]       ---- System.Net.Sockets.SocketException : Connection refused
[xUnit.net 00:00:00.21]       Stack Trace:
[xUnit.net 00:00:00.21]            at System.Net.Http.HttpConnectionPool.ConnectToTcpHostAsync(String host, Int32 port, HttpRequestMessage initialRequest, Boolean async, CancellationToken cancellationToken)
[xUnit.net 00:00:00.21]            at System.Net.Http.HttpConnectionPool.ConnectAsync(HttpRequestMessage request, Boolean async, CancellationToken cancellationToken)
[xUnit.net 00:00:00.22]            at System.Net.Http.HttpConnectionPool.CreateHttp11ConnectionAsync(HttpRequestMessage request, Boolean async, CancellationToken cancellationToken)
[xUnit.net 00:00:00.22]            at System.Net.Http.HttpConnectionPool.InjectNewHttp11ConnectionAsync(QueueItem queueItem)
[xUnit.net 00:00:00.22]            at System.Threading.Tasks.TaskCompletionSourceWithCancellation`1.WaitWithCancellationAsync(CancellationToken cancellationToken)
[xUnit.net 00:00:00.22]            at System.Net.Http.HttpConnectionPool.SendWithVersionDetectionAndRetryAsync(HttpRequestMessage request, Boolean async, Boolean doRequestAuth, CancellationToken cancellationToken)
[xUnit.net 00:00:00.22]            at System.Net.Http.RedirectHandler.SendAsync(HttpRequestMessage request, Boolean async, CancellationToken cancellationToken)
[xUnit.net 00:00:00.22]            at System.Net.Http.HttpClient.&lt;SendAsync&gt;g__Core|83_0(HttpRequestMessage request, HttpCompletionOption completionOption, CancellationTokenSource cts, Boolean disposeCts, CancellationTokenSource pendingRequestsCts, CancellationToken originalCancellationToken)
[xUnit.net 00:00:00.22]         /Users/charrcy/projects/WeedGo/microservices/ai-engine-service/tests/WeedGo.AIEngine.Tests/AIEngineTests/AIEngineTests/Helpers/AIEngineApiClient.cs(44,0): at AIEngineTests.Helpers.AIEngineApiClient.VerifyAgeAsync(AgeVerificationRequest request)
[xUnit.net 00:00:00.22]         /Users/charrcy/projects/WeedGo/microservices/ai-engine-service/tests/WeedGo.AIEngine.Tests/AIEngineTests/AIEngineTests/Tests/ParsingTests.cs(185,0): at AIEngineTests.Tests.ParsingTests.VerifyUser(String customerId)
[xUnit.net 00:00:00.22]         /Users/charrcy/projects/WeedGo/microservices/ai-engine-service/tests/WeedGo.AIEngine.Tests/AIEngineTests/AIEngineTests/Tests/ParsingTests.cs(123,0): at AIEngineTests.Tests.ParsingTests.Should_Parse_Product_Types(String productType, String[] expectedKeywords)
[xUnit.net 00:00:00.22]         --- End of stack trace from previous location ---
[xUnit.net 00:00:00.22]         ----- Inner Stack Trace -----
[xUnit.net 00:00:00.22]            at System.Net.Sockets.Socket.AwaitableSocketAsyncEventArgs.ThrowException(SocketError error, CancellationToken cancellationToken)
[xUnit.net 00:00:00.22]            at System.Net.Sockets.Socket.AwaitableSocketAsyncEventArgs.System.Threading.Tasks.Sources.IValueTaskSource.GetResult(Int16 token)
[xUnit.net 00:00:00.22]            at System.Net.Sockets.Socket.&lt;ConnectAsync&gt;g__WaitForConnectWithCancellation|285_0(AwaitableSocketAsyncEventArgs saea, ValueTask connectTask, CancellationToken cancellationToken)
[xUnit.net 00:00:00.22]            at System.Net.Http.HttpConnectionPool.ConnectToTcpHostAsync(String host, Int32 port, HttpRequestMessage initialRequest, Boolean async, CancellationToken cancellationToken)
[xUnit.net 00:00:00.22]       System.Net.Http.HttpRequestException : Connection refused (localhost:8080)
[xUnit.net 00:00:00.22]       ---- System.Net.Sockets.SocketException : Connection refused
[xUnit.net 00:00:00.22]       Stack Trace:
[xUnit.net 00:00:00.22]            at System.Net.Http.HttpConnectionPool.ConnectToTcpHostAsync(String host, Int32 port, HttpRequestMessage initialRequest, Boolean async, CancellationToken cancellationToken)
[xUnit.net 00:00:00.22]            at System.Net.Http.HttpConnectionPool.ConnectAsync(HttpRequestMessage request, Boolean async, CancellationToken cancellationToken)
[xUnit.net 00:00:00.22]            at System.Net.Http.HttpConnectionPool.CreateHttp11ConnectionAsync(HttpRequestMessage request, Boolean async, CancellationToken cancellationToken)
[xUnit.net 00:00:00.22]            at System.Net.Http.HttpConnectionPool.InjectNewHttp11ConnectionAsync(QueueItem queueItem)
[xUnit.net 00:00:00.22]            at System.Threading.Tasks.TaskCompletionSourceWithCancellation`1.WaitWithCancellationAsync(CancellationToken cancellationToken)
[xUnit.net 00:00:00.22]            at System.Net.Http.HttpConnectionPool.SendWithVersionDetectionAndRetryAsync(HttpRequestMessage request, Boolean async, Boolean doRequestAuth, CancellationToken cancellationToken)
[xUnit.net 00:00:00.22]            at System.Net.Http.RedirectHandler.SendAsync(HttpRequestMessage request, Boolean async, CancellationToken cancellationToken)
[xUnit.net 00:00:00.22]            at System.Net.Http.HttpClient.&lt;SendAsync&gt;g__Core|83_0(HttpRequestMessage request, HttpCompletionOption completionOption, CancellationTokenSource cts, Boolean disposeCts, CancellationTokenSource pendingRequestsCts, CancellationToken originalCancellationToken)
[xUnit.net 00:00:00.22]         /Users/charrcy/projects/WeedGo/microservices/ai-engine-service/tests/WeedGo.AIEngine.Tests/AIEngineTests/AIEngineTests/Helpers/AIEngineApiClient.cs(44,0): at AIEngineTests.Helpers.AIEngineApiClient.VerifyAgeAsync(AgeVerificationRequest request)
[xUnit.net 00:00:00.22]         /Users/charrcy/projects/WeedGo/microservices/ai-engine-service/tests/WeedGo.AIEngine.Tests/AIEngineTests/AIEngineTests/Tests/ParsingTests.cs(185,0): at AIEngineTests.Tests.ParsingTests.VerifyUser(String customerId)
[xUnit.net 00:00:00.22]         /Users/charrcy/projects/WeedGo/microservices/ai-engine-service/tests/WeedGo.AIEngine.Tests/AIEngineTests/AIEngineTests/Tests/ParsingTests.cs(123,0): at AIEngineTests.Tests.ParsingTests.Should_Parse_Product_Types(String productType, String[] expectedKeywords)
[xUnit.net 00:00:00.22]         --- End of stack trace from previous location ---
[xUnit.net 00:00:00.22]         ----- Inner Stack Trace -----
[xUnit.net 00:00:00.22]            at System.Net.Sockets.Socket.AwaitableSocketAsyncEventArgs.ThrowException(SocketError error, CancellationToken cancellationToken)
[xUnit.net 00:00:00.22]            at System.Net.Sockets.Socket.AwaitableSocketAsyncEventArgs.System.Threading.Tasks.Sources.IValueTaskSource.GetResult(Int16 token)
[xUnit.net 00:00:00.22]            at System.Net.Sockets.Socket.&lt;ConnectAsync&gt;g__WaitForConnectWithCancellation|285_0(AwaitableSocketAsyncEventArgs saea, ValueTask connectTask, CancellationToken cancellationToken)
[xUnit.net 00:00:00.22]            at System.Net.Http.HttpConnectionPool.ConnectToTcpHostAsync(String host, Int32 port, HttpRequestMessage initialRequest, Boolean async, CancellationToken cancellationToken)
[xUnit.net 00:00:00.22]       System.Net.Http.HttpRequestException : Connection refused (localhost:8080)
[xUnit.net 00:00:00.22]       ---- System.Net.Sockets.SocketException : Connection refused
[xUnit.net 00:00:00.22]       Stack Trace:
[xUnit.net 00:00:00.22]            at System.Net.Http.HttpConnectionPool.ConnectToTcpHostAsync(String host, Int32 port, HttpRequestMessage initialRequest, Boolean async, CancellationToken cancellationToken)
[xUnit.net 00:00:00.22]            at System.Net.Http.HttpConnectionPool.ConnectAsync(HttpRequestMessage request, Boolean async, CancellationToken cancellationToken)
[xUnit.net 00:00:00.22]            at System.Net.Http.HttpConnectionPool.CreateHttp11ConnectionAsync(HttpRequestMessage request, Boolean async, CancellationToken cancellationToken)
[xUnit.net 00:00:00.22]            at System.Net.Http.HttpConnectionPool.InjectNewHttp11ConnectionAsync(QueueItem queueItem)
[xUnit.net 00:00:00.22]            at System.Threading.Tasks.TaskCompletionSourceWithCancellation`1.WaitWithCancellationAsync(CancellationToken cancellationToken)
[xUnit.net 00:00:00.22]            at System.Net.Http.HttpConnectionPool.SendWithVersionDetectionAndRetryAsync(HttpRequestMessage request, Boolean async, Boolean doRequestAuth, CancellationToken cancellationToken)
[xUnit.net 00:00:00.22]            at System.Net.Http.RedirectHandler.SendAsync(HttpRequestMessage request, Boolean async, CancellationToken cancellationToken)
[xUnit.net 00:00:00.22]            at System.Net.Http.HttpClient.&lt;SendAsync&gt;g__Core|83_0(HttpRequestMessage request, HttpCompletionOption completionOption, CancellationTokenSource cts, Boolean disposeCts, CancellationTokenSource pendingRequestsCts, CancellationToken originalCancellationToken)
[xUnit.net 00:00:00.22]         /Users/charrcy/projects/WeedGo/microservices/ai-engine-service/tests/WeedGo.AIEngine.Tests/AIEngineTests/AIEngineTests/Helpers/AIEngineApiClient.cs(44,0): at AIEngineTests.Helpers.AIEngineApiClient.VerifyAgeAsync(AgeVerificationRequest request)
[xUnit.net 00:00:00.22]         /Users/charrcy/projects/WeedGo/microservices/ai-engine-service/tests/WeedGo.AIEngine.Tests/AIEngineTests/AIEngineTests/Tests/ParsingTests.cs(185,0): at AIEngineTests.Tests.ParsingTests.VerifyUser(String customerId)
[xUnit.net 00:00:00.22]         /Users/charrcy/projects/WeedGo/microservices/ai-engine-service/tests/WeedGo.AIEngine.Tests/AIEngineTests/AIEngineTests/Tests/ParsingTests.cs(90,0): at AIEngineTests.Tests.ParsingTests.Should_Parse_Strain_Types(String strainPhrase, String expectedStrain)
[xUnit.net 00:00:00.22]         --- End of stack trace from previous location ---
[xUnit.net 00:00:00.22]         ----- Inner Stack Trace -----
[xUnit.net 00:00:00.22]            at System.Net.Sockets.Socket.AwaitableSocketAsyncEventArgs.ThrowException(SocketError error, CancellationToken cancellationToken)
[xUnit.net 00:00:00.22]            at System.Net.Sockets.Socket.AwaitableSocketAsyncEventArgs.System.Threading.Tasks.Sources.IValueTaskSource.GetResult(Int16 token)
[xUnit.net 00:00:00.22]            at System.Net.Sockets.Socket.&lt;ConnectAsync&gt;g__WaitForConnectWithCancellation|285_0(AwaitableSocketAsyncEventArgs saea, ValueTask connectTask, CancellationToken cancellationToken)
[xUnit.net 00:00:00.22]            at System.Net.Http.HttpConnectionPool.ConnectToTcpHostAsync(String host, Int32 port, HttpRequestMessage initialRequest, Boolean async, CancellationToken cancellationToken)
[xUnit.net 00:00:00.22]       System.Net.Http.HttpRequestException : Connection refused (localhost:8080)
[xUnit.net 00:00:00.22]       ---- System.Net.Sockets.SocketException : Connection refused
[xUnit.net 00:00:00.22]       Stack Trace:
[xUnit.net 00:00:00.22]            at System.Net.Http.HttpConnectionPool.ConnectToTcpHostAsync(String host, Int32 port, HttpRequestMessage initialRequest, Boolean async, CancellationToken cancellationToken)
[xUnit.net 00:00:00.22]            at System.Net.Http.HttpConnectionPool.ConnectAsync(HttpRequestMessage request, Boolean async, CancellationToken cancellationToken)
[xUnit.net 00:00:00.22]            at System.Net.Http.HttpConnectionPool.CreateHttp11ConnectionAsync(HttpRequestMessage request, Boolean async, CancellationToken cancellationToken)
[xUnit.net 00:00:00.22]            at System.Net.Http.HttpConnectionPool.InjectNewHttp11ConnectionAsync(QueueItem queueItem)
[xUnit.net 00:00:00.22]            at System.Threading.Tasks.TaskCompletionSourceWithCancellation`1.WaitWithCancellationAsync(CancellationToken cancellationToken)
[xUnit.net 00:00:00.22]            at System.Net.Http.HttpConnectionPool.SendWithVersionDetectionAndRetryAsync(HttpRequestMessage request, Boolean async, Boolean doRequestAuth, CancellationToken cancellationToken)
[xUnit.net 00:00:00.22]            at System.Net.Http.RedirectHandler.SendAsync(HttpRequestMessage request, Boolean async, CancellationToken cancellationToken)
[xUnit.net 00:00:00.22]            at System.Net.Http.HttpClient.&lt;SendAsync&gt;g__Core|83_0(HttpRequestMessage request, HttpCompletionOption completionOption, CancellationTokenSource cts, Boolean disposeCts, CancellationTokenSource pendingRequestsCts, CancellationToken originalCancellationToken)
[xUnit.net 00:00:00.22]         /Users/charrcy/projects/WeedGo/microservices/ai-engine-service/tests/WeedGo.AIEngine.Tests/AIEngineTests/AIEngineTests/Helpers/AIEngineApiClient.cs(44,0): at AIEngineTests.Helpers.AIEngineApiClient.VerifyAgeAsync(AgeVerificationRequest request)
[xUnit.net 00:00:00.22]         /Users/charrcy/projects/WeedGo/microservices/ai-engine-service/tests/WeedGo.AIEngine.Tests/AIEngineTests/AIEngineTests/Tests/ParsingTests.cs(185,0): at AIEngineTests.Tests.ParsingTests.VerifyUser(String customerId)
[xUnit.net 00:00:00.22]         /Users/charrcy/projects/WeedGo/microservices/ai-engine-service/tests/WeedGo.AIEngine.Tests/AIEngineTests/AIEngineTests/Tests/ParsingTests.cs(90,0): at AIEngineTests.Tests.ParsingTests.Should_Parse_Strain_Types(String strainPhrase, String expectedStrain)
[xUnit.net 00:00:00.22]         --- End of stack trace from previous location ---
[xUnit.net 00:00:00.22]         ----- Inner Stack Trace -----
[xUnit.net 00:00:00.22]            at System.Net.Sockets.Socket.AwaitableSocketAsyncEventArgs.ThrowException(SocketError error, CancellationToken cancellationToken)
[xUnit.net 00:00:00.22]            at System.Net.Sockets.Socket.AwaitableSocketAsyncEventArgs.System.Threading.Tasks.Sources.IValueTaskSource.GetResult(Int16 token)
[xUnit.net 00:00:00.22]            at System.Net.Sockets.Socket.&lt;ConnectAsync&gt;g__WaitForConnectWithCancellation|285_0(AwaitableSocketAsyncEventArgs saea, ValueTask connectTask, CancellationToken cancellationToken)
[xUnit.net 00:00:00.22]            at System.Net.Http.HttpConnectionPool.ConnectToTcpHostAsync(String host, Int32 port, HttpRequestMessage initialRequest, Boolean async, CancellationToken cancellationToken)
[xUnit.net 00:00:00.22]       System.Net.Http.HttpRequestException : Connection refused (localhost:8080)
[xUnit.net 00:00:00.22]       ---- System.Net.Sockets.SocketException : Connection refused
[xUnit.net 00:00:00.22]       Stack Trace:
[xUnit.net 00:00:00.22]            at System.Net.Http.HttpConnectionPool.ConnectToTcpHostAsync(String host, Int32 port, HttpRequestMessage initialRequest, Boolean async, CancellationToken cancellationToken)
[xUnit.net 00:00:00.22]            at System.Net.Http.HttpConnectionPool.ConnectAsync(HttpRequestMessage request, Boolean async, CancellationToken cancellationToken)
[xUnit.net 00:00:00.22]            at System.Net.Http.HttpConnectionPool.CreateHttp11ConnectionAsync(HttpRequestMessage request, Boolean async, CancellationToken cancellationToken)
[xUnit.net 00:00:00.22]            at System.Net.Http.HttpConnectionPool.InjectNewHttp11ConnectionAsync(QueueItem queueItem)
[xUnit.net 00:00:00.22]            at System.Threading.Tasks.TaskCompletionSourceWithCancellation`1.WaitWithCancellationAsync(CancellationToken cancellationToken)
[xUnit.net 00:00:00.22]            at System.Net.Http.HttpConnectionPool.SendWithVersionDetectionAndRetryAsync(HttpRequestMessage request, Boolean async, Boolean doRequestAuth, CancellationToken cancellationToken)
[xUnit.net 00:00:00.22]            at System.Net.Http.RedirectHandler.SendAsync(HttpRequestMessage request, Boolean async, CancellationToken cancellationToken)
[xUnit.net 00:00:00.22]            at System.Net.Http.HttpClient.&lt;SendAsync&gt;g__Core|83_0(HttpRequestMessage request, HttpCompletionOption completionOption, CancellationTokenSource cts, Boolean disposeCts, CancellationTokenSource pendingRequestsCts, CancellationToken originalCancellationToken)
[xUnit.net 00:00:00.22]         /Users/charrcy/projects/WeedGo/microservices/ai-engine-service/tests/WeedGo.AIEngine.Tests/AIEngineTests/AIEngineTests/Helpers/AIEngineApiClient.cs(44,0): at AIEngineTests.Helpers.AIEngineApiClient.VerifyAgeAsync(AgeVerificationRequest request)
[xUnit.net 00:00:00.22]         /Users/charrcy/projects/WeedGo/microservices/ai-engine-service/tests/WeedGo.AIEngine.Tests/AIEngineTests/AIEngineTests/Tests/ParsingTests.cs(185,0): at AIEngineTests.Tests.ParsingTests.VerifyUser(String customerId)
[xUnit.net 00:00:00.22]         /Users/charrcy/projects/WeedGo/microservices/ai-engine-service/tests/WeedGo.AIEngine.Tests/AIEngineTests/AIEngineTests/Tests/ParsingTests.cs(90,0): at AIEngineTests.Tests.ParsingTests.Should_Parse_Strain_Types(String strainPhrase, String expectedStrain)
[xUnit.net 00:00:00.22]         --- End of stack trace from previous location ---
[xUnit.net 00:00:00.22]         ----- Inner Stack Trace -----
[xUnit.net 00:00:00.22]            at System.Net.Sockets.Socket.AwaitableSocketAsyncEventArgs.ThrowException(SocketError error, CancellationToken cancellationToken)
[xUnit.net 00:00:00.22]            at System.Net.Sockets.Socket.AwaitableSocketAsyncEventArgs.System.Threading.Tasks.Sources.IValueTaskSource.GetResult(Int16 token)
[xUnit.net 00:00:00.22]            at System.Net.Sockets.Socket.&lt;ConnectAsync&gt;g__WaitForConnectWithCancellation|285_0(AwaitableSocketAsyncEventArgs saea, ValueTask connectTask, CancellationToken cancellationToken)
[xUnit.net 00:00:00.22]            at System.Net.Http.HttpConnectionPool.ConnectToTcpHostAsync(String host, Int32 port, HttpRequestMessage initialRequest, Boolean async, CancellationToken cancellationToken)
[xUnit.net 00:00:00.22]       System.Net.Http.HttpRequestException : Connection refused (localhost:8080)
[xUnit.net 00:00:00.22]       ---- System.Net.Sockets.SocketException : Connection refused
[xUnit.net 00:00:00.22]       Stack Trace:
[xUnit.net 00:00:00.22]            at System.Net.Http.HttpConnectionPool.ConnectToTcpHostAsync(String host, Int32 port, HttpRequestMessage initialRequest, Boolean async, CancellationToken cancellationToken)
[xUnit.net 00:00:00.22]            at System.Net.Http.HttpConnectionPool.ConnectAsync(HttpRequestMessage request, Boolean async, CancellationToken cancellationToken)
[xUnit.net 00:00:00.22]            at System.Net.Http.HttpConnectionPool.CreateHttp11ConnectionAsync(HttpRequestMessage request, Boolean async, CancellationToken cancellationToken)
[xUnit.net 00:00:00.22]            at System.Net.Http.HttpConnectionPool.InjectNewHttp11ConnectionAsync(QueueItem queueItem)
[xUnit.net 00:00:00.22]            at System.Threading.Tasks.TaskCompletionSourceWithCancellation`1.WaitWithCancellationAsync(CancellationToken cancellationToken)
[xUnit.net 00:00:00.22]            at System.Net.Http.HttpConnectionPool.SendWithVersionDetectionAndRetryAsync(HttpRequestMessage request, Boolean async, Boolean doRequestAuth, CancellationToken cancellationToken)
[xUnit.net 00:00:00.22]            at System.Net.Http.RedirectHandler.SendAsync(HttpRequestMessage request, Boolean async, CancellationToken cancellationToken)
[xUnit.net 00:00:00.22]            at System.Net.Http.HttpClient.&lt;SendAsync&gt;g__Core|83_0(HttpRequestMessage request, HttpCompletionOption completionOption, CancellationTokenSource cts, Boolean disposeCts, CancellationTokenSource pendingRequestsCts, CancellationToken originalCancellationToken)
[xUnit.net 00:00:00.22]         /Users/charrcy/projects/WeedGo/microservices/ai-engine-service/tests/WeedGo.AIEngine.Tests/AIEngineTests/AIEngineTests/Helpers/AIEngineApiClient.cs(44,0): at AIEngineTests.Helpers.AIEngineApiClient.VerifyAgeAsync(AgeVerificationRequest request)
[xUnit.net 00:00:00.22]         /Users/charrcy/projects/WeedGo/microservices/ai-engine-service/tests/WeedGo.AIEngine.Tests/AIEngineTests/AIEngineTests/Tests/ParsingTests.cs(185,0): at AIEngineTests.Tests.ParsingTests.VerifyUser(String customerId)
[xUnit.net 00:00:00.22]         /Users/charrcy/projects/WeedGo/microservices/ai-engine-service/tests/WeedGo.AIEngine.Tests/AIEngineTests/AIEngineTests/Tests/ParsingTests.cs(90,0): at AIEngineTests.Tests.ParsingTests.Should_Parse_Strain_Types(String strainPhrase, String expectedStrain)
[xUnit.net 00:00:00.22]         --- End of stack trace from previous location ---
[xUnit.net 00:00:00.22]         ----- Inner Stack Trace -----
[xUnit.net 00:00:00.22]            at System.Net.Sockets.Socket.AwaitableSocketAsyncEventArgs.ThrowException(SocketError error, CancellationToken cancellationToken)
[xUnit.net 00:00:00.22]            at System.Net.Sockets.Socket.AwaitableSocketAsyncEventArgs.System.Threading.Tasks.Sources.IValueTaskSource.GetResult(Int16 token)
[xUnit.net 00:00:00.22]            at System.Net.Sockets.Socket.&lt;ConnectAsync&gt;g__WaitForConnectWithCancellation|285_0(AwaitableSocketAsyncEventArgs saea, ValueTask connectTask, CancellationToken cancellationToken)
[xUnit.net 00:00:00.22]            at System.Net.Http.HttpConnectionPool.ConnectToTcpHostAsync(String host, Int32 port, HttpRequestMessage initialRequest, Boolean async, CancellationToken cancellationToken)
[xUnit.net 00:00:00.22]       System.Net.Http.HttpRequestException : Connection refused (localhost:8080)
[xUnit.net 00:00:00.22]       ---- System.Net.Sockets.SocketException : Connection refused
[xUnit.net 00:00:00.22]       Stack Trace:
[xUnit.net 00:00:00.22]            at System.Net.Http.HttpConnectionPool.ConnectToTcpHostAsync(String host, Int32 port, HttpRequestMessage initialRequest, Boolean async, CancellationToken cancellationToken)
[xUnit.net 00:00:00.22]            at System.Net.Http.HttpConnectionPool.ConnectAsync(HttpRequestMessage request, Boolean async, CancellationToken cancellationToken)
[xUnit.net 00:00:00.22]            at System.Net.Http.HttpConnectionPool.CreateHttp11ConnectionAsync(HttpRequestMessage request, Boolean async, CancellationToken cancellationToken)
[xUnit.net 00:00:00.22]            at System.Net.Http.HttpConnectionPool.InjectNewHttp11ConnectionAsync(QueueItem queueItem)
[xUnit.net 00:00:00.22]            at System.Threading.Tasks.TaskCompletionSourceWithCancellation`1.WaitWithCancellationAsync(CancellationToken cancellationToken)
[xUnit.net 00:00:00.22]            at System.Net.Http.HttpConnectionPool.SendWithVersionDetectionAndRetryAsync(HttpRequestMessage request, Boolean async, Boolean doRequestAuth, CancellationToken cancellationToken)
[xUnit.net 00:00:00.22]            at System.Net.Http.RedirectHandler.SendAsync(HttpRequestMessage request, Boolean async, CancellationToken cancellationToken)
[xUnit.net 00:00:00.22]            at System.Net.Http.HttpClient.&lt;SendAsync&gt;g__Core|83_0(HttpRequestMessage request, HttpCompletionOption completionOption, CancellationTokenSource cts, Boolean disposeCts, CancellationTokenSource pendingRequestsCts, CancellationToken originalCancellationToken)
[xUnit.net 00:00:00.22]         /Users/charrcy/projects/WeedGo/microservices/ai-engine-service/tests/WeedGo.AIEngine.Tests/AIEngineTests/AIEngineTests/Helpers/AIEngineApiClient.cs(44,0): at AIEngineTests.Helpers.AIEngineApiClient.VerifyAgeAsync(AgeVerificationRequest request)
[xUnit.net 00:00:00.22]         /Users/charrcy/projects/WeedGo/microservices/ai-engine-service/tests/WeedGo.AIEngine.Tests/AIEngineTests/AIEngineTests/Tests/ParsingTests.cs(185,0): at AIEngineTests.Tests.ParsingTests.VerifyUser(String customerId)
[xUnit.net 00:00:00.22]         /Users/charrcy/projects/WeedGo/microservices/ai-engine-service/tests/WeedGo.AIEngine.Tests/AIEngineTests/AIEngineTests/Tests/ParsingTests.cs(90,0): at AIEngineTests.Tests.ParsingTests.Should_Parse_Strain_Types(String strainPhrase, String expectedStrain)
[xUnit.net 00:00:00.22]         --- End of stack trace from previous location ---
[xUnit.net 00:00:00.22]         ----- Inner Stack Trace -----
[xUnit.net 00:00:00.22]            at System.Net.Sockets.Socket.AwaitableSocketAsyncEventArgs.ThrowException(SocketError error, CancellationToken cancellationToken)
[xUnit.net 00:00:00.22]            at System.Net.Sockets.Socket.AwaitableSocketAsyncEventArgs.System.Threading.Tasks.Sources.IValueTaskSource.GetResult(Int16 token)
[xUnit.net 00:00:00.22]            at System.Net.Sockets.Socket.&lt;ConnectAsync&gt;g__WaitForConnectWithCancellation|285_0(AwaitableSocketAsyncEventArgs saea, ValueTask connectTask, CancellationToken cancellationToken)
[xUnit.net 00:00:00.22]            at System.Net.Http.HttpConnectionPool.ConnectToTcpHostAsync(String host, Int32 port, HttpRequestMessage initialRequest, Boolean async, CancellationToken cancellationToken)
[xUnit.net 00:00:00.22]       System.Net.Http.HttpRequestException : Connection refused (localhost:8080)
[xUnit.net 00:00:00.22]       ---- System.Net.Sockets.SocketException : Connection refused
[xUnit.net 00:00:00.22]       Stack Trace:
[xUnit.net 00:00:00.22]            at System.Net.Http.HttpConnectionPool.ConnectToTcpHostAsync(String host, Int32 port, HttpRequestMessage initialRequest, Boolean async, CancellationToken cancellationToken)
[xUnit.net 00:00:00.22]            at System.Net.Http.HttpConnectionPool.ConnectAsync(HttpRequestMessage request, Boolean async, CancellationToken cancellationToken)
[xUnit.net 00:00:00.22]            at System.Net.Http.HttpConnectionPool.CreateHttp11ConnectionAsync(HttpRequestMessage request, Boolean async, CancellationToken cancellationToken)
[xUnit.net 00:00:00.22]            at System.Net.Http.HttpConnectionPool.InjectNewHttp11ConnectionAsync(QueueItem queueItem)
[xUnit.net 00:00:00.22]            at System.Threading.Tasks.TaskCompletionSourceWithCancellation`1.WaitWithCancellationAsync(CancellationToken cancellationToken)
[xUnit.net 00:00:00.22]            at System.Net.Http.HttpConnectionPool.SendWithVersionDetectionAndRetryAsync(HttpRequestMessage request, Boolean async, Boolean doRequestAuth, CancellationToken cancellationToken)
[xUnit.net 00:00:00.22]            at System.Net.Http.RedirectHandler.SendAsync(HttpRequestMessage request, Boolean async, CancellationToken cancellationToken)
[xUnit.net 00:00:00.22]            at System.Net.Http.HttpClient.&lt;SendAsync&gt;g__Core|83_0(HttpRequestMessage request, HttpCompletionOption completionOption, CancellationTokenSource cts, Boolean disposeCts, CancellationTokenSource pendingRequestsCts, CancellationToken originalCancellationToken)
[xUnit.net 00:00:00.22]         /Users/charrcy/projects/WeedGo/microservices/ai-engine-service/tests/WeedGo.AIEngine.Tests/AIEngineTests/AIEngineTests/Helpers/AIEngineApiClient.cs(44,0): at AIEngineTests.Helpers.AIEngineApiClient.VerifyAgeAsync(AgeVerificationRequest request)
[xUnit.net 00:00:00.22]         /Users/charrcy/projects/WeedGo/microservices/ai-engine-service/tests/WeedGo.AIEngine.Tests/AIEngineTests/AIEngineTests/Tests/ParsingTests.cs(185,0): at AIEngineTests.Tests.ParsingTests.VerifyUser(String customerId)
[xUnit.net 00:00:00.22]         /Users/charrcy/projects/WeedGo/microservices/ai-engine-service/tests/WeedGo.AIEngine.Tests/AIEngineTests/AIEngineTests/Tests/ParsingTests.cs(27,0): at AIEngineTests.Tests.ParsingTests.Should_Parse_Single_Budget_Values(String budgetPhrase, Decimal expectedMax)
[xUnit.net 00:00:00.22]         --- End of stack trace from previous location ---
[xUnit.net 00:00:00.22]         ----- Inner Stack Trace -----
[xUnit.net 00:00:00.22]            at System.Net.Sockets.Socket.AwaitableSocketAsyncEventArgs.ThrowException(SocketError error, CancellationToken cancellationToken)
[xUnit.net 00:00:00.22]            at System.Net.Sockets.Socket.AwaitableSocketAsyncEventArgs.System.Threading.Tasks.Sources.IValueTaskSource.GetResult(Int16 token)
[xUnit.net 00:00:00.22]            at System.Net.Sockets.Socket.&lt;ConnectAsync&gt;g__WaitForConnectWithCancellation|285_0(AwaitableSocketAsyncEventArgs saea, ValueTask connectTask, CancellationToken cancellationToken)
[xUnit.net 00:00:00.22]            at System.Net.Http.HttpConnectionPool.ConnectToTcpHostAsync(String host, Int32 port, HttpRequestMessage initialRequest, Boolean async, CancellationToken cancellationToken)
[xUnit.net 00:00:00.22]       System.Net.Http.HttpRequestException : Connection refused (localhost:8080)
[xUnit.net 00:00:00.22]       ---- System.Net.Sockets.SocketException : Connection refused
[xUnit.net 00:00:00.22]       Stack Trace:
[xUnit.net 00:00:00.22]            at System.Net.Http.HttpConnectionPool.ConnectToTcpHostAsync(String host, Int32 port, HttpRequestMessage initialRequest, Boolean async, CancellationToken cancellationToken)
[xUnit.net 00:00:00.22]            at System.Net.Http.HttpConnectionPool.ConnectAsync(HttpRequestMessage request, Boolean async, CancellationToken cancellationToken)
[xUnit.net 00:00:00.22]            at System.Net.Http.HttpConnectionPool.CreateHttp11ConnectionAsync(HttpRequestMessage request, Boolean async, CancellationToken cancellationToken)
[xUnit.net 00:00:00.22]            at System.Net.Http.HttpConnectionPool.InjectNewHttp11ConnectionAsync(QueueItem queueItem)
[xUnit.net 00:00:00.22]            at System.Threading.Tasks.TaskCompletionSourceWithCancellation`1.WaitWithCancellationAsync(CancellationToken cancellationToken)
[xUnit.net 00:00:00.22]            at System.Net.Http.HttpConnectionPool.SendWithVersionDetectionAndRetryAsync(HttpRequestMessage request, Boolean async, Boolean doRequestAuth, CancellationToken cancellationToken)
[xUnit.net 00:00:00.22]            at System.Net.Http.RedirectHandler.SendAsync(HttpRequestMessage request, Boolean async, CancellationToken cancellationToken)
[xUnit.net 00:00:00.22]            at System.Net.Http.HttpClient.&lt;SendAsync&gt;g__Core|83_0(HttpRequestMessage request, HttpCompletionOption completionOption, CancellationTokenSource cts, Boolean disposeCts, CancellationTokenSource pendingRequestsCts, CancellationToken originalCancellationToken)
[xUnit.net 00:00:00.22]         /Users/charrcy/projects/WeedGo/microservices/ai-engine-service/tests/WeedGo.AIEngine.Tests/AIEngineTests/AIEngineTests/Helpers/AIEngineApiClient.cs(44,0): at AIEngineTests.Helpers.AIEngineApiClient.VerifyAgeAsync(AgeVerificationRequest request)
[xUnit.net 00:00:00.22]         /Users/charrcy/projects/WeedGo/microservices/ai-engine-service/tests/WeedGo.AIEngine.Tests/AIEngineTests/AIEngineTests/Tests/ParsingTests.cs(185,0): at AIEngineTests.Tests.ParsingTests.VerifyUser(String customerId)
[xUnit.net 00:00:00.22]         /Users/charrcy/projects/WeedGo/microservices/ai-engine-service/tests/WeedGo.AIEngine.Tests/AIEngineTests/AIEngineTests/Tests/ParsingTests.cs(27,0): at AIEngineTests.Tests.ParsingTests.Should_Parse_Single_Budget_Values(String budgetPhrase, Decimal expectedMax)
[xUnit.net 00:00:00.22]         --- End of stack trace from previous location ---
[xUnit.net 00:00:00.22]         ----- Inner Stack Trace -----
[xUnit.net 00:00:00.22]            at System.Net.Sockets.Socket.AwaitableSocketAsyncEventArgs.ThrowException(SocketError error, CancellationToken cancellationToken)
[xUnit.net 00:00:00.22]            at System.Net.Sockets.Socket.AwaitableSocketAsyncEventArgs.System.Threading.Tasks.Sources.IValueTaskSource.GetResult(Int16 token)
[xUnit.net 00:00:00.22]            at System.Net.Sockets.Socket.&lt;ConnectAsync&gt;g__WaitForConnectWithCancellation|285_0(AwaitableSocketAsyncEventArgs saea, ValueTask connectTask, CancellationToken cancellationToken)
[xUnit.net 00:00:00.22]            at System.Net.Http.HttpConnectionPool.ConnectToTcpHostAsync(String host, Int32 port, HttpRequestMessage initialRequest, Boolean async, CancellationToken cancellationToken)
[xUnit.net 00:00:00.22]       System.Net.Http.HttpRequestException : Connection refused (localhost:8080)
[xUnit.net 00:00:00.22]       ---- System.Net.Sockets.SocketException : Connection refused
[xUnit.net 00:00:00.22]       Stack Trace:
[xUnit.net 00:00:00.22]            at System.Net.Http.HttpConnectionPool.ConnectToTcpHostAsync(String host, Int32 port, HttpRequestMessage initialRequest, Boolean async, CancellationToken cancellationToken)
[xUnit.net 00:00:00.22]            at System.Net.Http.HttpConnectionPool.ConnectAsync(HttpRequestMessage request, Boolean async, CancellationToken cancellationToken)
[xUnit.net 00:00:00.22]            at System.Net.Http.HttpConnectionPool.CreateHttp11ConnectionAsync(HttpRequestMessage request, Boolean async, CancellationToken cancellationToken)
[xUnit.net 00:00:00.22]            at System.Net.Http.HttpConnectionPool.InjectNewHttp11ConnectionAsync(QueueItem queueItem)
[xUnit.net 00:00:00.22]            at System.Threading.Tasks.TaskCompletionSourceWithCancellation`1.WaitWithCancellationAsync(CancellationToken cancellationToken)
[xUnit.net 00:00:00.22]            at System.Net.Http.HttpConnectionPool.SendWithVersionDetectionAndRetryAsync(HttpRequestMessage request, Boolean async, Boolean doRequestAuth, CancellationToken cancellationToken)
[xUnit.net 00:00:00.22]            at System.Net.Http.RedirectHandler.SendAsync(HttpRequestMessage request, Boolean async, CancellationToken cancellationToken)
[xUnit.net 00:00:00.22]            at System.Net.Http.HttpClient.&lt;SendAsync&gt;g__Core|83_0(HttpRequestMessage request, HttpCompletionOption completionOption, CancellationTokenSource cts, Boolean disposeCts, CancellationTokenSource pendingRequestsCts, CancellationToken originalCancellationToken)
[xUnit.net 00:00:00.22]         /Users/charrcy/projects/WeedGo/microservices/ai-engine-service/tests/WeedGo.AIEngine.Tests/AIEngineTests/AIEngineTests/Helpers/AIEngineApiClient.cs(44,0): at AIEngineTests.Helpers.AIEngineApiClient.VerifyAgeAsync(AgeVerificationRequest request)
[xUnit.net 00:00:00.22]         /Users/charrcy/projects/WeedGo/microservices/ai-engine-service/tests/WeedGo.AIEngine.Tests/AIEngineTests/AIEngineTests/Tests/ParsingTests.cs(185,0): at AIEngineTests.Tests.ParsingTests.VerifyUser(String customerId)
[xUnit.net 00:00:00.22]         /Users/charrcy/projects/WeedGo/microservices/ai-engine-service/tests/WeedGo.AIEngine.Tests/AIEngineTests/AIEngineTests/Tests/ParsingTests.cs(27,0): at AIEngineTests.Tests.ParsingTests.Should_Parse_Single_Budget_Values(String budgetPhrase, Decimal expectedMax)
[xUnit.net 00:00:00.22]         --- End of stack trace from previous location ---
[xUnit.net 00:00:00.22]         ----- Inner Stack Trace -----
[xUnit.net 00:00:00.22]            at System.Net.Sockets.Socket.AwaitableSocketAsyncEventArgs.ThrowException(SocketError error, CancellationToken cancellationToken)
[xUnit.net 00:00:00.22]            at System.Net.Sockets.Socket.AwaitableSocketAsyncEventArgs.System.Threading.Tasks.Sources.IValueTaskSource.GetResult(Int16 token)
[xUnit.net 00:00:00.22]            at System.Net.Sockets.Socket.&lt;ConnectAsync&gt;g__WaitForConnectWithCancellation|285_0(AwaitableSocketAsyncEventArgs saea, ValueTask connectTask, CancellationToken cancellationToken)
[xUnit.net 00:00:00.22]            at System.Net.Http.HttpConnectionPool.ConnectToTcpHostAsync(String host, Int32 port, HttpRequestMessage initialRequest, Boolean async, CancellationToken cancellationToken)
[xUnit.net 00:00:00.22]       System.Net.Http.HttpRequestException : Connection refused (localhost:8080)
[xUnit.net 00:00:00.22]       ---- System.Net.Sockets.SocketException : Connection refused
[xUnit.net 00:00:00.22]       Stack Trace:
[xUnit.net 00:00:00.22]            at System.Net.Http.HttpConnectionPool.ConnectToTcpHostAsync(String host, Int32 port, HttpRequestMessage initialRequest, Boolean async, CancellationToken cancellationToken)
[xUnit.net 00:00:00.22]            at System.Net.Http.HttpConnectionPool.ConnectAsync(HttpRequestMessage request, Boolean async, CancellationToken cancellationToken)
[xUnit.net 00:00:00.22]            at System.Net.Http.HttpConnectionPool.CreateHttp11ConnectionAsync(HttpRequestMessage request, Boolean async, CancellationToken cancellationToken)
[xUnit.net 00:00:00.22]            at System.Net.Http.HttpConnectionPool.InjectNewHttp11ConnectionAsync(QueueItem queueItem)
[xUnit.net 00:00:00.22]            at System.Threading.Tasks.TaskCompletionSourceWithCancellation`1.WaitWithCancellationAsync(CancellationToken cancellationToken)
[xUnit.net 00:00:00.22]            at System.Net.Http.HttpConnectionPool.SendWithVersionDetectionAndRetryAsync(HttpRequestMessage request, Boolean async, Boolean doRequestAuth, CancellationToken cancellationToken)
[xUnit.net 00:00:00.22]            at System.Net.Http.RedirectHandler.SendAsync(HttpRequestMessage request, Boolean async, CancellationToken cancellationToken)
[xUnit.net 00:00:00.22]            at System.Net.Http.HttpClient.&lt;SendAsync&gt;g__Core|83_0(HttpRequestMessage request, HttpCompletionOption completionOption, CancellationTokenSource cts, Boolean disposeCts, CancellationTokenSource pendingRequestsCts, CancellationToken originalCancellationToken)
[xUnit.net 00:00:00.22]         /Users/charrcy/projects/WeedGo/microservices/ai-engine-service/tests/WeedGo.AIEngine.Tests/AIEngineTests/AIEngineTests/Helpers/AIEngineApiClient.cs(44,0): at AIEngineTests.Helpers.AIEngineApiClient.VerifyAgeAsync(AgeVerificationRequest request)
[xUnit.net 00:00:00.22]         /Users/charrcy/projects/WeedGo/microservices/ai-engine-service/tests/WeedGo.AIEngine.Tests/AIEngineTests/AIEngineTests/Tests/ParsingTests.cs(185,0): at AIEngineTests.Tests.ParsingTests.VerifyUser(String customerId)
[xUnit.net 00:00:00.22]         /Users/charrcy/projects/WeedGo/microservices/ai-engine-service/tests/WeedGo.AIEngine.Tests/AIEngineTests/AIEngineTests/Tests/ParsingTests.cs(27,0): at AIEngineTests.Tests.ParsingTests.Should_Parse_Single_Budget_Values(String budgetPhrase, Decimal expectedMax)
[xUnit.net 00:00:00.22]         --- End of stack trace from previous location ---
[xUnit.net 00:00:00.22]         ----- Inner Stack Trace -----
[xUnit.net 00:00:00.22]            at System.Net.Sockets.Socket.AwaitableSocketAsyncEventArgs.ThrowException(SocketError error, CancellationToken cancellationToken)
[xUnit.net 00:00:00.22]            at System.Net.Sockets.Socket.AwaitableSocketAsyncEventArgs.System.Threading.Tasks.Sources.IValueTaskSource.GetResult(Int16 token)
[xUnit.net 00:00:00.22]            at System.Net.Sockets.Socket.&lt;ConnectAsync&gt;g__WaitForConnectWithCancellation|285_0(AwaitableSocketAsyncEventArgs saea, ValueTask connectTask, CancellationToken cancellationToken)
[xUnit.net 00:00:00.22]            at System.Net.Http.HttpConnectionPool.ConnectToTcpHostAsync(String host, Int32 port, HttpRequestMessage initialRequest, Boolean async, CancellationToken cancellationToken)
[xUnit.net 00:00:00.22]       System.Net.Http.HttpRequestException : Connection refused (localhost:8080)
[xUnit.net 00:00:00.22]       ---- System.Net.Sockets.SocketException : Connection refused
[xUnit.net 00:00:00.22]       Stack Trace:
[xUnit.net 00:00:00.22]            at System.Net.Http.HttpConnectionPool.ConnectToTcpHostAsync(String host, Int32 port, HttpRequestMessage initialRequest, Boolean async, CancellationToken cancellationToken)
[xUnit.net 00:00:00.22]            at System.Net.Http.HttpConnectionPool.ConnectAsync(HttpRequestMessage request, Boolean async, CancellationToken cancellationToken)
[xUnit.net 00:00:00.22]            at System.Net.Http.HttpConnectionPool.CreateHttp11ConnectionAsync(HttpRequestMessage request, Boolean async, CancellationToken cancellationToken)
[xUnit.net 00:00:00.22]            at System.Net.Http.HttpConnectionPool.InjectNewHttp11ConnectionAsync(QueueItem queueItem)
[xUnit.net 00:00:00.22]            at System.Threading.Tasks.TaskCompletionSourceWithCancellation`1.WaitWithCancellationAsync(CancellationToken cancellationToken)
[xUnit.net 00:00:00.22]            at System.Net.Http.HttpConnectionPool.SendWithVersionDetectionAndRetryAsync(HttpRequestMessage request, Boolean async, Boolean doRequestAuth, CancellationToken cancellationToken)
[xUnit.net 00:00:00.22]            at System.Net.Http.RedirectHandler.SendAsync(HttpRequestMessage request, Boolean async, CancellationToken cancellationToken)
[xUnit.net 00:00:00.22]            at System.Net.Http.HttpClient.&lt;SendAsync&gt;g__Core|83_0(HttpRequestMessage request, HttpCompletionOption completionOption, CancellationTokenSource cts, Boolean disposeCts, CancellationTokenSource pendingRequestsCts, CancellationToken originalCancellationToken)
[xUnit.net 00:00:00.22]         /Users/charrcy/projects/WeedGo/microservices/ai-engine-service/tests/WeedGo.AIEngine.Tests/AIEngineTests/AIEngineTests/Helpers/AIEngineApiClient.cs(44,0): at AIEngineTests.Helpers.AIEngineApiClient.VerifyAgeAsync(AgeVerificationRequest request)
[xUnit.net 00:00:00.22]         /Users/charrcy/projects/WeedGo/microservices/ai-engine-service/tests/WeedGo.AIEngine.Tests/AIEngineTests/AIEngineTests/Tests/ParsingTests.cs(185,0): at AIEngineTests.Tests.ParsingTests.VerifyUser(String customerId)
[xUnit.net 00:00:00.22]         /Users/charrcy/projects/WeedGo/microservices/ai-engine-service/tests/WeedGo.AIEngine.Tests/AIEngineTests/AIEngineTests/Tests/ParsingTests.cs(27,0): at AIEngineTests.Tests.ParsingTests.Should_Parse_Single_Budget_Values(String budgetPhrase, Decimal expectedMax)
[xUnit.net 00:00:00.22]         --- End of stack trace from previous location ---
[xUnit.net 00:00:00.22]         ----- Inner Stack Trace -----
[xUnit.net 00:00:00.22]            at System.Net.Sockets.Socket.AwaitableSocketAsyncEventArgs.ThrowException(SocketError error, CancellationToken cancellationToken)
[xUnit.net 00:00:00.22]            at System.Net.Sockets.Socket.AwaitableSocketAsyncEventArgs.System.Threading.Tasks.Sources.IValueTaskSource.GetResult(Int16 token)
[xUnit.net 00:00:00.22]            at System.Net.Sockets.Socket.&lt;ConnectAsync&gt;g__WaitForConnectWithCancellation|285_0(AwaitableSocketAsyncEventArgs saea, ValueTask connectTask, CancellationToken cancellationToken)
[xUnit.net 00:00:00.22]            at System.Net.Http.HttpConnectionPool.ConnectToTcpHostAsync(String host, Int32 port, HttpRequestMessage initialRequest, Boolean async, CancellationToken cancellationToken)
[xUnit.net 00:00:00.23]       System.Net.Http.HttpRequestException : Connection refused (localhost:8080)
[xUnit.net 00:00:00.23]       ---- System.Net.Sockets.SocketException : Connection refused
[xUnit.net 00:00:00.23]       Stack Trace:
[xUnit.net 00:00:00.23]            at System.Net.Http.HttpConnectionPool.ConnectToTcpHostAsync(String host, Int32 port, HttpRequestMessage initialRequest, Boolean async, CancellationToken cancellationToken)
[xUnit.net 00:00:00.23]            at System.Net.Http.HttpConnectionPool.ConnectAsync(HttpRequestMessage request, Boolean async, CancellationToken cancellationToken)
[xUnit.net 00:00:00.23]            at System.Net.Http.HttpConnectionPool.CreateHttp11ConnectionAsync(HttpRequestMessage request, Boolean async, CancellationToken cancellationToken)
[xUnit.net 00:00:00.23]            at System.Net.Http.HttpConnectionPool.InjectNewHttp11ConnectionAsync(QueueItem queueItem)
[xUnit.net 00:00:00.23]            at System.Threading.Tasks.TaskCompletionSourceWithCancellation`1.WaitWithCancellationAsync(CancellationToken cancellationToken)
[xUnit.net 00:00:00.23]            at System.Net.Http.HttpConnectionPool.SendWithVersionDetectionAndRetryAsync(HttpRequestMessage request, Boolean async, Boolean doRequestAuth, CancellationToken cancellationToken)
[xUnit.net 00:00:00.23]            at System.Net.Http.RedirectHandler.SendAsync(HttpRequestMessage request, Boolean async, CancellationToken cancellationToken)
[xUnit.net 00:00:00.23]            at System.Net.Http.HttpClient.&lt;SendAsync&gt;g__Core|83_0(HttpRequestMessage request, HttpCompletionOption completionOption, CancellationTokenSource cts, Boolean disposeCts, CancellationTokenSource pendingRequestsCts, CancellationToken originalCancellationToken)
[xUnit.net 00:00:00.23]         /Users/charrcy/projects/WeedGo/microservices/ai-engine-service/tests/WeedGo.AIEngine.Tests/AIEngineTests/AIEngineTests/Helpers/AIEngineApiClient.cs(44,0): at AIEngineTests.Helpers.AIEngineApiClient.VerifyAgeAsync(AgeVerificationRequest request)
[xUnit.net 00:00:00.23]         /Users/charrcy/projects/WeedGo/microservices/ai-engine-service/tests/WeedGo.AIEngine.Tests/AIEngineTests/AIEngineTests/Tests/ParsingTests.cs(185,0): at AIEngineTests.Tests.ParsingTests.VerifyUser(String customerId)
[xUnit.net 00:00:00.23]         /Users/charrcy/projects/WeedGo/microservices/ai-engine-service/tests/WeedGo.AIEngine.Tests/AIEngineTests/AIEngineTests/Tests/ParsingTests.cs(151,0): at AIEngineTests.Tests.ParsingTests.Should_Parse_Complex_Requests()
[xUnit.net 00:00:00.23]         --- End of stack trace from previous location ---
[xUnit.net 00:00:00.23]         ----- Inner Stack Trace -----
[xUnit.net 00:00:00.23]            at System.Net.Sockets.Socket.AwaitableSocketAsyncEventArgs.ThrowException(SocketError error, CancellationToken cancellationToken)
[xUnit.net 00:00:00.23]            at System.Net.Sockets.Socket.AwaitableSocketAsyncEventArgs.System.Threading.Tasks.Sources.IValueTaskSource.GetResult(Int16 token)
[xUnit.net 00:00:00.23]            at System.Net.Sockets.Socket.&lt;ConnectAsync&gt;g__WaitForConnectWithCancellation|285_0(AwaitableSocketAsyncEventArgs saea, ValueTask connectTask, CancellationToken cancellationToken)
[xUnit.net 00:00:00.23]            at System.Net.Http.HttpConnectionPool.ConnectToTcpHostAsync(String host, Int32 port, HttpRequestMessage initialRequest, Boolean async, CancellationToken cancellationToken)
[xUnit.net 00:00:00.23]   Finished:    AIEngineTests
</StdOut>
    </Output>
    <RunInfos>
      <RunInfo computerName="Charless-MacBook-Pro" outcome="Error" timestamp="2025-08-23T00:26:36.0924140-04:00">
        <Text>[xUnit.net 00:00:00.19]     AIEngineTests.Tests.AgeVerificationTests.Should_Persist_Verification_Across_Sessions [FAIL]</Text>
      </RunInfo>
      <RunInfo computerName="Charless-MacBook-Pro" outcome="Error" timestamp="2025-08-23T00:26:36.0930140-04:00">
        <Text>[xUnit.net 00:00:00.19]     AIEngineTests.Tests.ConversationFlowTests.Should_Not_Get_Stuck_In_Qualification_Loop [FAIL]</Text>
      </RunInfo>
      <RunInfo computerName="Charless-MacBook-Pro" outcome="Error" timestamp="2025-08-23T00:26:36.0933720-04:00">
        <Text>[xUnit.net 00:00:00.19]     AIEngineTests.Tests.DirectProductRequestTests.Should_Recognize_Joint_As_Flower_Product [FAIL]</Text>
      </RunInfo>
      <RunInfo computerName="Charless-MacBook-Pro" outcome="Error" timestamp="2025-08-23T00:26:36.0937440-04:00">
        <Text>[xUnit.net 00:00:00.19]     AIEngineTests.Tests.ParsingTests.Should_Parse_Budget_Ranges(budgetPhrase: "$25 - $50", expectedMin: 25, expectedMax: 50) [FAIL]</Text>
      </RunInfo>
      <RunInfo computerName="Charless-MacBook-Pro" outcome="Error" timestamp="2025-08-23T00:26:36.0940610-04:00">
        <Text>[xUnit.net 00:00:00.19]     AIEngineTests.Tests.AgeVerificationTests.Should_Allow_Guest_Users_Limited_Access [FAIL]</Text>
      </RunInfo>
      <RunInfo computerName="Charless-MacBook-Pro" outcome="Error" timestamp="2025-08-23T00:26:36.1289870-04:00">
        <Text>[xUnit.net 00:00:00.20]     AIEngineTests.Tests.ConversationFlowTests.Should_Progress_Through_Stages_Naturally [FAIL]</Text>
      </RunInfo>
      <RunInfo computerName="Charless-MacBook-Pro" outcome="Error" timestamp="2025-08-23T00:26:36.1290230-04:00">
        <Text>[xUnit.net 00:00:00.21]     AIEngineTests.Tests.ParsingTests.Should_Parse_Budget_Ranges(budgetPhrase: "$10 to $20", expectedMin: 10, expectedMax: 20) [FAIL]</Text>
      </RunInfo>
      <RunInfo computerName="Charless-MacBook-Pro" outcome="Error" timestamp="2025-08-23T00:26:36.1290450-04:00">
        <Text>[xUnit.net 00:00:00.21]     AIEngineTests.Tests.DirectProductRequestTests.Should_Return_Products_For_Direct_Sativa_Joint_Request [FAIL]</Text>
      </RunInfo>
      <RunInfo computerName="Charless-MacBook-Pro" outcome="Error" timestamp="2025-08-23T00:26:36.1290650-04:00">
        <Text>[xUnit.net 00:00:00.21]     AIEngineTests.Tests.AgeVerificationTests.Should_Allow_Verified_Users_To_See_Products [FAIL]</Text>
      </RunInfo>
      <RunInfo computerName="Charless-MacBook-Pro" outcome="Error" timestamp="2025-08-23T00:26:36.1290970-04:00">
        <Text>[xUnit.net 00:00:00.21]     AIEngineTests.Tests.ParsingTests.Should_Parse_Budget_Ranges(budgetPhrase: "between 15 and 30", expectedMin: 15, expectedMax: 30) [FAIL]</Text>
      </RunInfo>
      <RunInfo computerName="Charless-MacBook-Pro" outcome="Error" timestamp="2025-08-23T00:26:36.1291420-04:00">
        <Text>[xUnit.net 00:00:00.21]     AIEngineTests.Tests.ConversationFlowTests.Should_Skip_To_Recommendation_For_Direct_Requests [FAIL]</Text>
      </RunInfo>
      <RunInfo computerName="Charless-MacBook-Pro" outcome="Error" timestamp="2025-08-23T00:26:36.1291650-04:00">
        <Text>[xUnit.net 00:00:00.21]     AIEngineTests.Tests.DirectProductRequestTests.Should_Parse_Budget_Under_Pattern [FAIL]</Text>
      </RunInfo>
      <RunInfo computerName="Charless-MacBook-Pro" outcome="Error" timestamp="2025-08-23T00:26:36.1321910-04:00">
        <Text>[xUnit.net 00:00:00.21]     AIEngineTests.Tests.ParsingTests.Should_Parse_Budget_Ranges(budgetPhrase: "20-40 dollars", expectedMin: 20, expectedMax: 40) [FAIL]</Text>
      </RunInfo>
      <RunInfo computerName="Charless-MacBook-Pro" outcome="Error" timestamp="2025-08-23T00:26:36.1322270-04:00">
        <Text>[xUnit.net 00:00:00.21]     AIEngineTests.Tests.ConversationFlowTests.Should_Remember_Customer_Context [FAIL]</Text>
      </RunInfo>
      <RunInfo computerName="Charless-MacBook-Pro" outcome="Error" timestamp="2025-08-23T00:26:36.1322510-04:00">
        <Text>[xUnit.net 00:00:00.21]     AIEngineTests.Tests.DirectProductRequestTests.Should_Handle_Multiple_Criteria [FAIL]</Text>
      </RunInfo>
      <RunInfo computerName="Charless-MacBook-Pro" outcome="Error" timestamp="2025-08-23T00:26:36.1322760-04:00">
        <Text>[xUnit.net 00:00:00.21]     AIEngineTests.Tests.ParsingTests.Should_Parse_Product_Types(productType: "joint", expectedKeywords: ["joint", "pre-roll"]) [FAIL]</Text>
      </RunInfo>
      <RunInfo computerName="Charless-MacBook-Pro" outcome="Error" timestamp="2025-08-23T00:26:36.1322980-04:00">
        <Text>[xUnit.net 00:00:00.21]     AIEngineTests.Tests.ParsingTests.Should_Parse_Product_Types(productType: "edible", expectedKeywords: ["edible", "gummy", "chocolate"]) [FAIL]</Text>
      </RunInfo>
      <RunInfo computerName="Charless-MacBook-Pro" outcome="Error" timestamp="2025-08-23T00:26:36.1323210-04:00">
        <Text>[xUnit.net 00:00:00.21]     AIEngineTests.Tests.ParsingTests.Should_Parse_Product_Types(productType: "joints", expectedKeywords: ["joint", "pre-roll"]) [FAIL]</Text>
      </RunInfo>
      <RunInfo computerName="Charless-MacBook-Pro" outcome="Error" timestamp="2025-08-23T00:26:36.1323460-04:00">
        <Text>[xUnit.net 00:00:00.21]     AIEngineTests.Tests.ParsingTests.Should_Parse_Product_Types(productType: "vape", expectedKeywords: ["vape", "cartridge"]) [FAIL]</Text>
      </RunInfo>
      <RunInfo computerName="Charless-MacBook-Pro" outcome="Error" timestamp="2025-08-23T00:26:36.1323700-04:00">
        <Text>[xUnit.net 00:00:00.21]     AIEngineTests.Tests.ParsingTests.Should_Parse_Product_Types(productType: "flower", expectedKeywords: ["flower", "bud"]) [FAIL]</Text>
      </RunInfo>
      <RunInfo computerName="Charless-MacBook-Pro" outcome="Error" timestamp="2025-08-23T00:26:36.1323920-04:00">
        <Text>[xUnit.net 00:00:00.22]     AIEngineTests.Tests.ParsingTests.Should_Parse_Product_Types(productType: "pre-roll", expectedKeywords: ["pre-roll", "joint"]) [FAIL]</Text>
      </RunInfo>
      <RunInfo computerName="Charless-MacBook-Pro" outcome="Error" timestamp="2025-08-23T00:26:36.1324990-04:00">
        <Text>[xUnit.net 00:00:00.22]     AIEngineTests.Tests.ParsingTests.Should_Parse_Strain_Types(strainPhrase: "sativa", expectedStrain: "sativa") [FAIL]</Text>
      </RunInfo>
      <RunInfo computerName="Charless-MacBook-Pro" outcome="Error" timestamp="2025-08-23T00:26:36.1325210-04:00">
        <Text>[xUnit.net 00:00:00.22]     AIEngineTests.Tests.ParsingTests.Should_Parse_Strain_Types(strainPhrase: "indica heavy", expectedStrain: "indica") [FAIL]</Text>
      </RunInfo>
      <RunInfo computerName="Charless-MacBook-Pro" outcome="Error" timestamp="2025-08-23T00:26:36.1325410-04:00">
        <Text>[xUnit.net 00:00:00.22]     AIEngineTests.Tests.ParsingTests.Should_Parse_Strain_Types(strainPhrase: "sativa dominant", expectedStrain: "sativa") [FAIL]</Text>
      </RunInfo>
      <RunInfo computerName="Charless-MacBook-Pro" outcome="Error" timestamp="2025-08-23T00:26:36.1325620-04:00">
        <Text>[xUnit.net 00:00:00.22]     AIEngineTests.Tests.ParsingTests.Should_Parse_Strain_Types(strainPhrase: "indica", expectedStrain: "indica") [FAIL]</Text>
      </RunInfo>
      <RunInfo computerName="Charless-MacBook-Pro" outcome="Error" timestamp="2025-08-23T00:26:36.1325810-04:00">
        <Text>[xUnit.net 00:00:00.22]     AIEngineTests.Tests.ParsingTests.Should_Parse_Strain_Types(strainPhrase: "hybrid", expectedStrain: "hybrid") [FAIL]</Text>
      </RunInfo>
      <RunInfo computerName="Charless-MacBook-Pro" outcome="Error" timestamp="2025-08-23T00:26:36.1326010-04:00">
        <Text>[xUnit.net 00:00:00.22]     AIEngineTests.Tests.ParsingTests.Should_Parse_Single_Budget_Values(budgetPhrase: "under $15", expectedMax: 15) [FAIL]</Text>
      </RunInfo>
      <RunInfo computerName="Charless-MacBook-Pro" outcome="Error" timestamp="2025-08-23T00:26:36.1326210-04:00">
        <Text>[xUnit.net 00:00:00.22]     AIEngineTests.Tests.ParsingTests.Should_Parse_Single_Budget_Values(budgetPhrase: "under 10$", expectedMax: 10) [FAIL]</Text>
      </RunInfo>
      <RunInfo computerName="Charless-MacBook-Pro" outcome="Error" timestamp="2025-08-23T00:26:36.1326410-04:00">
        <Text>[xUnit.net 00:00:00.22]     AIEngineTests.Tests.ParsingTests.Should_Parse_Single_Budget_Values(budgetPhrase: "cheaper than $25", expectedMax: 25) [FAIL]</Text>
      </RunInfo>
      <RunInfo computerName="Charless-MacBook-Pro" outcome="Error" timestamp="2025-08-23T00:26:36.1326660-04:00">
        <Text>[xUnit.net 00:00:00.22]     AIEngineTests.Tests.ParsingTests.Should_Parse_Single_Budget_Values(budgetPhrase: "less than 20 dollars", expectedMax: 20) [FAIL]</Text>
      </RunInfo>
      <RunInfo computerName="Charless-MacBook-Pro" outcome="Error" timestamp="2025-08-23T00:26:36.1327690-04:00">
        <Text>[xUnit.net 00:00:00.22]     AIEngineTests.Tests.ParsingTests.Should_Parse_Single_Budget_Values(budgetPhrase: "products under 30", expectedMax: 30) [FAIL]</Text>
      </RunInfo>
      <RunInfo computerName="Charless-MacBook-Pro" outcome="Error" timestamp="2025-08-23T00:26:36.1327910-04:00">
        <Text>[xUnit.net 00:00:00.23]     AIEngineTests.Tests.ParsingTests.Should_Parse_Complex_Requests [FAIL]</Text>
      </RunInfo>
    </RunInfos>
  </ResultSummary>
</TestRun>